<?xml version="1.0" encoding="UTF-8"?>
<testsuite name="examples.cart.CartRunner" tests="1" skipped="0" failures="0" errors="0" timestamp="2026-02-20T22:20:10" hostname="DESKTOP-J479698" time="13.347">
  <properties/>
  <testcase name="testParallel()" classname="examples.cart.CartRunner" time="13.347"/>
  <system-out><![CDATA[17:20:12.120 [Test worker] DEBUG com.intuit.karate.Suite -- [config] classpath:karate-config.js
17:20:12.131 [Test worker] INFO com.intuit.karate.Suite -- backed up existing 'build\karate-reports' dir to: build\karate-reports_1771626012126
17:20:13.475 [Test worker] DEBUG com.jayway.jsonpath.internal.path.CompiledPath -- Evaluating path: $
17:20:13.505 [Test worker] DEBUG io.netty.util.internal.logging.InternalLoggerFactory -- Using SLF4J as the default logging framework
17:20:13.506 [Test worker] DEBUG io.netty.util.internal.PlatformDependent0 -- -Dio.netty.noUnsafe: false
17:20:13.506 [Test worker] DEBUG io.netty.util.internal.PlatformDependent0 -- Java version: 17
17:20:13.509 [Test worker] DEBUG io.netty.util.internal.PlatformDependent0 -- sun.misc.Unsafe.theUnsafe: available
17:20:13.509 [Test worker] DEBUG io.netty.util.internal.PlatformDependent0 -- sun.misc.Unsafe.copyMemory: available
17:20:13.509 [Test worker] DEBUG io.netty.util.internal.PlatformDependent0 -- sun.misc.Unsafe.storeFence: available
17:20:13.510 [Test worker] DEBUG io.netty.util.internal.PlatformDependent0 -- java.nio.Buffer.address: available
17:20:13.511 [Test worker] DEBUG io.netty.util.internal.PlatformDependent0 -- direct buffer constructor: unavailable: Reflective setAccessible(true) disabled
17:20:13.512 [Test worker] DEBUG io.netty.util.internal.PlatformDependent0 -- java.nio.Bits.unaligned: available, true
17:20:13.514 [Test worker] DEBUG io.netty.util.internal.PlatformDependent0 -- jdk.internal.misc.Unsafe.allocateUninitializedArray(int): unavailable: class io.netty.util.internal.PlatformDependent0$7 cannot access class jdk.internal.misc.Unsafe (in module java.base) because module java.base does not export jdk.internal.misc to unnamed module @1e04fa0a
17:20:13.517 [Test worker] DEBUG io.netty.util.internal.PlatformDependent0 -- java.nio.DirectByteBuffer.<init>(long, {int,long}): unavailable
17:20:13.517 [Test worker] DEBUG io.netty.util.internal.PlatformDependent -- sun.misc.Unsafe: available
17:20:13.531 [Test worker] DEBUG io.netty.util.internal.PlatformDependent -- maxDirectMemory: 536870912 bytes (maybe)
17:20:13.532 [Test worker] DEBUG io.netty.util.internal.PlatformDependent -- -Dio.netty.tmpdir: C:\Users\Daniel\AppData\Local\Temp (java.io.tmpdir)
17:20:13.532 [Test worker] DEBUG io.netty.util.internal.PlatformDependent -- -Dio.netty.bitMode: 64 (sun.arch.data.model)
17:20:13.532 [Test worker] DEBUG io.netty.util.internal.PlatformDependent -- Platform: Windows
17:20:13.533 [Test worker] DEBUG io.netty.util.internal.PlatformDependent -- -Dio.netty.maxDirectMemory: -1 bytes
17:20:13.534 [Test worker] DEBUG io.netty.util.internal.PlatformDependent -- -Dio.netty.uninitializedArrayAllocationThreshold: -1
17:20:13.535 [Test worker] DEBUG io.netty.util.internal.CleanerJava9 -- java.nio.ByteBuffer.cleaner(): available
17:20:13.535 [Test worker] DEBUG io.netty.util.internal.PlatformDependent -- -Dio.netty.noPreferDirect: false
17:20:13.776 [Test worker] DEBUG org.apache.http.client.protocol.RequestAddCookies -- CookieSpec selected: karate
17:20:13.795 [Test worker] DEBUG org.apache.http.client.protocol.RequestAuthCache -- Auth cache not set in the context
17:20:13.798 [Test worker] DEBUG com.intuit.karate -- request:
1 > POST https://api.demoblaze.com/addtocart
1 > Content-Type: application/json; charset=UTF-8
1 > Content-Length: 104
1 > Host: api.demoblaze.com
1 > Connection: Keep-Alive
1 > User-Agent: Apache-HttpClient/4.5.14 (Java/17.0.2)
1 > Accept-Encoding: gzip,deflate
{"id":"d3c2531c-c411-499c-bfe6-ae2f3cece431","cookie":"user=user_1771626013420","prod_id":1,"flag":true}

17:20:13.802 [Test worker] DEBUG org.apache.http.impl.conn.PoolingHttpClientConnectionManager -- Connection request: [route: {s}->https://api.demoblaze.com:443][total available: 0; route allocated: 0 of 5; total allocated: 0 of 10]
17:20:13.824 [Test worker] DEBUG org.apache.http.impl.conn.PoolingHttpClientConnectionManager -- Connection leased: [id: 0][route: {s}->https://api.demoblaze.com:443][total available: 0; route allocated: 1 of 5; total allocated: 1 of 10]
17:20:13.827 [Test worker] DEBUG org.apache.http.impl.execchain.MainClientExec -- Opening connection {s}->https://api.demoblaze.com:443
17:20:13.841 [Test worker] DEBUG org.apache.http.impl.conn.DefaultHttpClientConnectionOperator -- Connecting to api.demoblaze.com/172.217.162.147:443
17:20:13.841 [Test worker] DEBUG org.apache.http.conn.ssl.SSLConnectionSocketFactory -- Connecting socket to api.demoblaze.com/172.217.162.147:443 with timeout 5000
17:20:13.915 [Test worker] DEBUG org.apache.http.conn.ssl.SSLConnectionSocketFactory -- Enabled protocols: [TLSv1.3, TLSv1.2]
17:20:13.916 [Test worker] DEBUG org.apache.http.conn.ssl.SSLConnectionSocketFactory -- Enabled cipher suites:[TLS_AES_256_GCM_SHA384, TLS_AES_128_GCM_SHA256, TLS_CHACHA20_POLY1305_SHA256, TLS_ECDHE_ECDSA_WITH_AES_256_GCM_SHA384, TLS_ECDHE_ECDSA_WITH_AES_128_GCM_SHA256, TLS_ECDHE_ECDSA_WITH_CHACHA20_POLY1305_SHA256, TLS_ECDHE_RSA_WITH_AES_256_GCM_SHA384, TLS_ECDHE_RSA_WITH_CHACHA20_POLY1305_SHA256, TLS_ECDHE_RSA_WITH_AES_128_GCM_SHA256, TLS_DHE_RSA_WITH_AES_256_GCM_SHA384, TLS_DHE_RSA_WITH_CHACHA20_POLY1305_SHA256, TLS_DHE_DSS_WITH_AES_256_GCM_SHA384, TLS_DHE_RSA_WITH_AES_128_GCM_SHA256, TLS_DHE_DSS_WITH_AES_128_GCM_SHA256, TLS_ECDHE_ECDSA_WITH_AES_256_CBC_SHA384, TLS_ECDHE_RSA_WITH_AES_256_CBC_SHA384, TLS_ECDHE_ECDSA_WITH_AES_128_CBC_SHA256, TLS_ECDHE_RSA_WITH_AES_128_CBC_SHA256, TLS_DHE_RSA_WITH_AES_256_CBC_SHA256, TLS_DHE_DSS_WITH_AES_256_CBC_SHA256, TLS_DHE_RSA_WITH_AES_128_CBC_SHA256, TLS_DHE_DSS_WITH_AES_128_CBC_SHA256, TLS_ECDH_ECDSA_WITH_AES_256_GCM_SHA384, TLS_ECDH_RSA_WITH_AES_256_GCM_SHA384, TLS_ECDH_ECDSA_WITH_AES_128_GCM_SHA256, TLS_ECDH_RSA_WITH_AES_128_GCM_SHA256, TLS_ECDH_ECDSA_WITH_AES_256_CBC_SHA384, TLS_ECDH_RSA_WITH_AES_256_CBC_SHA384, TLS_ECDH_ECDSA_WITH_AES_128_CBC_SHA256, TLS_ECDH_RSA_WITH_AES_128_CBC_SHA256, TLS_ECDHE_ECDSA_WITH_AES_256_CBC_SHA, TLS_ECDHE_RSA_WITH_AES_256_CBC_SHA, TLS_ECDHE_ECDSA_WITH_AES_128_CBC_SHA, TLS_ECDHE_RSA_WITH_AES_128_CBC_SHA, TLS_DHE_RSA_WITH_AES_256_CBC_SHA, TLS_DHE_DSS_WITH_AES_256_CBC_SHA, TLS_DHE_RSA_WITH_AES_128_CBC_SHA, TLS_DHE_DSS_WITH_AES_128_CBC_SHA, TLS_ECDH_ECDSA_WITH_AES_256_CBC_SHA, TLS_ECDH_RSA_WITH_AES_256_CBC_SHA, TLS_ECDH_ECDSA_WITH_AES_128_CBC_SHA, TLS_ECDH_RSA_WITH_AES_128_CBC_SHA, TLS_RSA_WITH_AES_256_GCM_SHA384, TLS_RSA_WITH_AES_128_GCM_SHA256, TLS_RSA_WITH_AES_256_CBC_SHA256, TLS_RSA_WITH_AES_128_CBC_SHA256, TLS_RSA_WITH_AES_256_CBC_SHA, TLS_RSA_WITH_AES_128_CBC_SHA, TLS_EMPTY_RENEGOTIATION_INFO_SCSV]
17:20:13.916 [Test worker] DEBUG org.apache.http.conn.ssl.SSLConnectionSocketFactory -- Starting handshake
17:20:14.101 [Test worker] DEBUG org.apache.http.conn.ssl.SSLConnectionSocketFactory -- Secure session established
17:20:14.101 [Test worker] DEBUG org.apache.http.conn.ssl.SSLConnectionSocketFactory --  negotiated protocol: TLSv1.3
17:20:14.101 [Test worker] DEBUG org.apache.http.conn.ssl.SSLConnectionSocketFactory --  negotiated cipher suite: TLS_AES_256_GCM_SHA384
17:20:14.101 [Test worker] DEBUG org.apache.http.conn.ssl.SSLConnectionSocketFactory --  peer principal: CN=api.demoblaze.com
17:20:14.101 [Test worker] DEBUG org.apache.http.conn.ssl.SSLConnectionSocketFactory --  peer alternative names: [api.demoblaze.com]
17:20:14.102 [Test worker] DEBUG org.apache.http.conn.ssl.SSLConnectionSocketFactory --  issuer principal: CN=WR3, O=Google Trust Services, C=US
17:20:14.105 [Test worker] DEBUG org.apache.http.impl.conn.DefaultHttpClientConnectionOperator -- Connection established 192.168.1.16:63121<->172.217.162.147:443
17:20:14.105 [Test worker] DEBUG org.apache.http.impl.conn.DefaultManagedHttpClientConnection -- http-outgoing-0: set socket timeout to 15000
17:20:14.105 [Test worker] DEBUG org.apache.http.impl.execchain.MainClientExec -- Executing request POST /addtocart HTTP/1.1
17:20:14.105 [Test worker] DEBUG org.apache.http.impl.execchain.MainClientExec -- Target auth state: UNCHALLENGED
17:20:14.105 [Test worker] DEBUG org.apache.http.impl.execchain.MainClientExec -- Proxy auth state: UNCHALLENGED
17:20:14.106 [Test worker] DEBUG org.apache.http.headers -- http-outgoing-0 >> POST /addtocart HTTP/1.1
17:20:14.106 [Test worker] DEBUG org.apache.http.headers -- http-outgoing-0 >> Content-Type: application/json; charset=UTF-8
17:20:14.106 [Test worker] DEBUG org.apache.http.headers -- http-outgoing-0 >> Content-Length: 104
17:20:14.106 [Test worker] DEBUG org.apache.http.headers -- http-outgoing-0 >> Host: api.demoblaze.com
17:20:14.106 [Test worker] DEBUG org.apache.http.headers -- http-outgoing-0 >> Connection: Keep-Alive
17:20:14.106 [Test worker] DEBUG org.apache.http.headers -- http-outgoing-0 >> User-Agent: Apache-HttpClient/4.5.14 (Java/17.0.2)
17:20:14.106 [Test worker] DEBUG org.apache.http.headers -- http-outgoing-0 >> Accept-Encoding: gzip,deflate
17:20:14.107 [Test worker] DEBUG org.apache.http.wire -- http-outgoing-0 >> "POST /addtocart HTTP/1.1[\r][\n]"
17:20:14.107 [Test worker] DEBUG org.apache.http.wire -- http-outgoing-0 >> "Content-Type: application/json; charset=UTF-8[\r][\n]"
17:20:14.107 [Test worker] DEBUG org.apache.http.wire -- http-outgoing-0 >> "Content-Length: 104[\r][\n]"
17:20:14.107 [Test worker] DEBUG org.apache.http.wire -- http-outgoing-0 >> "Host: api.demoblaze.com[\r][\n]"
17:20:14.107 [Test worker] DEBUG org.apache.http.wire -- http-outgoing-0 >> "Connection: Keep-Alive[\r][\n]"
17:20:14.107 [Test worker] DEBUG org.apache.http.wire -- http-outgoing-0 >> "User-Agent: Apache-HttpClient/4.5.14 (Java/17.0.2)[\r][\n]"
17:20:14.107 [Test worker] DEBUG org.apache.http.wire -- http-outgoing-0 >> "Accept-Encoding: gzip,deflate[\r][\n]"
17:20:14.107 [Test worker] DEBUG org.apache.http.wire -- http-outgoing-0 >> "[\r][\n]"
17:20:14.107 [Test worker] DEBUG org.apache.http.wire -- http-outgoing-0 >> "{"id":"d3c2531c-c411-499c-bfe6-ae2f3cece431","cookie":"user=user_1771626013420","prod_id":1,"flag":true}"
17:20:14.223 [Test worker] DEBUG org.apache.http.wire -- http-outgoing-0 << "HTTP/1.1 200 OK[\r][\n]"
17:20:14.224 [Test worker] DEBUG org.apache.http.wire -- http-outgoing-0 << "content-type: application/json[\r][\n]"
17:20:14.224 [Test worker] DEBUG org.apache.http.wire -- http-outgoing-0 << "vary: Accept-Encoding[\r][\n]"
17:20:14.224 [Test worker] DEBUG org.apache.http.wire -- http-outgoing-0 << "content-encoding: gzip[\r][\n]"
17:20:14.224 [Test worker] DEBUG org.apache.http.wire -- http-outgoing-0 << "x-cloud-trace-context: d53d812dec8c0948d6f7a430f0518a04[\r][\n]"
17:20:14.224 [Test worker] DEBUG org.apache.http.wire -- http-outgoing-0 << "date: Fri, 20 Feb 2026 22:20:13 GMT[\r][\n]"
17:20:14.224 [Test worker] DEBUG org.apache.http.wire -- http-outgoing-0 << "server: Google Frontend[\r][\n]"
17:20:14.224 [Test worker] DEBUG org.apache.http.wire -- http-outgoing-0 << "Transfer-Encoding: chunked[\r][\n]"
17:20:14.224 [Test worker] DEBUG org.apache.http.wire -- http-outgoing-0 << "[\r][\n]"
17:20:14.224 [Test worker] DEBUG org.apache.http.wire -- http-outgoing-0 << "00000001[\r][\n]"
17:20:14.224 [Test worker] DEBUG org.apache.http.wire -- http-outgoing-0 << "[0x1f][\r][\n]"
17:20:14.226 [Test worker] DEBUG org.apache.http.wire -- http-outgoing-0 << "00000001[\r][\n]"
17:20:14.226 [Test worker] DEBUG org.apache.http.wire -- http-outgoing-0 << "[0x8b][\r][\n]"
17:20:14.226 [Test worker] DEBUG org.apache.http.wire -- http-outgoing-0 << "00000001[\r][\n]"
17:20:14.226 [Test worker] DEBUG org.apache.http.wire -- http-outgoing-0 << "[0x8][\r][\n]"
17:20:14.226 [Test worker] DEBUG org.apache.http.wire -- http-outgoing-0 << "00000001[\r][\n]"
17:20:14.226 [Test worker] DEBUG org.apache.http.wire -- http-outgoing-0 << "[0x0][\r][\n]"
17:20:14.226 [Test worker] DEBUG org.apache.http.wire -- http-outgoing-0 << "00000001[\r][\n]"
17:20:14.227 [Test worker] DEBUG org.apache.http.wire -- http-outgoing-0 << "[0x0][\r][\n]"
17:20:14.227 [Test worker] DEBUG org.apache.http.wire -- http-outgoing-0 << "00000001[\r][\n]"
17:20:14.227 [Test worker] DEBUG org.apache.http.wire -- http-outgoing-0 << "[0x0][\r][\n]"
17:20:14.227 [Test worker] DEBUG org.apache.http.wire -- http-outgoing-0 << "00000001[\r][\n]"
17:20:14.227 [Test worker] DEBUG org.apache.http.wire -- http-outgoing-0 << "[0x0][\r][\n]"
17:20:14.227 [Test worker] DEBUG org.apache.http.wire -- http-outgoing-0 << "00000001[\r][\n]"
17:20:14.228 [Test worker] DEBUG org.apache.http.wire -- http-outgoing-0 << "[0x0][\r][\n]"
17:20:14.228 [Test worker] DEBUG org.apache.http.wire -- http-outgoing-0 << "00000001[\r][\n]"
17:20:14.228 [Test worker] DEBUG org.apache.http.wire -- http-outgoing-0 << "[0x4][\r][\n]"
17:20:14.228 [Test worker] DEBUG org.apache.http.wire -- http-outgoing-0 << "00000001[\r][\n]"
17:20:14.228 [Test worker] DEBUG org.apache.http.wire -- http-outgoing-0 << "[0x3][\r][\n]"
17:20:14.228 [Test worker] DEBUG org.apache.http.wire -- http-outgoing-0 << "00000001[\r][\n]"
17:20:14.228 [Test worker] DEBUG org.apache.http.wire -- http-outgoing-0 << "[0xaa][\r][\n]"
17:20:14.229 [Test worker] DEBUG org.apache.http.wire -- http-outgoing-0 << "00000001[\r][\n]"
17:20:14.229 [Test worker] DEBUG org.apache.http.wire -- http-outgoing-0 << "V[\r][\n]"
17:20:14.229 [Test worker] DEBUG org.apache.http.wire -- http-outgoing-0 << "00000001[\r][\n]"
17:20:14.229 [Test worker] DEBUG org.apache.http.wire -- http-outgoing-0 << "J[\r][\n]"
17:20:14.229 [Test worker] DEBUG org.apache.http.wire -- http-outgoing-0 << "00000001[\r][\n]"
17:20:14.229 [Test worker] DEBUG org.apache.http.wire -- http-outgoing-0 << "-[\r][\n]"
17:20:14.229 [Test worker] DEBUG org.apache.http.wire -- http-outgoing-0 << "00000001[\r][\n]"
17:20:14.229 [Test worker] DEBUG org.apache.http.wire -- http-outgoing-0 << "*[\r][\n]"
17:20:14.229 [Test worker] DEBUG org.apache.http.wire -- http-outgoing-0 << "00000001[\r][\n]"
17:20:14.230 [Test worker] DEBUG org.apache.http.wire -- http-outgoing-0 << "[0xca][\r][\n]"
17:20:14.230 [Test worker] DEBUG org.apache.http.wire -- http-outgoing-0 << "00000001[\r][\n]"
17:20:14.230 [Test worker] DEBUG org.apache.http.wire -- http-outgoing-0 << "/[\r][\n]"
17:20:14.230 [Test worker] DEBUG org.apache.http.wire -- http-outgoing-0 << "00000001[\r][\n]"
17:20:14.230 [Test worker] DEBUG org.apache.http.wire -- http-outgoing-0 << "[0xf2][\r][\n]"
17:20:14.230 [Test worker] DEBUG org.apache.http.wire -- http-outgoing-0 << "00000001[\r][\n]"
17:20:14.230 [Test worker] DEBUG org.apache.http.wire -- http-outgoing-0 << "M[\r][\n]"
17:20:14.231 [Test worker] DEBUG org.apache.http.wire -- http-outgoing-0 << "00000001[\r][\n]"
17:20:14.231 [Test worker] DEBUG org.apache.http.wire -- http-outgoing-0 << "-[\r][\n]"
17:20:14.231 [Test worker] DEBUG org.apache.http.wire -- http-outgoing-0 << "00000001[\r][\n]"
17:20:14.231 [Test worker] DEBUG org.apache.http.wire -- http-outgoing-0 << ".[\r][\n]"
17:20:14.231 [Test worker] DEBUG org.apache.http.wire -- http-outgoing-0 << "00038[\r][\n]"
17:20:14.231 [Test worker] DEBUG org.apache.http.wire -- http-outgoing-0 << "NLOU[0xb2]RrJLQ(H,J[0xcc]M-I-[0xd2]Q([0xc9][0xcf]N[0xcd]S[0xc8]M[0xcc]I[0xcb]/[0xca]MM[0xd1]S[0xaa][0xe5][0x2][0x0][0x0][0x0][0xff][0xff][0x3][0x0]_[0xe0]}[0xab]3[0x0][0x0][0x0][\r][\n]"
17:20:14.235 [Test worker] DEBUG org.apache.http.headers -- http-outgoing-0 << HTTP/1.1 200 OK
17:20:14.237 [Test worker] DEBUG org.apache.http.headers -- http-outgoing-0 << content-type: application/json
17:20:14.237 [Test worker] DEBUG org.apache.http.headers -- http-outgoing-0 << vary: Accept-Encoding
17:20:14.237 [Test worker] DEBUG org.apache.http.headers -- http-outgoing-0 << content-encoding: gzip
17:20:14.238 [Test worker] DEBUG org.apache.http.headers -- http-outgoing-0 << x-cloud-trace-context: d53d812dec8c0948d6f7a430f0518a04
17:20:14.238 [Test worker] DEBUG org.apache.http.headers -- http-outgoing-0 << date: Fri, 20 Feb 2026 22:20:13 GMT
17:20:14.238 [Test worker] DEBUG org.apache.http.headers -- http-outgoing-0 << server: Google Frontend
17:20:14.238 [Test worker] DEBUG org.apache.http.headers -- http-outgoing-0 << Transfer-Encoding: chunked
17:20:14.249 [Test worker] DEBUG org.apache.http.impl.execchain.MainClientExec -- Connection can be kept alive indefinitely
17:20:14.256 [Test worker] DEBUG org.apache.http.impl.conn.DefaultManagedHttpClientConnection -- http-outgoing-0: Close connection
17:20:14.259 [Test worker] DEBUG org.apache.http.impl.execchain.MainClientExec -- Connection discarded
17:20:14.259 [Test worker] DEBUG org.apache.http.impl.conn.PoolingHttpClientConnectionManager -- Connection released: [id: 0][route: {s}->https://api.demoblaze.com:443][total available: 0; route allocated: 0 of 5; total allocated: 0 of 10]
17:20:14.259 [Test worker] DEBUG org.apache.http.impl.conn.PoolingHttpClientConnectionManager -- Connection manager is shutting down
17:20:14.260 [Test worker] DEBUG org.apache.http.impl.conn.PoolingHttpClientConnectionManager -- Connection manager shut down
17:20:14.262 [Test worker] DEBUG com.intuit.karate -- response time in milliseconds: 457
1 < 200
1 < content-type: application/json
1 < vary: Accept-Encoding
1 < x-cloud-trace-context: d53d812dec8c0948d6f7a430f0518a04
1 < date: Fri, 20 Feb 2026 22:20:13 GMT
1 < server: Google Frontend
1 < Transfer-Encoding: chunked
{"errorMessage":"Bad parameter, token malformed."}


17:20:14.299 [Test worker] DEBUG com.jayway.jsonpath.internal.path.CompiledPath -- Evaluating path: $
17:20:14.307 [Test worker] DEBUG org.apache.http.client.protocol.RequestAddCookies -- CookieSpec selected: karate
17:20:14.307 [Test worker] DEBUG org.apache.http.client.protocol.RequestAuthCache -- Auth cache not set in the context
17:20:14.307 [Test worker] DEBUG com.intuit.karate -- request:
1 > POST https://api.demoblaze.com/addtocart
1 > Content-Type: application/json; charset=UTF-8
1 > Content-Length: 104
1 > Host: api.demoblaze.com
1 > Connection: Keep-Alive
1 > User-Agent: Apache-HttpClient/4.5.14 (Java/17.0.2)
1 > Accept-Encoding: gzip,deflate
{"id":"1e743b66-6aa9-48c7-89ee-829fb46cb73b","cookie":"user=user_1771626014286","prod_id":1,"flag":true}

17:20:14.308 [Test worker] DEBUG org.apache.http.impl.conn.PoolingHttpClientConnectionManager -- Connection request: [route: {s}->https://api.demoblaze.com:443][total available: 0; route allocated: 0 of 5; total allocated: 0 of 10]
17:20:14.308 [Test worker] DEBUG org.apache.http.impl.conn.PoolingHttpClientConnectionManager -- Connection leased: [id: 1][route: {s}->https://api.demoblaze.com:443][total available: 0; route allocated: 1 of 5; total allocated: 1 of 10]
17:20:14.308 [Test worker] DEBUG org.apache.http.impl.execchain.MainClientExec -- Opening connection {s}->https://api.demoblaze.com:443
17:20:14.308 [Test worker] DEBUG org.apache.http.impl.conn.DefaultHttpClientConnectionOperator -- Connecting to api.demoblaze.com/172.217.162.147:443
17:20:14.308 [Test worker] DEBUG org.apache.http.conn.ssl.SSLConnectionSocketFactory -- Connecting socket to api.demoblaze.com/172.217.162.147:443 with timeout 5000
17:20:14.320 [Test worker] DEBUG org.apache.http.conn.ssl.SSLConnectionSocketFactory -- Enabled protocols: [TLSv1.3, TLSv1.2]
17:20:14.321 [Test worker] DEBUG org.apache.http.conn.ssl.SSLConnectionSocketFactory -- Enabled cipher suites:[TLS_AES_256_GCM_SHA384, TLS_AES_128_GCM_SHA256, TLS_CHACHA20_POLY1305_SHA256, TLS_ECDHE_ECDSA_WITH_AES_256_GCM_SHA384, TLS_ECDHE_ECDSA_WITH_AES_128_GCM_SHA256, TLS_ECDHE_ECDSA_WITH_CHACHA20_POLY1305_SHA256, TLS_ECDHE_RSA_WITH_AES_256_GCM_SHA384, TLS_ECDHE_RSA_WITH_CHACHA20_POLY1305_SHA256, TLS_ECDHE_RSA_WITH_AES_128_GCM_SHA256, TLS_DHE_RSA_WITH_AES_256_GCM_SHA384, TLS_DHE_RSA_WITH_CHACHA20_POLY1305_SHA256, TLS_DHE_DSS_WITH_AES_256_GCM_SHA384, TLS_DHE_RSA_WITH_AES_128_GCM_SHA256, TLS_DHE_DSS_WITH_AES_128_GCM_SHA256, TLS_ECDHE_ECDSA_WITH_AES_256_CBC_SHA384, TLS_ECDHE_RSA_WITH_AES_256_CBC_SHA384, TLS_ECDHE_ECDSA_WITH_AES_128_CBC_SHA256, TLS_ECDHE_RSA_WITH_AES_128_CBC_SHA256, TLS_DHE_RSA_WITH_AES_256_CBC_SHA256, TLS_DHE_DSS_WITH_AES_256_CBC_SHA256, TLS_DHE_RSA_WITH_AES_128_CBC_SHA256, TLS_DHE_DSS_WITH_AES_128_CBC_SHA256, TLS_ECDH_ECDSA_WITH_AES_256_GCM_SHA384, TLS_ECDH_RSA_WITH_AES_256_GCM_SHA384, TLS_ECDH_ECDSA_WITH_AES_128_GCM_SHA256, TLS_ECDH_RSA_WITH_AES_128_GCM_SHA256, TLS_ECDH_ECDSA_WITH_AES_256_CBC_SHA384, TLS_ECDH_RSA_WITH_AES_256_CBC_SHA384, TLS_ECDH_ECDSA_WITH_AES_128_CBC_SHA256, TLS_ECDH_RSA_WITH_AES_128_CBC_SHA256, TLS_ECDHE_ECDSA_WITH_AES_256_CBC_SHA, TLS_ECDHE_RSA_WITH_AES_256_CBC_SHA, TLS_ECDHE_ECDSA_WITH_AES_128_CBC_SHA, TLS_ECDHE_RSA_WITH_AES_128_CBC_SHA, TLS_DHE_RSA_WITH_AES_256_CBC_SHA, TLS_DHE_DSS_WITH_AES_256_CBC_SHA, TLS_DHE_RSA_WITH_AES_128_CBC_SHA, TLS_DHE_DSS_WITH_AES_128_CBC_SHA, TLS_ECDH_ECDSA_WITH_AES_256_CBC_SHA, TLS_ECDH_RSA_WITH_AES_256_CBC_SHA, TLS_ECDH_ECDSA_WITH_AES_128_CBC_SHA, TLS_ECDH_RSA_WITH_AES_128_CBC_SHA, TLS_RSA_WITH_AES_256_GCM_SHA384, TLS_RSA_WITH_AES_128_GCM_SHA256, TLS_RSA_WITH_AES_256_CBC_SHA256, TLS_RSA_WITH_AES_128_CBC_SHA256, TLS_RSA_WITH_AES_256_CBC_SHA, TLS_RSA_WITH_AES_128_CBC_SHA, TLS_EMPTY_RENEGOTIATION_INFO_SCSV]
17:20:14.321 [Test worker] DEBUG org.apache.http.conn.ssl.SSLConnectionSocketFactory -- Starting handshake
17:20:14.405 [Test worker] DEBUG org.apache.http.conn.ssl.SSLConnectionSocketFactory -- Secure session established
17:20:14.405 [Test worker] DEBUG org.apache.http.conn.ssl.SSLConnectionSocketFactory --  negotiated protocol: TLSv1.3
17:20:14.405 [Test worker] DEBUG org.apache.http.conn.ssl.SSLConnectionSocketFactory --  negotiated cipher suite: TLS_AES_256_GCM_SHA384
17:20:14.405 [Test worker] DEBUG org.apache.http.conn.ssl.SSLConnectionSocketFactory --  peer principal: CN=api.demoblaze.com
17:20:14.405 [Test worker] DEBUG org.apache.http.conn.ssl.SSLConnectionSocketFactory --  peer alternative names: [api.demoblaze.com]
17:20:14.406 [Test worker] DEBUG org.apache.http.conn.ssl.SSLConnectionSocketFactory --  issuer principal: CN=WR3, O=Google Trust Services, C=US
17:20:14.406 [Test worker] DEBUG org.apache.http.impl.conn.DefaultHttpClientConnectionOperator -- Connection established 192.168.1.16:63122<->172.217.162.147:443
17:20:14.406 [Test worker] DEBUG org.apache.http.impl.conn.DefaultManagedHttpClientConnection -- http-outgoing-1: set socket timeout to 15000
17:20:14.406 [Test worker] DEBUG org.apache.http.impl.execchain.MainClientExec -- Executing request POST /addtocart HTTP/1.1
17:20:14.406 [Test worker] DEBUG org.apache.http.impl.execchain.MainClientExec -- Target auth state: UNCHALLENGED
17:20:14.406 [Test worker] DEBUG org.apache.http.impl.execchain.MainClientExec -- Proxy auth state: UNCHALLENGED
17:20:14.406 [Test worker] DEBUG org.apache.http.headers -- http-outgoing-1 >> POST /addtocart HTTP/1.1
17:20:14.406 [Test worker] DEBUG org.apache.http.headers -- http-outgoing-1 >> Content-Type: application/json; charset=UTF-8
17:20:14.406 [Test worker] DEBUG org.apache.http.headers -- http-outgoing-1 >> Content-Length: 104
17:20:14.407 [Test worker] DEBUG org.apache.http.headers -- http-outgoing-1 >> Host: api.demoblaze.com
17:20:14.407 [Test worker] DEBUG org.apache.http.headers -- http-outgoing-1 >> Connection: Keep-Alive
17:20:14.407 [Test worker] DEBUG org.apache.http.headers -- http-outgoing-1 >> User-Agent: Apache-HttpClient/4.5.14 (Java/17.0.2)
17:20:14.407 [Test worker] DEBUG org.apache.http.headers -- http-outgoing-1 >> Accept-Encoding: gzip,deflate
17:20:14.407 [Test worker] DEBUG org.apache.http.wire -- http-outgoing-1 >> "POST /addtocart HTTP/1.1[\r][\n]"
17:20:14.407 [Test worker] DEBUG org.apache.http.wire -- http-outgoing-1 >> "Content-Type: application/json; charset=UTF-8[\r][\n]"
17:20:14.407 [Test worker] DEBUG org.apache.http.wire -- http-outgoing-1 >> "Content-Length: 104[\r][\n]"
17:20:14.407 [Test worker] DEBUG org.apache.http.wire -- http-outgoing-1 >> "Host: api.demoblaze.com[\r][\n]"
17:20:14.407 [Test worker] DEBUG org.apache.http.wire -- http-outgoing-1 >> "Connection: Keep-Alive[\r][\n]"
17:20:14.407 [Test worker] DEBUG org.apache.http.wire -- http-outgoing-1 >> "User-Agent: Apache-HttpClient/4.5.14 (Java/17.0.2)[\r][\n]"
17:20:14.407 [Test worker] DEBUG org.apache.http.wire -- http-outgoing-1 >> "Accept-Encoding: gzip,deflate[\r][\n]"
17:20:14.407 [Test worker] DEBUG org.apache.http.wire -- http-outgoing-1 >> "[\r][\n]"
17:20:14.407 [Test worker] DEBUG org.apache.http.wire -- http-outgoing-1 >> "{"id":"1e743b66-6aa9-48c7-89ee-829fb46cb73b","cookie":"user=user_1771626014286","prod_id":1,"flag":true}"
17:20:14.537 [Test worker] DEBUG org.apache.http.wire -- http-outgoing-1 << "HTTP/1.1 200 OK[\r][\n]"
17:20:14.537 [Test worker] DEBUG org.apache.http.wire -- http-outgoing-1 << "content-type: application/json[\r][\n]"
17:20:14.537 [Test worker] DEBUG org.apache.http.wire -- http-outgoing-1 << "vary: Accept-Encoding[\r][\n]"
17:20:14.537 [Test worker] DEBUG org.apache.http.wire -- http-outgoing-1 << "content-encoding: gzip[\r][\n]"
17:20:14.537 [Test worker] DEBUG org.apache.http.wire -- http-outgoing-1 << "x-cloud-trace-context: db779f3cb313bd53da5d78b95fa9ba65[\r][\n]"
17:20:14.537 [Test worker] DEBUG org.apache.http.wire -- http-outgoing-1 << "date: Fri, 20 Feb 2026 22:20:14 GMT[\r][\n]"
17:20:14.537 [Test worker] DEBUG org.apache.http.wire -- http-outgoing-1 << "server: Google Frontend[\r][\n]"
17:20:14.537 [Test worker] DEBUG org.apache.http.wire -- http-outgoing-1 << "Transfer-Encoding: chunked[\r][\n]"
17:20:14.537 [Test worker] DEBUG org.apache.http.wire -- http-outgoing-1 << "[\r][\n]"
17:20:14.537 [Test worker] DEBUG org.apache.http.wire -- http-outgoing-1 << "00000001[\r][\n]"
17:20:14.537 [Test worker] DEBUG org.apache.http.wire -- http-outgoing-1 << "[0x1f][\r][\n]"
17:20:14.537 [Test worker] DEBUG org.apache.http.wire -- http-outgoing-1 << "00000001[\r][\n]"
17:20:14.538 [Test worker] DEBUG org.apache.http.wire -- http-outgoing-1 << "[0x8b][\r][\n]"
17:20:14.538 [Test worker] DEBUG org.apache.http.wire -- http-outgoing-1 << "00000001[\r][\n]"
17:20:14.538 [Test worker] DEBUG org.apache.http.wire -- http-outgoing-1 << "[0x8][\r][\n]"
17:20:14.538 [Test worker] DEBUG org.apache.http.wire -- http-outgoing-1 << "00000001[\r][\n]"
17:20:14.538 [Test worker] DEBUG org.apache.http.wire -- http-outgoing-1 << "[0x0][\r][\n]"
17:20:14.538 [Test worker] DEBUG org.apache.http.wire -- http-outgoing-1 << "00000001[\r][\n]"
17:20:14.538 [Test worker] DEBUG org.apache.http.wire -- http-outgoing-1 << "[0x0][\r][\n]"
17:20:14.538 [Test worker] DEBUG org.apache.http.wire -- http-outgoing-1 << "00000001[\r][\n]"
17:20:14.538 [Test worker] DEBUG org.apache.http.wire -- http-outgoing-1 << "[0x0][\r][\n]"
17:20:14.538 [Test worker] DEBUG org.apache.http.wire -- http-outgoing-1 << "00000001[\r][\n]"
17:20:14.539 [Test worker] DEBUG org.apache.http.wire -- http-outgoing-1 << "[0x0][\r][\n]"
17:20:14.539 [Test worker] DEBUG org.apache.http.wire -- http-outgoing-1 << "00000001[\r][\n]"
17:20:14.539 [Test worker] DEBUG org.apache.http.wire -- http-outgoing-1 << "[0x0][\r][\n]"
17:20:14.539 [Test worker] DEBUG org.apache.http.wire -- http-outgoing-1 << "00000001[\r][\n]"
17:20:14.539 [Test worker] DEBUG org.apache.http.wire -- http-outgoing-1 << "[0x4][\r][\n]"
17:20:14.539 [Test worker] DEBUG org.apache.http.wire -- http-outgoing-1 << "00000001[\r][\n]"
17:20:14.539 [Test worker] DEBUG org.apache.http.wire -- http-outgoing-1 << "[0x3][\r][\n]"
17:20:14.539 [Test worker] DEBUG org.apache.http.wire -- http-outgoing-1 << "00000001[\r][\n]"
17:20:14.539 [Test worker] DEBUG org.apache.http.wire -- http-outgoing-1 << "[0xaa][\r][\n]"
17:20:14.539 [Test worker] DEBUG org.apache.http.wire -- http-outgoing-1 << "00000001[\r][\n]"
17:20:14.540 [Test worker] DEBUG org.apache.http.wire -- http-outgoing-1 << "V[\r][\n]"
17:20:14.540 [Test worker] DEBUG org.apache.http.wire -- http-outgoing-1 << "00000001[\r][\n]"
17:20:14.540 [Test worker] DEBUG org.apache.http.wire -- http-outgoing-1 << "J[\r][\n]"
17:20:14.540 [Test worker] DEBUG org.apache.http.wire -- http-outgoing-1 << "00000001[\r][\n]"
17:20:14.540 [Test worker] DEBUG org.apache.http.wire -- http-outgoing-1 << "-[\r][\n]"
17:20:14.540 [Test worker] DEBUG org.apache.http.wire -- http-outgoing-1 << "00000001[\r][\n]"
17:20:14.540 [Test worker] DEBUG org.apache.http.wire -- http-outgoing-1 << "*[\r][\n]"
17:20:14.541 [Test worker] DEBUG org.apache.http.wire -- http-outgoing-1 << "00000001[\r][\n]"
17:20:14.541 [Test worker] DEBUG org.apache.http.wire -- http-outgoing-1 << "[0xca][\r][\n]"
17:20:14.541 [Test worker] DEBUG org.apache.http.wire -- http-outgoing-1 << "01[\r][\n]"
17:20:14.541 [Test worker] DEBUG org.apache.http.wire -- http-outgoing-1 << "/[\r][\n]"
17:20:14.541 [Test worker] DEBUG org.apache.http.wire -- http-outgoing-1 << "3c[\r][\n]"
17:20:14.541 [Test worker] DEBUG org.apache.http.wire -- http-outgoing-1 << "[0xf2]M-.NLOU[0xb2]RrJLQ(H,J[0xcc]M-I-[0xd2]Q([0xc9][0xcf]N[0xcd]S[0xc8]M[0xcc]I[0xcb]/[0xca]MM[0xd1]S[0xaa][0xe5][0x2][0x0][0x0][0x0][0xff][0xff][0x3][0x0]_[0xe0]}[0xab]3[0x0][0x0][0x0][\r][\n]"
17:20:14.542 [Test worker] DEBUG org.apache.http.headers -- http-outgoing-1 << HTTP/1.1 200 OK
17:20:14.542 [Test worker] DEBUG org.apache.http.headers -- http-outgoing-1 << content-type: application/json
17:20:14.542 [Test worker] DEBUG org.apache.http.headers -- http-outgoing-1 << vary: Accept-Encoding
17:20:14.542 [Test worker] DEBUG org.apache.http.headers -- http-outgoing-1 << content-encoding: gzip
17:20:14.542 [Test worker] DEBUG org.apache.http.headers -- http-outgoing-1 << x-cloud-trace-context: db779f3cb313bd53da5d78b95fa9ba65
17:20:14.543 [Test worker] DEBUG org.apache.http.headers -- http-outgoing-1 << date: Fri, 20 Feb 2026 22:20:14 GMT
17:20:14.543 [Test worker] DEBUG org.apache.http.headers -- http-outgoing-1 << server: Google Frontend
17:20:14.543 [Test worker] DEBUG org.apache.http.headers -- http-outgoing-1 << Transfer-Encoding: chunked
17:20:14.543 [Test worker] DEBUG org.apache.http.impl.execchain.MainClientExec -- Connection can be kept alive indefinitely
17:20:14.544 [Test worker] DEBUG org.apache.http.impl.conn.DefaultManagedHttpClientConnection -- http-outgoing-1: Close connection
17:20:14.546 [Test worker] DEBUG org.apache.http.impl.execchain.MainClientExec -- Connection discarded
17:20:14.547 [Test worker] DEBUG org.apache.http.impl.conn.PoolingHttpClientConnectionManager -- Connection released: [id: 1][route: {s}->https://api.demoblaze.com:443][total available: 0; route allocated: 0 of 5; total allocated: 0 of 10]
17:20:14.547 [Test worker] DEBUG org.apache.http.impl.conn.PoolingHttpClientConnectionManager -- Connection manager is shutting down
17:20:14.547 [Test worker] DEBUG org.apache.http.impl.conn.PoolingHttpClientConnectionManager -- Connection manager shut down
17:20:14.548 [Test worker] DEBUG com.intuit.karate -- response time in milliseconds: 236
1 < 200
1 < content-type: application/json
1 < vary: Accept-Encoding
1 < x-cloud-trace-context: db779f3cb313bd53da5d78b95fa9ba65
1 < date: Fri, 20 Feb 2026 22:20:14 GMT
1 < server: Google Frontend
1 < Transfer-Encoding: chunked
{"errorMessage":"Bad parameter, token malformed."}


17:20:16.594 [Test worker] DEBUG com.jayway.jsonpath.internal.path.CompiledPath -- Evaluating path: $
17:20:16.603 [Test worker] DEBUG org.apache.http.client.protocol.RequestAddCookies -- CookieSpec selected: karate
17:20:16.603 [Test worker] DEBUG org.apache.http.client.protocol.RequestAuthCache -- Auth cache not set in the context
17:20:16.603 [Test worker] DEBUG com.intuit.karate -- request:
2 > POST https://api.demoblaze.com/deletecart
2 > Content-Type: application/json; charset=UTF-8
2 > Content-Length: 36
2 > Host: api.demoblaze.com
2 > Connection: Keep-Alive
2 > User-Agent: Apache-HttpClient/4.5.14 (Java/17.0.2)
2 > Accept-Encoding: gzip,deflate
{"cookie":"user=user_1771626014286"}

17:20:16.604 [Test worker] DEBUG org.apache.http.impl.conn.PoolingHttpClientConnectionManager -- Connection request: [route: {s}->https://api.demoblaze.com:443][total available: 0; route allocated: 0 of 5; total allocated: 0 of 10]
17:20:16.605 [Test worker] DEBUG org.apache.http.impl.conn.PoolingHttpClientConnectionManager -- Connection leased: [id: 2][route: {s}->https://api.demoblaze.com:443][total available: 0; route allocated: 1 of 5; total allocated: 1 of 10]
17:20:16.605 [Test worker] DEBUG org.apache.http.impl.execchain.MainClientExec -- Opening connection {s}->https://api.demoblaze.com:443
17:20:16.606 [Test worker] DEBUG org.apache.http.impl.conn.DefaultHttpClientConnectionOperator -- Connecting to api.demoblaze.com/172.217.162.147:443
17:20:16.606 [Test worker] DEBUG org.apache.http.conn.ssl.SSLConnectionSocketFactory -- Connecting socket to api.demoblaze.com/172.217.162.147:443 with timeout 5000
17:20:16.615 [Test worker] DEBUG org.apache.http.conn.ssl.SSLConnectionSocketFactory -- Enabled protocols: [TLSv1.3, TLSv1.2]
17:20:16.615 [Test worker] DEBUG org.apache.http.conn.ssl.SSLConnectionSocketFactory -- Enabled cipher suites:[TLS_AES_256_GCM_SHA384, TLS_AES_128_GCM_SHA256, TLS_CHACHA20_POLY1305_SHA256, TLS_ECDHE_ECDSA_WITH_AES_256_GCM_SHA384, TLS_ECDHE_ECDSA_WITH_AES_128_GCM_SHA256, TLS_ECDHE_ECDSA_WITH_CHACHA20_POLY1305_SHA256, TLS_ECDHE_RSA_WITH_AES_256_GCM_SHA384, TLS_ECDHE_RSA_WITH_CHACHA20_POLY1305_SHA256, TLS_ECDHE_RSA_WITH_AES_128_GCM_SHA256, TLS_DHE_RSA_WITH_AES_256_GCM_SHA384, TLS_DHE_RSA_WITH_CHACHA20_POLY1305_SHA256, TLS_DHE_DSS_WITH_AES_256_GCM_SHA384, TLS_DHE_RSA_WITH_AES_128_GCM_SHA256, TLS_DHE_DSS_WITH_AES_128_GCM_SHA256, TLS_ECDHE_ECDSA_WITH_AES_256_CBC_SHA384, TLS_ECDHE_RSA_WITH_AES_256_CBC_SHA384, TLS_ECDHE_ECDSA_WITH_AES_128_CBC_SHA256, TLS_ECDHE_RSA_WITH_AES_128_CBC_SHA256, TLS_DHE_RSA_WITH_AES_256_CBC_SHA256, TLS_DHE_DSS_WITH_AES_256_CBC_SHA256, TLS_DHE_RSA_WITH_AES_128_CBC_SHA256, TLS_DHE_DSS_WITH_AES_128_CBC_SHA256, TLS_ECDH_ECDSA_WITH_AES_256_GCM_SHA384, TLS_ECDH_RSA_WITH_AES_256_GCM_SHA384, TLS_ECDH_ECDSA_WITH_AES_128_GCM_SHA256, TLS_ECDH_RSA_WITH_AES_128_GCM_SHA256, TLS_ECDH_ECDSA_WITH_AES_256_CBC_SHA384, TLS_ECDH_RSA_WITH_AES_256_CBC_SHA384, TLS_ECDH_ECDSA_WITH_AES_128_CBC_SHA256, TLS_ECDH_RSA_WITH_AES_128_CBC_SHA256, TLS_ECDHE_ECDSA_WITH_AES_256_CBC_SHA, TLS_ECDHE_RSA_WITH_AES_256_CBC_SHA, TLS_ECDHE_ECDSA_WITH_AES_128_CBC_SHA, TLS_ECDHE_RSA_WITH_AES_128_CBC_SHA, TLS_DHE_RSA_WITH_AES_256_CBC_SHA, TLS_DHE_DSS_WITH_AES_256_CBC_SHA, TLS_DHE_RSA_WITH_AES_128_CBC_SHA, TLS_DHE_DSS_WITH_AES_128_CBC_SHA, TLS_ECDH_ECDSA_WITH_AES_256_CBC_SHA, TLS_ECDH_RSA_WITH_AES_256_CBC_SHA, TLS_ECDH_ECDSA_WITH_AES_128_CBC_SHA, TLS_ECDH_RSA_WITH_AES_128_CBC_SHA, TLS_RSA_WITH_AES_256_GCM_SHA384, TLS_RSA_WITH_AES_128_GCM_SHA256, TLS_RSA_WITH_AES_256_CBC_SHA256, TLS_RSA_WITH_AES_128_CBC_SHA256, TLS_RSA_WITH_AES_256_CBC_SHA, TLS_RSA_WITH_AES_128_CBC_SHA, TLS_EMPTY_RENEGOTIATION_INFO_SCSV]
17:20:16.615 [Test worker] DEBUG org.apache.http.conn.ssl.SSLConnectionSocketFactory -- Starting handshake
17:20:16.696 [Test worker] DEBUG org.apache.http.conn.ssl.SSLConnectionSocketFactory -- Secure session established
17:20:16.697 [Test worker] DEBUG org.apache.http.conn.ssl.SSLConnectionSocketFactory --  negotiated protocol: TLSv1.3
17:20:16.697 [Test worker] DEBUG org.apache.http.conn.ssl.SSLConnectionSocketFactory --  negotiated cipher suite: TLS_AES_256_GCM_SHA384
17:20:16.697 [Test worker] DEBUG org.apache.http.conn.ssl.SSLConnectionSocketFactory --  peer principal: CN=api.demoblaze.com
17:20:16.697 [Test worker] DEBUG org.apache.http.conn.ssl.SSLConnectionSocketFactory --  peer alternative names: [api.demoblaze.com]
17:20:16.697 [Test worker] DEBUG org.apache.http.conn.ssl.SSLConnectionSocketFactory --  issuer principal: CN=WR3, O=Google Trust Services, C=US
17:20:16.697 [Test worker] DEBUG org.apache.http.impl.conn.DefaultHttpClientConnectionOperator -- Connection established 192.168.1.16:63126<->172.217.162.147:443
17:20:16.697 [Test worker] DEBUG org.apache.http.impl.conn.DefaultManagedHttpClientConnection -- http-outgoing-2: set socket timeout to 15000
17:20:16.697 [Test worker] DEBUG org.apache.http.impl.execchain.MainClientExec -- Executing request POST /deletecart HTTP/1.1
17:20:16.697 [Test worker] DEBUG org.apache.http.impl.execchain.MainClientExec -- Target auth state: UNCHALLENGED
17:20:16.697 [Test worker] DEBUG org.apache.http.impl.execchain.MainClientExec -- Proxy auth state: UNCHALLENGED
17:20:16.698 [Test worker] DEBUG org.apache.http.headers -- http-outgoing-2 >> POST /deletecart HTTP/1.1
17:20:16.698 [Test worker] DEBUG org.apache.http.headers -- http-outgoing-2 >> Content-Type: application/json; charset=UTF-8
17:20:16.698 [Test worker] DEBUG org.apache.http.headers -- http-outgoing-2 >> Content-Length: 36
17:20:16.698 [Test worker] DEBUG org.apache.http.headers -- http-outgoing-2 >> Host: api.demoblaze.com
17:20:16.698 [Test worker] DEBUG org.apache.http.headers -- http-outgoing-2 >> Connection: Keep-Alive
17:20:16.698 [Test worker] DEBUG org.apache.http.headers -- http-outgoing-2 >> User-Agent: Apache-HttpClient/4.5.14 (Java/17.0.2)
17:20:16.698 [Test worker] DEBUG org.apache.http.headers -- http-outgoing-2 >> Accept-Encoding: gzip,deflate
17:20:16.698 [Test worker] DEBUG org.apache.http.wire -- http-outgoing-2 >> "POST /deletecart HTTP/1.1[\r][\n]"
17:20:16.698 [Test worker] DEBUG org.apache.http.wire -- http-outgoing-2 >> "Content-Type: application/json; charset=UTF-8[\r][\n]"
17:20:16.698 [Test worker] DEBUG org.apache.http.wire -- http-outgoing-2 >> "Content-Length: 36[\r][\n]"
17:20:16.698 [Test worker] DEBUG org.apache.http.wire -- http-outgoing-2 >> "Host: api.demoblaze.com[\r][\n]"
17:20:16.698 [Test worker] DEBUG org.apache.http.wire -- http-outgoing-2 >> "Connection: Keep-Alive[\r][\n]"
17:20:16.698 [Test worker] DEBUG org.apache.http.wire -- http-outgoing-2 >> "User-Agent: Apache-HttpClient/4.5.14 (Java/17.0.2)[\r][\n]"
17:20:16.698 [Test worker] DEBUG org.apache.http.wire -- http-outgoing-2 >> "Accept-Encoding: gzip,deflate[\r][\n]"
17:20:16.698 [Test worker] DEBUG org.apache.http.wire -- http-outgoing-2 >> "[\r][\n]"
17:20:16.698 [Test worker] DEBUG org.apache.http.wire -- http-outgoing-2 >> "{"cookie":"user=user_1771626014286"}"
17:20:16.814 [Test worker] DEBUG org.apache.http.wire -- http-outgoing-2 << "HTTP/1.1 200 OK[\r][\n]"
17:20:16.816 [Test worker] DEBUG org.apache.http.wire -- http-outgoing-2 << "content-type: application/json[\r][\n]"
17:20:16.816 [Test worker] DEBUG org.apache.http.wire -- http-outgoing-2 << "x-cloud-trace-context: 8cd2066251fb1b307dbcc1905b296052[\r][\n]"
17:20:16.816 [Test worker] DEBUG org.apache.http.wire -- http-outgoing-2 << "date: Fri, 20 Feb 2026 22:20:16 GMT[\r][\n]"
17:20:16.816 [Test worker] DEBUG org.apache.http.wire -- http-outgoing-2 << "server: Google Frontend[\r][\n]"
17:20:16.816 [Test worker] DEBUG org.apache.http.wire -- http-outgoing-2 << "Content-Length: 16[\r][\n]"
17:20:16.816 [Test worker] DEBUG org.apache.http.wire -- http-outgoing-2 << "[\r][\n]"
17:20:16.816 [Test worker] DEBUG org.apache.http.wire -- http-outgoing-2 << ""Item deleted."[\n]"
17:20:16.816 [Test worker] DEBUG org.apache.http.headers -- http-outgoing-2 << HTTP/1.1 200 OK
17:20:16.816 [Test worker] DEBUG org.apache.http.headers -- http-outgoing-2 << content-type: application/json
17:20:16.816 [Test worker] DEBUG org.apache.http.headers -- http-outgoing-2 << x-cloud-trace-context: 8cd2066251fb1b307dbcc1905b296052
17:20:16.817 [Test worker] DEBUG org.apache.http.headers -- http-outgoing-2 << date: Fri, 20 Feb 2026 22:20:16 GMT
17:20:16.817 [Test worker] DEBUG org.apache.http.headers -- http-outgoing-2 << server: Google Frontend
17:20:16.817 [Test worker] DEBUG org.apache.http.headers -- http-outgoing-2 << Content-Length: 16
17:20:16.818 [Test worker] DEBUG org.apache.http.impl.execchain.MainClientExec -- Connection can be kept alive indefinitely
17:20:16.818 [Test worker] DEBUG org.apache.http.impl.conn.PoolingHttpClientConnectionManager -- Connection [id: 2][route: {s}->https://api.demoblaze.com:443] can be kept alive indefinitely
17:20:16.818 [Test worker] DEBUG org.apache.http.impl.conn.DefaultManagedHttpClientConnection -- http-outgoing-2: set socket timeout to 0
17:20:16.818 [Test worker] DEBUG org.apache.http.impl.conn.PoolingHttpClientConnectionManager -- Connection released: [id: 2][route: {s}->https://api.demoblaze.com:443][total available: 1; route allocated: 1 of 5; total allocated: 1 of 10]
17:20:16.818 [Test worker] DEBUG org.apache.http.impl.conn.PoolingHttpClientConnectionManager -- Connection manager is shutting down
17:20:16.818 [Test worker] DEBUG org.apache.http.impl.conn.DefaultManagedHttpClientConnection -- http-outgoing-2: Close connection
17:20:16.820 [Test worker] DEBUG org.apache.http.impl.conn.PoolingHttpClientConnectionManager -- Connection manager shut down
17:20:16.821 [Test worker] DEBUG com.intuit.karate -- response time in milliseconds: 214
2 < 200
2 < content-type: application/json
2 < x-cloud-trace-context: 8cd2066251fb1b307dbcc1905b296052
2 < date: Fri, 20 Feb 2026 22:20:16 GMT
2 < server: Google Frontend
2 < Content-Length: 16
"Item deleted."


17:20:16.851 [Test worker] DEBUG com.jayway.jsonpath.internal.path.CompiledPath -- Evaluating path: $
17:20:16.855 [Test worker] DEBUG org.apache.http.client.protocol.RequestAddCookies -- CookieSpec selected: karate
17:20:16.855 [Test worker] DEBUG org.apache.http.client.protocol.RequestAuthCache -- Auth cache not set in the context
17:20:16.856 [Test worker] DEBUG com.intuit.karate -- request:
1 > POST https://api.demoblaze.com/signup
1 > Content-Type: application/json; charset=UTF-8
1 > Content-Length: 58
1 > Host: api.demoblaze.com
1 > Connection: Keep-Alive
1 > User-Agent: Apache-HttpClient/4.5.14 (Java/17.0.2)
1 > Accept-Encoding: gzip,deflate
{"username":"user_1771626016846","password":"password123"}

17:20:16.856 [Test worker] DEBUG org.apache.http.impl.conn.PoolingHttpClientConnectionManager -- Connection request: [route: {s}->https://api.demoblaze.com:443][total available: 0; route allocated: 0 of 5; total allocated: 0 of 10]
17:20:16.856 [Test worker] DEBUG org.apache.http.impl.conn.PoolingHttpClientConnectionManager -- Connection leased: [id: 3][route: {s}->https://api.demoblaze.com:443][total available: 0; route allocated: 1 of 5; total allocated: 1 of 10]
17:20:16.856 [Test worker] DEBUG org.apache.http.impl.execchain.MainClientExec -- Opening connection {s}->https://api.demoblaze.com:443
17:20:16.857 [Test worker] DEBUG org.apache.http.impl.conn.DefaultHttpClientConnectionOperator -- Connecting to api.demoblaze.com/172.217.162.147:443
17:20:16.857 [Test worker] DEBUG org.apache.http.conn.ssl.SSLConnectionSocketFactory -- Connecting socket to api.demoblaze.com/172.217.162.147:443 with timeout 5000
17:20:16.866 [Test worker] DEBUG org.apache.http.conn.ssl.SSLConnectionSocketFactory -- Enabled protocols: [TLSv1.3, TLSv1.2]
17:20:16.866 [Test worker] DEBUG org.apache.http.conn.ssl.SSLConnectionSocketFactory -- Enabled cipher suites:[TLS_AES_256_GCM_SHA384, TLS_AES_128_GCM_SHA256, TLS_CHACHA20_POLY1305_SHA256, TLS_ECDHE_ECDSA_WITH_AES_256_GCM_SHA384, TLS_ECDHE_ECDSA_WITH_AES_128_GCM_SHA256, TLS_ECDHE_ECDSA_WITH_CHACHA20_POLY1305_SHA256, TLS_ECDHE_RSA_WITH_AES_256_GCM_SHA384, TLS_ECDHE_RSA_WITH_CHACHA20_POLY1305_SHA256, TLS_ECDHE_RSA_WITH_AES_128_GCM_SHA256, TLS_DHE_RSA_WITH_AES_256_GCM_SHA384, TLS_DHE_RSA_WITH_CHACHA20_POLY1305_SHA256, TLS_DHE_DSS_WITH_AES_256_GCM_SHA384, TLS_DHE_RSA_WITH_AES_128_GCM_SHA256, TLS_DHE_DSS_WITH_AES_128_GCM_SHA256, TLS_ECDHE_ECDSA_WITH_AES_256_CBC_SHA384, TLS_ECDHE_RSA_WITH_AES_256_CBC_SHA384, TLS_ECDHE_ECDSA_WITH_AES_128_CBC_SHA256, TLS_ECDHE_RSA_WITH_AES_128_CBC_SHA256, TLS_DHE_RSA_WITH_AES_256_CBC_SHA256, TLS_DHE_DSS_WITH_AES_256_CBC_SHA256, TLS_DHE_RSA_WITH_AES_128_CBC_SHA256, TLS_DHE_DSS_WITH_AES_128_CBC_SHA256, TLS_ECDH_ECDSA_WITH_AES_256_GCM_SHA384, TLS_ECDH_RSA_WITH_AES_256_GCM_SHA384, TLS_ECDH_ECDSA_WITH_AES_128_GCM_SHA256, TLS_ECDH_RSA_WITH_AES_128_GCM_SHA256, TLS_ECDH_ECDSA_WITH_AES_256_CBC_SHA384, TLS_ECDH_RSA_WITH_AES_256_CBC_SHA384, TLS_ECDH_ECDSA_WITH_AES_128_CBC_SHA256, TLS_ECDH_RSA_WITH_AES_128_CBC_SHA256, TLS_ECDHE_ECDSA_WITH_AES_256_CBC_SHA, TLS_ECDHE_RSA_WITH_AES_256_CBC_SHA, TLS_ECDHE_ECDSA_WITH_AES_128_CBC_SHA, TLS_ECDHE_RSA_WITH_AES_128_CBC_SHA, TLS_DHE_RSA_WITH_AES_256_CBC_SHA, TLS_DHE_DSS_WITH_AES_256_CBC_SHA, TLS_DHE_RSA_WITH_AES_128_CBC_SHA, TLS_DHE_DSS_WITH_AES_128_CBC_SHA, TLS_ECDH_ECDSA_WITH_AES_256_CBC_SHA, TLS_ECDH_RSA_WITH_AES_256_CBC_SHA, TLS_ECDH_ECDSA_WITH_AES_128_CBC_SHA, TLS_ECDH_RSA_WITH_AES_128_CBC_SHA, TLS_RSA_WITH_AES_256_GCM_SHA384, TLS_RSA_WITH_AES_128_GCM_SHA256, TLS_RSA_WITH_AES_256_CBC_SHA256, TLS_RSA_WITH_AES_128_CBC_SHA256, TLS_RSA_WITH_AES_256_CBC_SHA, TLS_RSA_WITH_AES_128_CBC_SHA, TLS_EMPTY_RENEGOTIATION_INFO_SCSV]
17:20:16.866 [Test worker] DEBUG org.apache.http.conn.ssl.SSLConnectionSocketFactory -- Starting handshake
17:20:16.955 [Test worker] DEBUG org.apache.http.conn.ssl.SSLConnectionSocketFactory -- Secure session established
17:20:16.956 [Test worker] DEBUG org.apache.http.conn.ssl.SSLConnectionSocketFactory --  negotiated protocol: TLSv1.3
17:20:16.956 [Test worker] DEBUG org.apache.http.conn.ssl.SSLConnectionSocketFactory --  negotiated cipher suite: TLS_AES_256_GCM_SHA384
17:20:16.956 [Test worker] DEBUG org.apache.http.conn.ssl.SSLConnectionSocketFactory --  peer principal: CN=api.demoblaze.com
17:20:16.956 [Test worker] DEBUG org.apache.http.conn.ssl.SSLConnectionSocketFactory --  peer alternative names: [api.demoblaze.com]
17:20:16.956 [Test worker] DEBUG org.apache.http.conn.ssl.SSLConnectionSocketFactory --  issuer principal: CN=WR3, O=Google Trust Services, C=US
17:20:16.956 [Test worker] DEBUG org.apache.http.impl.conn.DefaultHttpClientConnectionOperator -- Connection established 192.168.1.16:63129<->172.217.162.147:443
17:20:16.957 [Test worker] DEBUG org.apache.http.impl.conn.DefaultManagedHttpClientConnection -- http-outgoing-3: set socket timeout to 15000
17:20:16.957 [Test worker] DEBUG org.apache.http.impl.execchain.MainClientExec -- Executing request POST /signup HTTP/1.1
17:20:16.957 [Test worker] DEBUG org.apache.http.impl.execchain.MainClientExec -- Target auth state: UNCHALLENGED
17:20:16.957 [Test worker] DEBUG org.apache.http.impl.execchain.MainClientExec -- Proxy auth state: UNCHALLENGED
17:20:16.957 [Test worker] DEBUG org.apache.http.headers -- http-outgoing-3 >> POST /signup HTTP/1.1
17:20:16.957 [Test worker] DEBUG org.apache.http.headers -- http-outgoing-3 >> Content-Type: application/json; charset=UTF-8
17:20:16.957 [Test worker] DEBUG org.apache.http.headers -- http-outgoing-3 >> Content-Length: 58
17:20:16.957 [Test worker] DEBUG org.apache.http.headers -- http-outgoing-3 >> Host: api.demoblaze.com
17:20:16.957 [Test worker] DEBUG org.apache.http.headers -- http-outgoing-3 >> Connection: Keep-Alive
17:20:16.957 [Test worker] DEBUG org.apache.http.headers -- http-outgoing-3 >> User-Agent: Apache-HttpClient/4.5.14 (Java/17.0.2)
17:20:16.957 [Test worker] DEBUG org.apache.http.headers -- http-outgoing-3 >> Accept-Encoding: gzip,deflate
17:20:16.957 [Test worker] DEBUG org.apache.http.wire -- http-outgoing-3 >> "POST /signup HTTP/1.1[\r][\n]"
17:20:16.957 [Test worker] DEBUG org.apache.http.wire -- http-outgoing-3 >> "Content-Type: application/json; charset=UTF-8[\r][\n]"
17:20:16.957 [Test worker] DEBUG org.apache.http.wire -- http-outgoing-3 >> "Content-Length: 58[\r][\n]"
17:20:16.957 [Test worker] DEBUG org.apache.http.wire -- http-outgoing-3 >> "Host: api.demoblaze.com[\r][\n]"
17:20:16.957 [Test worker] DEBUG org.apache.http.wire -- http-outgoing-3 >> "Connection: Keep-Alive[\r][\n]"
17:20:16.957 [Test worker] DEBUG org.apache.http.wire -- http-outgoing-3 >> "User-Agent: Apache-HttpClient/4.5.14 (Java/17.0.2)[\r][\n]"
17:20:16.957 [Test worker] DEBUG org.apache.http.wire -- http-outgoing-3 >> "Accept-Encoding: gzip,deflate[\r][\n]"
17:20:16.957 [Test worker] DEBUG org.apache.http.wire -- http-outgoing-3 >> "[\r][\n]"
17:20:16.957 [Test worker] DEBUG org.apache.http.wire -- http-outgoing-3 >> "{"username":"user_1771626016846","password":"password123"}"
17:20:17.127 [Test worker] DEBUG org.apache.http.wire -- http-outgoing-3 << "HTTP/1.1 200 OK[\r][\n]"
17:20:17.127 [Test worker] DEBUG org.apache.http.wire -- http-outgoing-3 << "content-type: application/json[\r][\n]"
17:20:17.128 [Test worker] DEBUG org.apache.http.wire -- http-outgoing-3 << "x-cloud-trace-context: e2b427b568ab427451eca8daa169142e[\r][\n]"
17:20:17.128 [Test worker] DEBUG org.apache.http.wire -- http-outgoing-3 << "date: Fri, 20 Feb 2026 22:20:16 GMT[\r][\n]"
17:20:17.128 [Test worker] DEBUG org.apache.http.wire -- http-outgoing-3 << "server: Google Frontend[\r][\n]"
17:20:17.128 [Test worker] DEBUG org.apache.http.wire -- http-outgoing-3 << "Content-Length: 3[\r][\n]"
17:20:17.128 [Test worker] DEBUG org.apache.http.wire -- http-outgoing-3 << "[\r][\n]"
17:20:17.128 [Test worker] DEBUG org.apache.http.wire -- http-outgoing-3 << """[\n]"
17:20:17.128 [Test worker] DEBUG org.apache.http.headers -- http-outgoing-3 << HTTP/1.1 200 OK
17:20:17.128 [Test worker] DEBUG org.apache.http.headers -- http-outgoing-3 << content-type: application/json
17:20:17.128 [Test worker] DEBUG org.apache.http.headers -- http-outgoing-3 << x-cloud-trace-context: e2b427b568ab427451eca8daa169142e
17:20:17.128 [Test worker] DEBUG org.apache.http.headers -- http-outgoing-3 << date: Fri, 20 Feb 2026 22:20:16 GMT
17:20:17.128 [Test worker] DEBUG org.apache.http.headers -- http-outgoing-3 << server: Google Frontend
17:20:17.128 [Test worker] DEBUG org.apache.http.headers -- http-outgoing-3 << Content-Length: 3
17:20:17.128 [Test worker] DEBUG org.apache.http.impl.execchain.MainClientExec -- Connection can be kept alive indefinitely
17:20:17.129 [Test worker] DEBUG org.apache.http.impl.conn.PoolingHttpClientConnectionManager -- Connection [id: 3][route: {s}->https://api.demoblaze.com:443] can be kept alive indefinitely
17:20:17.129 [Test worker] DEBUG org.apache.http.impl.conn.DefaultManagedHttpClientConnection -- http-outgoing-3: set socket timeout to 0
17:20:17.129 [Test worker] DEBUG org.apache.http.impl.conn.PoolingHttpClientConnectionManager -- Connection released: [id: 3][route: {s}->https://api.demoblaze.com:443][total available: 1; route allocated: 1 of 5; total allocated: 1 of 10]
17:20:17.129 [Test worker] DEBUG org.apache.http.impl.conn.PoolingHttpClientConnectionManager -- Connection manager is shutting down
17:20:17.129 [Test worker] DEBUG org.apache.http.impl.conn.DefaultManagedHttpClientConnection -- http-outgoing-3: Close connection
17:20:17.131 [Test worker] DEBUG org.apache.http.impl.conn.PoolingHttpClientConnectionManager -- Connection manager shut down
17:20:17.131 [Test worker] DEBUG com.intuit.karate -- response time in milliseconds: 273
1 < 200
1 < content-type: application/json
1 < x-cloud-trace-context: e2b427b568ab427451eca8daa169142e
1 < date: Fri, 20 Feb 2026 22:20:16 GMT
1 < server: Google Frontend
1 < Content-Length: 3
""


17:20:19.161 [Test worker] DEBUG com.jayway.jsonpath.internal.path.CompiledPath -- Evaluating path: $
17:20:19.165 [Test worker] DEBUG org.apache.http.client.protocol.RequestAddCookies -- CookieSpec selected: karate
17:20:19.165 [Test worker] DEBUG org.apache.http.client.protocol.RequestAuthCache -- Auth cache not set in the context
17:20:19.165 [Test worker] DEBUG com.intuit.karate -- request:
2 > POST https://api.demoblaze.com/addtocart
2 > Content-Type: application/json; charset=UTF-8
2 > Content-Length: 104
2 > Host: api.demoblaze.com
2 > Connection: Keep-Alive
2 > User-Agent: Apache-HttpClient/4.5.14 (Java/17.0.2)
2 > Accept-Encoding: gzip,deflate
{"id":"e0cd0745-b61a-4246-b5cc-33da58a3460c","cookie":"user=user_1771626016846","prod_id":1,"flag":true}

17:20:19.166 [Test worker] DEBUG org.apache.http.impl.conn.PoolingHttpClientConnectionManager -- Connection request: [route: {s}->https://api.demoblaze.com:443][total available: 0; route allocated: 0 of 5; total allocated: 0 of 10]
17:20:19.166 [Test worker] DEBUG org.apache.http.impl.conn.PoolingHttpClientConnectionManager -- Connection leased: [id: 4][route: {s}->https://api.demoblaze.com:443][total available: 0; route allocated: 1 of 5; total allocated: 1 of 10]
17:20:19.166 [Test worker] DEBUG org.apache.http.impl.execchain.MainClientExec -- Opening connection {s}->https://api.demoblaze.com:443
17:20:19.166 [Test worker] DEBUG org.apache.http.impl.conn.DefaultHttpClientConnectionOperator -- Connecting to api.demoblaze.com/172.217.162.147:443
17:20:19.166 [Test worker] DEBUG org.apache.http.conn.ssl.SSLConnectionSocketFactory -- Connecting socket to api.demoblaze.com/172.217.162.147:443 with timeout 5000
17:20:19.198 [Test worker] DEBUG org.apache.http.conn.ssl.SSLConnectionSocketFactory -- Enabled protocols: [TLSv1.3, TLSv1.2]
17:20:19.198 [Test worker] DEBUG org.apache.http.conn.ssl.SSLConnectionSocketFactory -- Enabled cipher suites:[TLS_AES_256_GCM_SHA384, TLS_AES_128_GCM_SHA256, TLS_CHACHA20_POLY1305_SHA256, TLS_ECDHE_ECDSA_WITH_AES_256_GCM_SHA384, TLS_ECDHE_ECDSA_WITH_AES_128_GCM_SHA256, TLS_ECDHE_ECDSA_WITH_CHACHA20_POLY1305_SHA256, TLS_ECDHE_RSA_WITH_AES_256_GCM_SHA384, TLS_ECDHE_RSA_WITH_CHACHA20_POLY1305_SHA256, TLS_ECDHE_RSA_WITH_AES_128_GCM_SHA256, TLS_DHE_RSA_WITH_AES_256_GCM_SHA384, TLS_DHE_RSA_WITH_CHACHA20_POLY1305_SHA256, TLS_DHE_DSS_WITH_AES_256_GCM_SHA384, TLS_DHE_RSA_WITH_AES_128_GCM_SHA256, TLS_DHE_DSS_WITH_AES_128_GCM_SHA256, TLS_ECDHE_ECDSA_WITH_AES_256_CBC_SHA384, TLS_ECDHE_RSA_WITH_AES_256_CBC_SHA384, TLS_ECDHE_ECDSA_WITH_AES_128_CBC_SHA256, TLS_ECDHE_RSA_WITH_AES_128_CBC_SHA256, TLS_DHE_RSA_WITH_AES_256_CBC_SHA256, TLS_DHE_DSS_WITH_AES_256_CBC_SHA256, TLS_DHE_RSA_WITH_AES_128_CBC_SHA256, TLS_DHE_DSS_WITH_AES_128_CBC_SHA256, TLS_ECDH_ECDSA_WITH_AES_256_GCM_SHA384, TLS_ECDH_RSA_WITH_AES_256_GCM_SHA384, TLS_ECDH_ECDSA_WITH_AES_128_GCM_SHA256, TLS_ECDH_RSA_WITH_AES_128_GCM_SHA256, TLS_ECDH_ECDSA_WITH_AES_256_CBC_SHA384, TLS_ECDH_RSA_WITH_AES_256_CBC_SHA384, TLS_ECDH_ECDSA_WITH_AES_128_CBC_SHA256, TLS_ECDH_RSA_WITH_AES_128_CBC_SHA256, TLS_ECDHE_ECDSA_WITH_AES_256_CBC_SHA, TLS_ECDHE_RSA_WITH_AES_256_CBC_SHA, TLS_ECDHE_ECDSA_WITH_AES_128_CBC_SHA, TLS_ECDHE_RSA_WITH_AES_128_CBC_SHA, TLS_DHE_RSA_WITH_AES_256_CBC_SHA, TLS_DHE_DSS_WITH_AES_256_CBC_SHA, TLS_DHE_RSA_WITH_AES_128_CBC_SHA, TLS_DHE_DSS_WITH_AES_128_CBC_SHA, TLS_ECDH_ECDSA_WITH_AES_256_CBC_SHA, TLS_ECDH_RSA_WITH_AES_256_CBC_SHA, TLS_ECDH_ECDSA_WITH_AES_128_CBC_SHA, TLS_ECDH_RSA_WITH_AES_128_CBC_SHA, TLS_RSA_WITH_AES_256_GCM_SHA384, TLS_RSA_WITH_AES_128_GCM_SHA256, TLS_RSA_WITH_AES_256_CBC_SHA256, TLS_RSA_WITH_AES_128_CBC_SHA256, TLS_RSA_WITH_AES_256_CBC_SHA, TLS_RSA_WITH_AES_128_CBC_SHA, TLS_EMPTY_RENEGOTIATION_INFO_SCSV]
17:20:19.198 [Test worker] DEBUG org.apache.http.conn.ssl.SSLConnectionSocketFactory -- Starting handshake
17:20:19.355 [Test worker] DEBUG org.apache.http.conn.ssl.SSLConnectionSocketFactory -- Secure session established
17:20:19.355 [Test worker] DEBUG org.apache.http.conn.ssl.SSLConnectionSocketFactory --  negotiated protocol: TLSv1.3
17:20:19.355 [Test worker] DEBUG org.apache.http.conn.ssl.SSLConnectionSocketFactory --  negotiated cipher suite: TLS_AES_256_GCM_SHA384
17:20:19.355 [Test worker] DEBUG org.apache.http.conn.ssl.SSLConnectionSocketFactory --  peer principal: CN=api.demoblaze.com
17:20:19.355 [Test worker] DEBUG org.apache.http.conn.ssl.SSLConnectionSocketFactory --  peer alternative names: [api.demoblaze.com]
17:20:19.355 [Test worker] DEBUG org.apache.http.conn.ssl.SSLConnectionSocketFactory --  issuer principal: CN=WR3, O=Google Trust Services, C=US
17:20:19.356 [Test worker] DEBUG org.apache.http.impl.conn.DefaultHttpClientConnectionOperator -- Connection established 192.168.1.16:63130<->172.217.162.147:443
17:20:19.356 [Test worker] DEBUG org.apache.http.impl.conn.DefaultManagedHttpClientConnection -- http-outgoing-4: set socket timeout to 15000
17:20:19.356 [Test worker] DEBUG org.apache.http.impl.execchain.MainClientExec -- Executing request POST /addtocart HTTP/1.1
17:20:19.356 [Test worker] DEBUG org.apache.http.impl.execchain.MainClientExec -- Target auth state: UNCHALLENGED
17:20:19.356 [Test worker] DEBUG org.apache.http.impl.execchain.MainClientExec -- Proxy auth state: UNCHALLENGED
17:20:19.356 [Test worker] DEBUG org.apache.http.headers -- http-outgoing-4 >> POST /addtocart HTTP/1.1
17:20:19.356 [Test worker] DEBUG org.apache.http.headers -- http-outgoing-4 >> Content-Type: application/json; charset=UTF-8
17:20:19.356 [Test worker] DEBUG org.apache.http.headers -- http-outgoing-4 >> Content-Length: 104
17:20:19.356 [Test worker] DEBUG org.apache.http.headers -- http-outgoing-4 >> Host: api.demoblaze.com
17:20:19.356 [Test worker] DEBUG org.apache.http.headers -- http-outgoing-4 >> Connection: Keep-Alive
17:20:19.356 [Test worker] DEBUG org.apache.http.headers -- http-outgoing-4 >> User-Agent: Apache-HttpClient/4.5.14 (Java/17.0.2)
17:20:19.356 [Test worker] DEBUG org.apache.http.headers -- http-outgoing-4 >> Accept-Encoding: gzip,deflate
17:20:19.356 [Test worker] DEBUG org.apache.http.wire -- http-outgoing-4 >> "POST /addtocart HTTP/1.1[\r][\n]"
17:20:19.357 [Test worker] DEBUG org.apache.http.wire -- http-outgoing-4 >> "Content-Type: application/json; charset=UTF-8[\r][\n]"
17:20:19.357 [Test worker] DEBUG org.apache.http.wire -- http-outgoing-4 >> "Content-Length: 104[\r][\n]"
17:20:19.357 [Test worker] DEBUG org.apache.http.wire -- http-outgoing-4 >> "Host: api.demoblaze.com[\r][\n]"
17:20:19.357 [Test worker] DEBUG org.apache.http.wire -- http-outgoing-4 >> "Connection: Keep-Alive[\r][\n]"
17:20:19.357 [Test worker] DEBUG org.apache.http.wire -- http-outgoing-4 >> "User-Agent: Apache-HttpClient/4.5.14 (Java/17.0.2)[\r][\n]"
17:20:19.357 [Test worker] DEBUG org.apache.http.wire -- http-outgoing-4 >> "Accept-Encoding: gzip,deflate[\r][\n]"
17:20:19.357 [Test worker] DEBUG org.apache.http.wire -- http-outgoing-4 >> "[\r][\n]"
17:20:19.357 [Test worker] DEBUG org.apache.http.wire -- http-outgoing-4 >> "{"id":"e0cd0745-b61a-4246-b5cc-33da58a3460c","cookie":"user=user_1771626016846","prod_id":1,"flag":true}"
17:20:19.465 [Test worker] DEBUG org.apache.http.wire -- http-outgoing-4 << "HTTP/1.1 200 OK[\r][\n]"
17:20:19.466 [Test worker] DEBUG org.apache.http.wire -- http-outgoing-4 << "content-type: application/json[\r][\n]"
17:20:19.466 [Test worker] DEBUG org.apache.http.wire -- http-outgoing-4 << "vary: Accept-Encoding[\r][\n]"
17:20:19.466 [Test worker] DEBUG org.apache.http.wire -- http-outgoing-4 << "content-encoding: gzip[\r][\n]"
17:20:19.466 [Test worker] DEBUG org.apache.http.wire -- http-outgoing-4 << "x-cloud-trace-context: cb83284a4beaa4129e905acdf93905af[\r][\n]"
17:20:19.466 [Test worker] DEBUG org.apache.http.wire -- http-outgoing-4 << "date: Fri, 20 Feb 2026 22:20:19 GMT[\r][\n]"
17:20:19.466 [Test worker] DEBUG org.apache.http.wire -- http-outgoing-4 << "server: Google Frontend[\r][\n]"
17:20:19.466 [Test worker] DEBUG org.apache.http.wire -- http-outgoing-4 << "Transfer-Encoding: chunked[\r][\n]"
17:20:19.466 [Test worker] DEBUG org.apache.http.wire -- http-outgoing-4 << "[\r][\n]"
17:20:19.466 [Test worker] DEBUG org.apache.http.wire -- http-outgoing-4 << "00000001[\r][\n]"
17:20:19.466 [Test worker] DEBUG org.apache.http.wire -- http-outgoing-4 << "[0x1f][\r][\n]"
17:20:19.466 [Test worker] DEBUG org.apache.http.wire -- http-outgoing-4 << "00000001[\r][\n]"
17:20:19.466 [Test worker] DEBUG org.apache.http.wire -- http-outgoing-4 << "[0x8b][\r][\n]"
17:20:19.466 [Test worker] DEBUG org.apache.http.wire -- http-outgoing-4 << "00000001[\r][\n]"
17:20:19.467 [Test worker] DEBUG org.apache.http.wire -- http-outgoing-4 << "[0x8][\r][\n]"
17:20:19.467 [Test worker] DEBUG org.apache.http.wire -- http-outgoing-4 << "00000001[\r][\n]"
17:20:19.467 [Test worker] DEBUG org.apache.http.wire -- http-outgoing-4 << "[0x0][\r][\n]"
17:20:19.467 [Test worker] DEBUG org.apache.http.wire -- http-outgoing-4 << "00000001[\r][\n]"
17:20:19.467 [Test worker] DEBUG org.apache.http.wire -- http-outgoing-4 << "[0x0][\r][\n]"
17:20:19.467 [Test worker] DEBUG org.apache.http.wire -- http-outgoing-4 << "00000001[\r][\n]"
17:20:19.467 [Test worker] DEBUG org.apache.http.wire -- http-outgoing-4 << "[0x0][\r][\n]"
17:20:19.467 [Test worker] DEBUG org.apache.http.wire -- http-outgoing-4 << "00000001[\r][\n]"
17:20:19.467 [Test worker] DEBUG org.apache.http.wire -- http-outgoing-4 << "[0x0][\r][\n]"
17:20:19.467 [Test worker] DEBUG org.apache.http.wire -- http-outgoing-4 << "00000001[\r][\n]"
17:20:19.467 [Test worker] DEBUG org.apache.http.wire -- http-outgoing-4 << "[0x0][\r][\n]"
17:20:19.467 [Test worker] DEBUG org.apache.http.wire -- http-outgoing-4 << "00000001[\r][\n]"
17:20:19.467 [Test worker] DEBUG org.apache.http.wire -- http-outgoing-4 << "[0x4][\r][\n]"
17:20:19.467 [Test worker] DEBUG org.apache.http.wire -- http-outgoing-4 << "00000001[\r][\n]"
17:20:19.467 [Test worker] DEBUG org.apache.http.wire -- http-outgoing-4 << "[0x3][\r][\n]"
17:20:19.467 [Test worker] DEBUG org.apache.http.wire -- http-outgoing-4 << "00000001[\r][\n]"
17:20:19.467 [Test worker] DEBUG org.apache.http.wire -- http-outgoing-4 << "[0xaa][\r][\n]"
17:20:19.467 [Test worker] DEBUG org.apache.http.wire -- http-outgoing-4 << "0042[\r][\n]"
17:20:19.467 [Test worker] DEBUG org.apache.http.wire -- http-outgoing-4 << "VJ-*[0xca]/[0xf2]M-.NLOU[0xb2]RrJLQ(H,J[0xcc]M-I-[0xd2]Q([0xc9][0xcf]N[0xcd]S[0xc8]M[0xcc]I[0xcb]/[0xca]MM[0xd1]S[0xaa][0xe5][0x2][0x0][0x0][0x0][0xff][0xff][0x3][0x0]_[0xe0]}[0xab]3[0x0][0x0][0x0][\r][\n]"
17:20:19.468 [Test worker] DEBUG org.apache.http.headers -- http-outgoing-4 << HTTP/1.1 200 OK
17:20:19.468 [Test worker] DEBUG org.apache.http.headers -- http-outgoing-4 << content-type: application/json
17:20:19.468 [Test worker] DEBUG org.apache.http.headers -- http-outgoing-4 << vary: Accept-Encoding
17:20:19.468 [Test worker] DEBUG org.apache.http.headers -- http-outgoing-4 << content-encoding: gzip
17:20:19.468 [Test worker] DEBUG org.apache.http.headers -- http-outgoing-4 << x-cloud-trace-context: cb83284a4beaa4129e905acdf93905af
17:20:19.468 [Test worker] DEBUG org.apache.http.headers -- http-outgoing-4 << date: Fri, 20 Feb 2026 22:20:19 GMT
17:20:19.468 [Test worker] DEBUG org.apache.http.headers -- http-outgoing-4 << server: Google Frontend
17:20:19.468 [Test worker] DEBUG org.apache.http.headers -- http-outgoing-4 << Transfer-Encoding: chunked
17:20:19.468 [Test worker] DEBUG org.apache.http.impl.execchain.MainClientExec -- Connection can be kept alive indefinitely
17:20:19.469 [Test worker] DEBUG org.apache.http.impl.conn.DefaultManagedHttpClientConnection -- http-outgoing-4: Close connection
17:20:19.471 [Test worker] DEBUG org.apache.http.impl.execchain.MainClientExec -- Connection discarded
17:20:19.471 [Test worker] DEBUG org.apache.http.impl.conn.PoolingHttpClientConnectionManager -- Connection released: [id: 4][route: {s}->https://api.demoblaze.com:443][total available: 0; route allocated: 0 of 5; total allocated: 0 of 10]
17:20:19.471 [Test worker] DEBUG org.apache.http.impl.conn.PoolingHttpClientConnectionManager -- Connection manager is shutting down
17:20:19.471 [Test worker] DEBUG org.apache.http.impl.conn.PoolingHttpClientConnectionManager -- Connection manager shut down
17:20:19.473 [Test worker] DEBUG com.intuit.karate -- response time in milliseconds: 303
2 < 200
2 < content-type: application/json
2 < vary: Accept-Encoding
2 < x-cloud-trace-context: cb83284a4beaa4129e905acdf93905af
2 < date: Fri, 20 Feb 2026 22:20:19 GMT
2 < server: Google Frontend
2 < Transfer-Encoding: chunked
{"errorMessage":"Bad parameter, token malformed."}


17:20:21.485 [Test worker] DEBUG com.jayway.jsonpath.internal.path.CompiledPath -- Evaluating path: $
17:20:21.490 [Test worker] DEBUG org.apache.http.client.protocol.RequestAddCookies -- CookieSpec selected: karate
17:20:21.490 [Test worker] DEBUG org.apache.http.client.protocol.RequestAuthCache -- Auth cache not set in the context
17:20:21.491 [Test worker] DEBUG com.intuit.karate -- request:
3 > POST https://api.demoblaze.com/deletecart
3 > Content-Type: application/json; charset=UTF-8
3 > Content-Length: 36
3 > Host: api.demoblaze.com
3 > Connection: Keep-Alive
3 > User-Agent: Apache-HttpClient/4.5.14 (Java/17.0.2)
3 > Accept-Encoding: gzip,deflate
{"cookie":"user=user_1771626016846"}

17:20:21.491 [Test worker] DEBUG org.apache.http.impl.conn.PoolingHttpClientConnectionManager -- Connection request: [route: {s}->https://api.demoblaze.com:443][total available: 0; route allocated: 0 of 5; total allocated: 0 of 10]
17:20:21.491 [Test worker] DEBUG org.apache.http.impl.conn.PoolingHttpClientConnectionManager -- Connection leased: [id: 5][route: {s}->https://api.demoblaze.com:443][total available: 0; route allocated: 1 of 5; total allocated: 1 of 10]
17:20:21.491 [Test worker] DEBUG org.apache.http.impl.execchain.MainClientExec -- Opening connection {s}->https://api.demoblaze.com:443
17:20:21.492 [Test worker] DEBUG org.apache.http.impl.conn.DefaultHttpClientConnectionOperator -- Connecting to api.demoblaze.com/172.217.162.147:443
17:20:21.492 [Test worker] DEBUG org.apache.http.conn.ssl.SSLConnectionSocketFactory -- Connecting socket to api.demoblaze.com/172.217.162.147:443 with timeout 5000
17:20:21.502 [Test worker] DEBUG org.apache.http.conn.ssl.SSLConnectionSocketFactory -- Enabled protocols: [TLSv1.3, TLSv1.2]
17:20:21.503 [Test worker] DEBUG org.apache.http.conn.ssl.SSLConnectionSocketFactory -- Enabled cipher suites:[TLS_AES_256_GCM_SHA384, TLS_AES_128_GCM_SHA256, TLS_CHACHA20_POLY1305_SHA256, TLS_ECDHE_ECDSA_WITH_AES_256_GCM_SHA384, TLS_ECDHE_ECDSA_WITH_AES_128_GCM_SHA256, TLS_ECDHE_ECDSA_WITH_CHACHA20_POLY1305_SHA256, TLS_ECDHE_RSA_WITH_AES_256_GCM_SHA384, TLS_ECDHE_RSA_WITH_CHACHA20_POLY1305_SHA256, TLS_ECDHE_RSA_WITH_AES_128_GCM_SHA256, TLS_DHE_RSA_WITH_AES_256_GCM_SHA384, TLS_DHE_RSA_WITH_CHACHA20_POLY1305_SHA256, TLS_DHE_DSS_WITH_AES_256_GCM_SHA384, TLS_DHE_RSA_WITH_AES_128_GCM_SHA256, TLS_DHE_DSS_WITH_AES_128_GCM_SHA256, TLS_ECDHE_ECDSA_WITH_AES_256_CBC_SHA384, TLS_ECDHE_RSA_WITH_AES_256_CBC_SHA384, TLS_ECDHE_ECDSA_WITH_AES_128_CBC_SHA256, TLS_ECDHE_RSA_WITH_AES_128_CBC_SHA256, TLS_DHE_RSA_WITH_AES_256_CBC_SHA256, TLS_DHE_DSS_WITH_AES_256_CBC_SHA256, TLS_DHE_RSA_WITH_AES_128_CBC_SHA256, TLS_DHE_DSS_WITH_AES_128_CBC_SHA256, TLS_ECDH_ECDSA_WITH_AES_256_GCM_SHA384, TLS_ECDH_RSA_WITH_AES_256_GCM_SHA384, TLS_ECDH_ECDSA_WITH_AES_128_GCM_SHA256, TLS_ECDH_RSA_WITH_AES_128_GCM_SHA256, TLS_ECDH_ECDSA_WITH_AES_256_CBC_SHA384, TLS_ECDH_RSA_WITH_AES_256_CBC_SHA384, TLS_ECDH_ECDSA_WITH_AES_128_CBC_SHA256, TLS_ECDH_RSA_WITH_AES_128_CBC_SHA256, TLS_ECDHE_ECDSA_WITH_AES_256_CBC_SHA, TLS_ECDHE_RSA_WITH_AES_256_CBC_SHA, TLS_ECDHE_ECDSA_WITH_AES_128_CBC_SHA, TLS_ECDHE_RSA_WITH_AES_128_CBC_SHA, TLS_DHE_RSA_WITH_AES_256_CBC_SHA, TLS_DHE_DSS_WITH_AES_256_CBC_SHA, TLS_DHE_RSA_WITH_AES_128_CBC_SHA, TLS_DHE_DSS_WITH_AES_128_CBC_SHA, TLS_ECDH_ECDSA_WITH_AES_256_CBC_SHA, TLS_ECDH_RSA_WITH_AES_256_CBC_SHA, TLS_ECDH_ECDSA_WITH_AES_128_CBC_SHA, TLS_ECDH_RSA_WITH_AES_128_CBC_SHA, TLS_RSA_WITH_AES_256_GCM_SHA384, TLS_RSA_WITH_AES_128_GCM_SHA256, TLS_RSA_WITH_AES_256_CBC_SHA256, TLS_RSA_WITH_AES_128_CBC_SHA256, TLS_RSA_WITH_AES_256_CBC_SHA, TLS_RSA_WITH_AES_128_CBC_SHA, TLS_EMPTY_RENEGOTIATION_INFO_SCSV]
17:20:21.503 [Test worker] DEBUG org.apache.http.conn.ssl.SSLConnectionSocketFactory -- Starting handshake
17:20:21.588 [Test worker] DEBUG org.apache.http.conn.ssl.SSLConnectionSocketFactory -- Secure session established
17:20:21.588 [Test worker] DEBUG org.apache.http.conn.ssl.SSLConnectionSocketFactory --  negotiated protocol: TLSv1.3
17:20:21.588 [Test worker] DEBUG org.apache.http.conn.ssl.SSLConnectionSocketFactory --  negotiated cipher suite: TLS_AES_256_GCM_SHA384
17:20:21.588 [Test worker] DEBUG org.apache.http.conn.ssl.SSLConnectionSocketFactory --  peer principal: CN=api.demoblaze.com
17:20:21.588 [Test worker] DEBUG org.apache.http.conn.ssl.SSLConnectionSocketFactory --  peer alternative names: [api.demoblaze.com]
17:20:21.588 [Test worker] DEBUG org.apache.http.conn.ssl.SSLConnectionSocketFactory --  issuer principal: CN=WR3, O=Google Trust Services, C=US
17:20:21.589 [Test worker] DEBUG org.apache.http.impl.conn.DefaultHttpClientConnectionOperator -- Connection established 192.168.1.16:65158<->172.217.162.147:443
17:20:21.589 [Test worker] DEBUG org.apache.http.impl.conn.DefaultManagedHttpClientConnection -- http-outgoing-5: set socket timeout to 15000
17:20:21.589 [Test worker] DEBUG org.apache.http.impl.execchain.MainClientExec -- Executing request POST /deletecart HTTP/1.1
17:20:21.589 [Test worker] DEBUG org.apache.http.impl.execchain.MainClientExec -- Target auth state: UNCHALLENGED
17:20:21.589 [Test worker] DEBUG org.apache.http.impl.execchain.MainClientExec -- Proxy auth state: UNCHALLENGED
17:20:21.589 [Test worker] DEBUG org.apache.http.headers -- http-outgoing-5 >> POST /deletecart HTTP/1.1
17:20:21.589 [Test worker] DEBUG org.apache.http.headers -- http-outgoing-5 >> Content-Type: application/json; charset=UTF-8
17:20:21.589 [Test worker] DEBUG org.apache.http.headers -- http-outgoing-5 >> Content-Length: 36
17:20:21.589 [Test worker] DEBUG org.apache.http.headers -- http-outgoing-5 >> Host: api.demoblaze.com
17:20:21.589 [Test worker] DEBUG org.apache.http.headers -- http-outgoing-5 >> Connection: Keep-Alive
17:20:21.589 [Test worker] DEBUG org.apache.http.headers -- http-outgoing-5 >> User-Agent: Apache-HttpClient/4.5.14 (Java/17.0.2)
17:20:21.589 [Test worker] DEBUG org.apache.http.headers -- http-outgoing-5 >> Accept-Encoding: gzip,deflate
17:20:21.589 [Test worker] DEBUG org.apache.http.wire -- http-outgoing-5 >> "POST /deletecart HTTP/1.1[\r][\n]"
17:20:21.589 [Test worker] DEBUG org.apache.http.wire -- http-outgoing-5 >> "Content-Type: application/json; charset=UTF-8[\r][\n]"
17:20:21.589 [Test worker] DEBUG org.apache.http.wire -- http-outgoing-5 >> "Content-Length: 36[\r][\n]"
17:20:21.589 [Test worker] DEBUG org.apache.http.wire -- http-outgoing-5 >> "Host: api.demoblaze.com[\r][\n]"
17:20:21.589 [Test worker] DEBUG org.apache.http.wire -- http-outgoing-5 >> "Connection: Keep-Alive[\r][\n]"
17:20:21.589 [Test worker] DEBUG org.apache.http.wire -- http-outgoing-5 >> "User-Agent: Apache-HttpClient/4.5.14 (Java/17.0.2)[\r][\n]"
17:20:21.589 [Test worker] DEBUG org.apache.http.wire -- http-outgoing-5 >> "Accept-Encoding: gzip,deflate[\r][\n]"
17:20:21.589 [Test worker] DEBUG org.apache.http.wire -- http-outgoing-5 >> "[\r][\n]"
17:20:21.589 [Test worker] DEBUG org.apache.http.wire -- http-outgoing-5 >> "{"cookie":"user=user_1771626016846"}"
17:20:21.724 [Test worker] DEBUG org.apache.http.wire -- http-outgoing-5 << "HTTP/1.1 200 OK[\r][\n]"
17:20:21.726 [Test worker] DEBUG org.apache.http.wire -- http-outgoing-5 << "content-type: application/json[\r][\n]"
17:20:21.726 [Test worker] DEBUG org.apache.http.wire -- http-outgoing-5 << "x-cloud-trace-context: 30334b832601d2012b1b490d06041618[\r][\n]"
17:20:21.726 [Test worker] DEBUG org.apache.http.wire -- http-outgoing-5 << "date: Fri, 20 Feb 2026 22:20:21 GMT[\r][\n]"
17:20:21.726 [Test worker] DEBUG org.apache.http.wire -- http-outgoing-5 << "server: Google Frontend[\r][\n]"
17:20:21.726 [Test worker] DEBUG org.apache.http.wire -- http-outgoing-5 << "Content-Length: 16[\r][\n]"
17:20:21.726 [Test worker] DEBUG org.apache.http.wire -- http-outgoing-5 << "[\r][\n]"
17:20:21.726 [Test worker] DEBUG org.apache.http.wire -- http-outgoing-5 << ""Item deleted."[\n]"
17:20:21.726 [Test worker] DEBUG org.apache.http.headers -- http-outgoing-5 << HTTP/1.1 200 OK
17:20:21.726 [Test worker] DEBUG org.apache.http.headers -- http-outgoing-5 << content-type: application/json
17:20:21.726 [Test worker] DEBUG org.apache.http.headers -- http-outgoing-5 << x-cloud-trace-context: 30334b832601d2012b1b490d06041618
17:20:21.726 [Test worker] DEBUG org.apache.http.headers -- http-outgoing-5 << date: Fri, 20 Feb 2026 22:20:21 GMT
17:20:21.726 [Test worker] DEBUG org.apache.http.headers -- http-outgoing-5 << server: Google Frontend
17:20:21.726 [Test worker] DEBUG org.apache.http.headers -- http-outgoing-5 << Content-Length: 16
17:20:21.726 [Test worker] DEBUG org.apache.http.impl.execchain.MainClientExec -- Connection can be kept alive indefinitely
17:20:21.726 [Test worker] DEBUG org.apache.http.impl.conn.PoolingHttpClientConnectionManager -- Connection [id: 5][route: {s}->https://api.demoblaze.com:443] can be kept alive indefinitely
17:20:21.727 [Test worker] DEBUG org.apache.http.impl.conn.DefaultManagedHttpClientConnection -- http-outgoing-5: set socket timeout to 0
17:20:21.727 [Test worker] DEBUG org.apache.http.impl.conn.PoolingHttpClientConnectionManager -- Connection released: [id: 5][route: {s}->https://api.demoblaze.com:443][total available: 1; route allocated: 1 of 5; total allocated: 1 of 10]
17:20:21.727 [Test worker] DEBUG org.apache.http.impl.conn.PoolingHttpClientConnectionManager -- Connection manager is shutting down
17:20:21.727 [Test worker] DEBUG org.apache.http.impl.conn.DefaultManagedHttpClientConnection -- http-outgoing-5: Close connection
17:20:21.728 [Test worker] DEBUG org.apache.http.impl.conn.PoolingHttpClientConnectionManager -- Connection manager shut down
17:20:21.728 [Test worker] DEBUG com.intuit.karate -- response time in milliseconds: 236
3 < 200
3 < content-type: application/json
3 < x-cloud-trace-context: 30334b832601d2012b1b490d06041618
3 < date: Fri, 20 Feb 2026 22:20:21 GMT
3 < server: Google Frontend
3 < Content-Length: 16
"Item deleted."


17:20:21.789 [Test worker] DEBUG org.thymeleaf.TemplateEngine -- [THYMELEAF] INITIALIZING TEMPLATE ENGINE
17:20:21.973 [Test worker] DEBUG org.thymeleaf.TemplateEngine.CONFIG -- Initializing Thymeleaf Template engine configuration...
[THYMELEAF] TEMPLATE ENGINE CONFIGURATION:
[THYMELEAF] * Thymeleaf version: 3.1.2.RELEASE (built 2023-07-30T19:25:50+0000)
[THYMELEAF] * Cache Manager implementation: org.thymeleaf.cache.StandardCacheManager
[THYMELEAF] * Template resolvers:
[THYMELEAF]     * [1] com.intuit.karate.template.ResourceHtmlTemplateResolver
[THYMELEAF] * Message resolvers:
[THYMELEAF]     * org.thymeleaf.messageresolver.StandardMessageResolver
[THYMELEAF] * Link builders:
[THYMELEAF]     * org.thymeleaf.linkbuilder.StandardLinkBuilder
[THYMELEAF] * Dialect [1 of 2]: Standard (com.intuit.karate.template.KarateStandardDialect)
[THYMELEAF]     * Prefix: "th"
[THYMELEAF]     * Processors for Template Mode: HTML
[THYMELEAF]         * Element Tag Processors by [matching element and attribute name] [precedence]:
[THYMELEAF]             * [* {th:include,data-th-include}] [100]: org.thymeleaf.standard.processor.StandardIncludeTagProcessor
[THYMELEAF]             * [* {th:insert,data-th-insert}] [100]: org.thymeleaf.standard.processor.StandardInsertTagProcessor
[THYMELEAF]             * [* {th:replace,data-th-replace}] [100]: org.thymeleaf.standard.processor.StandardReplaceTagProcessor
[THYMELEAF]             * [* {th:each,data-th-each}] [200]: com.intuit.karate.template.KarateEachTagProcessor
[THYMELEAF]             * [* {th:switch,data-th-switch}] [250]: org.thymeleaf.standard.processor.StandardSwitchTagProcessor
[THYMELEAF]             * [* {th:case,data-th-case}] [275]: org.thymeleaf.standard.processor.StandardCaseTagProcessor
[THYMELEAF]             * [* {th:if,data-th-if}] [300]: org.thymeleaf.standard.processor.StandardIfTagProcessor
[THYMELEAF]             * [* {th:unless,data-th-unless}] [400]: org.thymeleaf.standard.processor.StandardUnlessTagProcessor
[THYMELEAF]             * [* {th:object,data-th-object}] [500]: org.thymeleaf.standard.processor.StandardObjectTagProcessor
[THYMELEAF]             * [* {th:with,data-th-with}] [600]: com.intuit.karate.template.KarateWithTagProcessor
[THYMELEAF]             * [* {th:attr,data-th-attr}] [700]: com.intuit.karate.template.KarateAttributeTagProcessor.KarateAttrTagProcessor
[THYMELEAF]             * [* {th:attrappend,data-th-attrappend}] [900]: com.intuit.karate.template.KarateAttributeTagProcessor.KarateAttrappendTagProcessor
[THYMELEAF]             * [* {th:attrprepend,data-th-attrprepend}] [900]: com.intuit.karate.template.KarateAttributeTagProcessor.KarateAttrprependTagProcessor
[THYMELEAF]             * [* {th:alt-title,data-th-alt-title}] [990]: org.thymeleaf.standard.processor.StandardAltTitleTagProcessor
[THYMELEAF]             * [* {th:lang-xmllang,data-th-lang-xmllang}] [990]: org.thymeleaf.standard.processor.StandardLangXmlLangTagProcessor
[THYMELEAF]             * [* {th:action,data-th-action}] [1000]: org.thymeleaf.standard.processor.StandardActionTagProcessor
[THYMELEAF]             * [* {th:controls,data-th-controls}] [1000]: org.thymeleaf.standard.processor.StandardConditionalFixedValueTagProcessor
[THYMELEAF]             * [* {th:checked,data-th-checked}] [1000]: org.thymeleaf.standard.processor.StandardConditionalFixedValueTagProcessor
[THYMELEAF]             * [* {th:formnovalidate,data-th-formnovalidate}] [1000]: org.thymeleaf.standard.processor.StandardConditionalFixedValueTagProcessor
[THYMELEAF]             * [* {th:async,data-th-async}] [1000]: org.thymeleaf.standard.processor.StandardConditionalFixedValueTagProcessor
[THYMELEAF]             * [* {th:autoplay,data-th-autoplay}] [1000]: org.thymeleaf.standard.processor.StandardConditionalFixedValueTagProcessor
[THYMELEAF]             * [* {th:multiple,data-th-multiple}] [1000]: org.thymeleaf.standard.processor.StandardConditionalFixedValueTagProcessor
[THYMELEAF]             * [* {th:nowrap,data-th-nowrap}] [1000]: org.thymeleaf.standard.processor.StandardConditionalFixedValueTagProcessor
[THYMELEAF]             * [* {th:declare,data-th-declare}] [1000]: org.thymeleaf.standard.processor.StandardConditionalFixedValueTagProcessor
[THYMELEAF]             * [* {th:required,data-th-required}] [1000]: org.thymeleaf.standard.processor.StandardConditionalFixedValueTagProcessor
[THYMELEAF]             * [* {th:loop,data-th-loop}] [1000]: org.thymeleaf.standard.processor.StandardConditionalFixedValueTagProcessor
[THYMELEAF]             * [* {th:scoped,data-th-scoped}] [1000]: org.thymeleaf.standard.processor.StandardConditionalFixedValueTagProcessor
[THYMELEAF]             * [* {th:defer,data-th-defer}] [1000]: org.thymeleaf.standard.processor.StandardConditionalFixedValueTagProcessor
[THYMELEAF]             * [* {th:default,data-th-default}] [1000]: org.thymeleaf.standard.processor.StandardConditionalFixedValueTagProcessor
[THYMELEAF]             * [* {th:autofocus,data-th-autofocus}] [1000]: org.thymeleaf.standard.processor.StandardConditionalFixedValueTagProcessor
[THYMELEAF]             * [* {th:reversed,data-th-reversed}] [1000]: org.thymeleaf.standard.processor.StandardConditionalFixedValueTagProcessor
[THYMELEAF]             * [* {th:ismap,data-th-ismap}] [1000]: org.thymeleaf.standard.processor.StandardConditionalFixedValueTagProcessor
[THYMELEAF]             * [* {th:hidden,data-th-hidden}] [1000]: org.thymeleaf.standard.processor.StandardConditionalFixedValueTagProcessor
[THYMELEAF]             * [* {th:open,data-th-open}] [1000]: org.thymeleaf.standard.processor.StandardConditionalFixedValueTagProcessor
[THYMELEAF]             * [* {th:selected,data-th-selected}] [1000]: org.thymeleaf.standard.processor.StandardConditionalFixedValueTagProcessor
[THYMELEAF]             * [* {th:pubdate,data-th-pubdate}] [1000]: org.thymeleaf.standard.processor.StandardConditionalFixedValueTagProcessor
[THYMELEAF]             * [* {th:novalidate,data-th-novalidate}] [1000]: org.thymeleaf.standard.processor.StandardConditionalFixedValueTagProcessor
[...]
17:20:23.816 [Test worker] DEBUG org.apache.velocity.macro -- added VM includeLead: source=org.apache.velocity.Template@7c8b37a8
17:20:23.816 [Test worker] DEBUG org.apache.velocity.loader -- ResourceManager: found /templates/macros/page/lead.vm with loader org.apache.velocity.runtime.resource.loader.ClasspathResourceLoader
17:20:23.818 [Test worker] DEBUG org.apache.velocity.macro -- added VM includeNavigation: source=org.apache.velocity.Template@253b1cbd
17:20:23.818 [Test worker] DEBUG org.apache.velocity.loader -- ResourceManager: found /templates/macros/page/navigation.vm with loader org.apache.velocity.runtime.resource.loader.ClasspathResourceLoader
17:20:23.819 [Test worker] DEBUG org.apache.velocity.macro -- added VM includeReportInfo: source=org.apache.velocity.Template@55e4dd68
17:20:23.819 [Test worker] DEBUG org.apache.velocity.loader -- ResourceManager: found /templates/macros/page/reportInfo.vm with loader org.apache.velocity.runtime.resource.loader.ClasspathResourceLoader
17:20:23.820 [Test worker] DEBUG org.apache.velocity.macro -- added VM includeTitle: source=org.apache.velocity.Template@1c4aa701
17:20:23.820 [Test worker] DEBUG org.apache.velocity.loader -- ResourceManager: found /templates/macros/page/title.vm with loader org.apache.velocity.runtime.resource.loader.ClasspathResourceLoader
17:20:23.821 [Test worker] DEBUG org.apache.velocity.macro -- added VM includeExpandingButtons: source=org.apache.velocity.Template@d65e744
17:20:23.822 [Test worker] DEBUG org.apache.velocity.loader -- ResourceManager: found /templates/macros/report/expandAllButtons.vm with loader org.apache.velocity.runtime.resource.loader.ClasspathResourceLoader
17:20:23.823 [Test worker] DEBUG org.apache.velocity.macro -- added VM includeReportTable: source=org.apache.velocity.Template@320fc4b0
17:20:23.823 [Test worker] DEBUG org.apache.velocity.loader -- ResourceManager: found /templates/macros/report/reportTable.vm with loader org.apache.velocity.runtime.resource.loader.ClasspathResourceLoader
17:20:23.824 [Test worker] DEBUG org.apache.velocity.macro -- added VM includeReportHeader: source=org.apache.velocity.Template@10301d6f
17:20:23.824 [Test worker] DEBUG org.apache.velocity.loader -- ResourceManager: found /templates/macros/report/reportHeader.vm with loader org.apache.velocity.runtime.resource.loader.ClasspathResourceLoader
17:20:23.827 [Test worker] DEBUG org.apache.velocity.macro -- added VM includeStatsTable: source=org.apache.velocity.Template@61b0af9f
17:20:23.827 [Test worker] DEBUG org.apache.velocity.loader -- ResourceManager: found /templates/macros/report/statsTable.vm with loader org.apache.velocity.runtime.resource.loader.ClasspathResourceLoader
17:20:23.828 [Test worker] DEBUG org.apache.velocity.macro -- added VM includeBrief: source=org.apache.velocity.Template@6cc44207
17:20:23.828 [Test worker] DEBUG org.apache.velocity.loader -- ResourceManager: found /templates/macros/json/brief.vm with loader org.apache.velocity.runtime.resource.loader.ClasspathResourceLoader
17:20:23.829 [Test worker] DEBUG org.apache.velocity.macro -- added VM includeDocString: source=org.apache.velocity.Template@49f1184e
17:20:23.829 [Test worker] DEBUG org.apache.velocity.loader -- ResourceManager: found /templates/macros/json/docstring.vm with loader org.apache.velocity.runtime.resource.loader.ClasspathResourceLoader
17:20:23.829 [Test worker] DEBUG org.apache.velocity.macro -- added VM includeDuration: source=org.apache.velocity.Template@5690c2a8
17:20:23.829 [Test worker] DEBUG org.apache.velocity.loader -- ResourceManager: found /templates/macros/json/duration.vm with loader org.apache.velocity.runtime.resource.loader.ClasspathResourceLoader
17:20:23.831 [Test worker] DEBUG org.apache.velocity.macro -- added VM includeElement: source=org.apache.velocity.Template@7cbfbcd1
17:20:23.831 [Test worker] DEBUG org.apache.velocity.loader -- ResourceManager: found /templates/macros/json/element.vm with loader org.apache.velocity.runtime.resource.loader.ClasspathResourceLoader
17:20:23.837 [Test worker] DEBUG org.apache.velocity.macro -- added VM includeEmbeddings: source=org.apache.velocity.Template@3c82bac3
17:20:23.837 [Test worker] DEBUG org.apache.velocity.macro -- added VM includeHtmlEmbedding: source=org.apache.velocity.Template@3c82bac3
17:20:23.837 [Test worker] DEBUG org.apache.velocity.macro -- added VM includeVideoEmbedding: source=org.apache.velocity.Template@3c82bac3
17:20:23.837 [Test worker] DEBUG org.apache.velocity.macro -- added VM includeImageEmbedding: source=org.apache.velocity.Template@3c82bac3
17:20:23.839 [Test worker] DEBUG org.apache.velocity.macro -- added VM includeImageReferenceEmbedding: source=org.apache.velocity.Template@3c82bac3
17:20:23.839 [Test worker] DEBUG org.apache.velocity.macro -- added VM includeTextEmbedding: source=org.apache.velocity.Template@3c82bac3
17:20:23.839 [Test worker] DEBUG org.apache.velocity.macro -- added VM includeUnknownEmbedding: source=org.apache.velocity.Template@3c82bac3
17:20:23.839 [Test worker] DEBUG org.apache.velocity.loader -- ResourceManager: found /templates/macros/json/embeddings.vm with loader org.apache.velocity.runtime.resource.loader.ClasspathResourceLoader
17:20:23.840 [Test worker] DEBUG org.apache.velocity.macro -- added VM includeHooks: source=org.apache.velocity.Template@628bcf2c
17:20:23.841 [Test worker] DEBUG org.apache.velocity.loader -- ResourceManager: found /templates/macros/json/hooks.vm with loader org.apache.velocity.runtime.resource.loader.ClasspathResourceLoader
17:20:23.843 [Test worker] DEBUG org.apache.velocity.macro -- added VM includeOutput: source=org.apache.velocity.Template@366b4a7b
17:20:23.843 [Test worker] DEBUG org.apache.velocity.loader -- ResourceManager: found /templates/macros/json/output.vm with loader org.apache.velocity.runtime.resource.loader.ClasspathResourceLoader
17:20:23.844 [Test worker] DEBUG org.apache.velocity.macro -- added VM includeMessage: source=org.apache.velocity.Template@446a692f
17:20:23.844 [Test worker] DEBUG org.apache.velocity.loader -- ResourceManager: found /templates/macros/json/message.vm with loader org.apache.velocity.runtime.resource.loader.ClasspathResourceLoader
17:20:23.849 [Test worker] DEBUG org.apache.velocity.macro -- added VM includeSteps: source=org.apache.velocity.Template@76104df5
17:20:23.849 [Test worker] DEBUG org.apache.velocity.loader -- ResourceManager: found /templates/macros/json/steps.vm with loader org.apache.velocity.runtime.resource.loader.ClasspathResourceLoader
17:20:23.850 [Test worker] DEBUG org.apache.velocity.macro -- added VM includeStepName: source=org.apache.velocity.Template@337cb81d
17:20:23.851 [Test worker] DEBUG org.apache.velocity.loader -- ResourceManager: found /templates/macros/json/stepName.vm with loader org.apache.velocity.runtime.resource.loader.ClasspathResourceLoader
17:20:23.851 [Test worker] DEBUG org.apache.velocity.macro -- added VM includeTags: source=org.apache.velocity.Template@4e9bd2c8
17:20:23.852 [Test worker] DEBUG org.apache.velocity.loader -- ResourceManager: found /templates/macros/json/tags.vm with loader org.apache.velocity.runtime.resource.loader.ClasspathResourceLoader
17:20:23.854 [Test worker] DEBUG org.apache.velocity.loader -- ResourceManager: found /templates/footer.vm with loader org.apache.velocity.runtime.resource.loader.ClasspathResourceLoader
17:20:23.856 [Test worker] DEBUG org.apache.velocity -- Initializing Velocity, Calling init()...
17:20:23.856 [Test worker] DEBUG org.apache.velocity -- Starting Apache Velocity v2.3
17:20:23.857 [Test worker] DEBUG org.apache.velocity -- Default Properties resource: org/apache/velocity/runtime/defaults/velocity.properties
17:20:23.857 [Test worker] DEBUG org.apache.velocity -- ResourceLoader instantiated: org.apache.velocity.runtime.resource.loader.ClasspathResourceLoader
17:20:23.857 [Test worker] DEBUG org.apache.velocity -- initialized (class org.apache.velocity.runtime.resource.ResourceCacheImpl) with class java.util.Collections$SynchronizedMap cache map.
17:20:23.857 [Test worker] DEBUG org.apache.velocity -- Loaded System Directive: org.apache.velocity.runtime.directive.Stop
17:20:23.857 [Test worker] DEBUG org.apache.velocity -- Loaded System Directive: org.apache.velocity.runtime.directive.Define
17:20:23.857 [Test worker] DEBUG org.apache.velocity -- Loaded System Directive: org.apache.velocity.runtime.directive.Break
17:20:23.857 [Test worker] DEBUG org.apache.velocity -- Loaded System Directive: org.apache.velocity.runtime.directive.Evaluate
17:20:23.857 [Test worker] DEBUG org.apache.velocity -- Loaded System Directive: org.apache.velocity.runtime.directive.Macro
17:20:23.857 [Test worker] DEBUG org.apache.velocity -- Loaded System Directive: org.apache.velocity.runtime.directive.Parse
17:20:23.857 [Test worker] DEBUG org.apache.velocity -- Loaded System Directive: org.apache.velocity.runtime.directive.Include
17:20:23.857 [Test worker] DEBUG org.apache.velocity -- Loaded System Directive: org.apache.velocity.runtime.directive.Foreach
17:20:23.859 [Test worker] DEBUG org.apache.velocity.parser -- Created '20' parsers.
17:20:23.860 [Test worker] DEBUG org.apache.velocity.macro -- "velocimacro.library.path" is not set. Trying default library: velocimacros.vtl
17:20:23.860 [Test worker] DEBUG org.apache.velocity.loader.class -- Could not load resource 'velocimacros.vtl' from ResourceLoader org.apache.velocity.runtime.resource.loader.ClasspathResourceLoader
17:20:23.860 [Test worker] DEBUG org.apache.velocity.macro -- Default library velocimacros.vtl not found. Trying old default library: VM_global_library.vm
17:20:23.861 [Test worker] DEBUG org.apache.velocity.loader.class -- Could not load resource 'VM_global_library.vm' from ResourceLoader org.apache.velocity.runtime.resource.loader.ClasspathResourceLoader
17:20:23.861 [Test worker] DEBUG org.apache.velocity.macro -- Old default library VM_global_library.vm not found.
17:20:23.861 [Test worker] DEBUG org.apache.velocity.macro -- allowInline = true: VMs can be defined inline in templates
17:20:23.861 [Test worker] DEBUG org.apache.velocity.macro -- allowInlineToOverride = false: VMs defined inline may NOT replace previous VM definitions
17:20:23.861 [Test worker] DEBUG org.apache.velocity.macro -- allowInlineLocal = false: VMs defined inline will be global in scope if allowed.
17:20:23.861 [Test worker] DEBUG org.apache.velocity.macro -- autoload off: VM system will not automatically reload global library macros
17:20:23.865 [Test worker] DEBUG org.apache.velocity.loader -- ResourceManager: found templates/generators/overviewFailures.vm with loader org.apache.velocity.runtime.resource.loader.ClasspathResourceLoader
17:20:23.867 [Test worker] DEBUG org.apache.velocity.loader -- ResourceManager: found /templates/headers.vm with loader org.apache.velocity.runtime.resource.loader.ClasspathResourceLoader
17:20:23.869 [Test worker] DEBUG org.apache.velocity.loader -- ResourceManager: found /templates/head.vm with loader org.apache.velocity.runtime.resource.loader.ClasspathResourceLoader
17:20:23.869 [Test worker] DEBUG org.apache.velocity.macro -- added VM stringArray: source=org.apache.velocity.Template@4eb5764d
17:20:23.869 [Test worker] DEBUG org.apache.velocity.macro -- added VM numberArray: source=org.apache.velocity.Template@4eb5764d
17:20:23.869 [Test worker] DEBUG org.apache.velocity.loader -- ResourceManager: found /templates/macros/array.js.vm with loader org.apache.velocity.runtime.resource.loader.ClasspathResourceLoader
17:20:23.871 [Test worker] DEBUG org.apache.velocity.macro -- added VM includeBuildInfo: source=org.apache.velocity.Template@33bfe6d3
17:20:23.871 [Test worker] DEBUG org.apache.velocity.loader -- ResourceManager: found /templates/macros/page/buildinfo.vm with loader org.apache.velocity.runtime.resource.loader.ClasspathResourceLoader
17:20:23.871 [Test worker] DEBUG org.apache.velocity.macro -- added VM includeClassifications: source=org.apache.velocity.Template@455d04d2
17:20:23.873 [Test worker] DEBUG org.apache.velocity.loader -- ResourceManager: found /templates/macros/page/classifications.vm with loader org.apache.velocity.runtime.resource.loader.ClasspathResourceLoader
17:20:23.873 [Test worker] DEBUG org.apache.velocity.macro -- added VM includeLead: source=org.apache.velocity.Template@2d5c160e
17:20:23.873 [Test worker] DEBUG org.apache.velocity.loader -- ResourceManager: found /templates/macros/page/lead.vm with loader org.apache.velocity.runtime.resource.loader.ClasspathResourceLoader
17:20:23.874 [Test worker] DEBUG org.apache.velocity.macro -- added VM includeNavigation: source=org.apache.velocity.Template@675230cd
17:20:23.874 [Test worker] DEBUG org.apache.velocity.loader -- ResourceManager: found /templates/macros/page/navigation.vm with loader org.apache.velocity.runtime.resource.loader.ClasspathResourceLoader
17:20:23.874 [Test worker] DEBUG org.apache.velocity.macro -- added VM includeReportInfo: source=org.apache.velocity.Template@2419a5db
17:20:23.874 [Test worker] DEBUG org.apache.velocity.loader -- ResourceManager: found /templates/macros/page/reportInfo.vm with loader org.apache.velocity.runtime.resource.loader.ClasspathResourceLoader
17:20:23.875 [Test worker] DEBUG org.apache.velocity.macro -- added VM includeTitle: source=org.apache.velocity.Template@516037be
17:20:23.875 [Test worker] DEBUG org.apache.velocity.loader -- ResourceManager: found /templates/macros/page/title.vm with loader org.apache.velocity.runtime.resource.loader.ClasspathResourceLoader
17:20:23.876 [Test worker] DEBUG org.apache.velocity.macro -- added VM includeExpandingButtons: source=org.apache.velocity.Template@3be50b2c
17:20:23.876 [Test worker] DEBUG org.apache.velocity.loader -- ResourceManager: found /templates/macros/report/expandAllButtons.vm with loader org.apache.velocity.runtime.resource.loader.ClasspathResourceLoader
17:20:23.879 [Test worker] DEBUG org.apache.velocity.macro -- added VM includeReportTable: source=org.apache.velocity.Template@10f10230
17:20:23.879 [Test worker] DEBUG org.apache.velocity.loader -- ResourceManager: found /templates/macros/report/reportTable.vm with loader org.apache.velocity.runtime.resource.loader.ClasspathResourceLoader
17:20:23.880 [Test worker] DEBUG org.apache.velocity.macro -- added VM includeReportHeader: source=org.apache.velocity.Template@2ed35f24
17:20:23.880 [Test worker] DEBUG org.apache.velocity.loader -- ResourceManager: found /templates/macros/report/reportHeader.vm with loader org.apache.velocity.runtime.resource.loader.ClasspathResourceLoader
17:20:23.883 [Test worker] DEBUG org.apache.velocity.macro -- added VM includeStatsTable: source=org.apache.velocity.Template@9de1b85
17:20:23.883 [Test worker] DEBUG org.apache.velocity.loader -- ResourceManager: found /templates/macros/report/statsTable.vm with loader org.apache.velocity.runtime.resource.loader.ClasspathResourceLoader
17:20:23.884 [Test worker] DEBUG org.apache.velocity.macro -- added VM includeBrief: source=org.apache.velocity.Template@4b475742
17:20:23.885 [Test worker] DEBUG org.apache.velocity.loader -- ResourceManager: found /templates/macros/json/brief.vm with loader org.apache.velocity.runtime.resource.loader.ClasspathResourceLoader
17:20:23.886 [Test worker] DEBUG org.apache.velocity.macro -- added VM includeDocString: source=org.apache.velocity.Template@68550d86
17:20:23.886 [Test worker] DEBUG org.apache.velocity.loader -- ResourceManager: found /templates/macros/json/docstring.vm with loader org.apache.velocity.runtime.resource.loader.ClasspathResourceLoader
17:20:23.887 [Test worker] DEBUG org.apache.velocity.macro -- added VM includeDuration: source=org.apache.velocity.Template@20163008
17:20:23.887 [Test worker] DEBUG org.apache.velocity.loader -- ResourceManager: found /templates/macros/json/duration.vm with loader org.apache.velocity.runtime.resource.loader.ClasspathResourceLoader
17:20:23.890 [Test worker] DEBUG org.apache.velocity.macro -- added VM includeElement: source=org.apache.velocity.Template@3f40568e
17:20:23.890 [Test worker] DEBUG org.apache.velocity.loader -- ResourceManager: found /templates/macros/json/element.vm with loader org.apache.velocity.runtime.resource.loader.ClasspathResourceLoader
17:20:23.893 [Test worker] DEBUG org.apache.velocity.macro -- added VM includeEmbeddings: source=org.apache.velocity.Template@359ea595
17:20:23.894 [Test worker] DEBUG org.apache.velocity.macro -- added VM includeHtmlEmbedding: source=org.apache.velocity.Template@359ea595
17:20:23.894 [Test worker] DEBUG org.apache.velocity.macro -- added VM includeVideoEmbedding: source=org.apache.velocity.Template@359ea595
17:20:23.894 [Test worker] DEBUG org.apache.velocity.macro -- added VM includeImageEmbedding: source=org.apache.velocity.Template@359ea595
17:20:23.894 [Test worker] DEBUG org.apache.velocity.macro -- added VM includeImageReferenceEmbedding: source=org.apache.velocity.Template@359ea595
17:20:23.895 [Test worker] DEBUG org.apache.velocity.macro -- added VM includeTextEmbedding: source=org.apache.velocity.Template@359ea595
17:20:23.895 [Test worker] DEBUG org.apache.velocity.macro -- added VM includeUnknownEmbedding: source=org.apache.velocity.Template@359ea595
17:20:23.895 [Test worker] DEBUG org.apache.velocity.loader -- ResourceManager: found /templates/macros/json/embeddings.vm with loader org.apache.velocity.runtime.resource.loader.ClasspathResourceLoader
17:20:23.898 [Test worker] DEBUG org.apache.velocity.macro -- added VM includeHooks: source=org.apache.velocity.Template@f9de1fd
17:20:23.898 [Test worker] DEBUG org.apache.velocity.loader -- ResourceManager: found /templates/macros/json/hooks.vm with loader org.apache.velocity.runtime.resource.loader.ClasspathResourceLoader
17:20:23.901 [Test worker] DEBUG org.apache.velocity.macro -- added VM includeOutput: source=org.apache.velocity.Template@3d3b4e09
17:20:23.901 [Test worker] DEBUG org.apache.velocity.loader -- ResourceManager: found /templates/macros/json/output.vm with loader org.apache.velocity.runtime.resource.loader.ClasspathResourceLoader
17:20:23.902 [Test worker] DEBUG org.apache.velocity.macro -- added VM includeMessage: source=org.apache.velocity.Template@2c4be45f
17:20:23.902 [Test worker] DEBUG org.apache.velocity.loader -- ResourceManager: found /templates/macros/json/message.vm with loader org.apache.velocity.runtime.resource.loader.ClasspathResourceLoader
17:20:23.904 [Test worker] DEBUG org.apache.velocity.macro -- added VM includeSteps: source=org.apache.velocity.Template@4d79d187
17:20:23.905 [Test worker] DEBUG org.apache.velocity.loader -- ResourceManager: found /templates/macros/json/steps.vm with loader org.apache.velocity.runtime.resource.loader.ClasspathResourceLoader
17:20:23.906 [Test worker] DEBUG org.apache.velocity.macro -- added VM includeStepName: source=org.apache.velocity.Template@6f7b8ae1
17:20:23.906 [Test worker] DEBUG org.apache.velocity.loader -- ResourceManager: found /templates/macros/json/stepName.vm with loader org.apache.velocity.runtime.resource.loader.ClasspathResourceLoader
17:20:23.907 [Test worker] DEBUG org.apache.velocity.macro -- added VM includeTags: source=org.apache.velocity.Template@2520010e
17:20:23.907 [Test worker] DEBUG org.apache.velocity.loader -- ResourceManager: found /templates/macros/json/tags.vm with loader org.apache.velocity.runtime.resource.loader.ClasspathResourceLoader
17:20:23.909 [Test worker] DEBUG org.apache.velocity.loader -- ResourceManager: found /templates/footer.vm with loader org.apache.velocity.runtime.resource.loader.ClasspathResourceLoader
]]></system-out>
  <system-err><![CDATA[feb. 20, 2026 5:20:23 P. M. net.masterthought.cucumber.ReportParser parseJsonFiles
INFO: File 'build\karate-reports\examples.cart.cart.json' contains 1 feature(s)
]]></system-err>
</testsuite>
