<?xml version="1.0" encoding="UTF-8"?>
<testsuite name="examples.users.UsersRunner" tests="1" skipped="0" failures="0" errors="0" timestamp="2025-11-25T22:19:08" hostname="DESKTOP-J479698" time="11.369">
  <properties/>
  <testcase name="testParallel()" classname="examples.users.UsersRunner" time="11.369"/>
  <system-out><![CDATA[17:19:09.757 [Test worker] DEBUG com.intuit.karate.Suite -- [config] classpath:karate-config.js
17:19:11.184 [Test worker] DEBUG com.jayway.jsonpath.internal.path.CompiledPath -- Evaluating path: $
17:19:11.227 [Test worker] DEBUG io.netty.util.internal.logging.InternalLoggerFactory -- Using SLF4J as the default logging framework
17:19:11.229 [Test worker] DEBUG io.netty.util.internal.PlatformDependent0 -- -Dio.netty.noUnsafe: false
17:19:11.229 [Test worker] DEBUG io.netty.util.internal.PlatformDependent0 -- Java version: 17
17:19:11.230 [Test worker] DEBUG io.netty.util.internal.PlatformDependent0 -- sun.misc.Unsafe.theUnsafe: available
17:19:11.231 [Test worker] DEBUG io.netty.util.internal.PlatformDependent0 -- sun.misc.Unsafe.copyMemory: available
17:19:11.231 [Test worker] DEBUG io.netty.util.internal.PlatformDependent0 -- sun.misc.Unsafe.storeFence: available
17:19:11.232 [Test worker] DEBUG io.netty.util.internal.PlatformDependent0 -- java.nio.Buffer.address: available
17:19:11.232 [Test worker] DEBUG io.netty.util.internal.PlatformDependent0 -- direct buffer constructor: unavailable: Reflective setAccessible(true) disabled
17:19:11.233 [Test worker] DEBUG io.netty.util.internal.PlatformDependent0 -- java.nio.Bits.unaligned: available, true
17:19:11.233 [Test worker] DEBUG io.netty.util.internal.PlatformDependent0 -- jdk.internal.misc.Unsafe.allocateUninitializedArray(int): unavailable: class io.netty.util.internal.PlatformDependent0$7 cannot access class jdk.internal.misc.Unsafe (in module java.base) because module java.base does not export jdk.internal.misc to unnamed module @56cdfb3b
17:19:11.235 [Test worker] DEBUG io.netty.util.internal.PlatformDependent0 -- java.nio.DirectByteBuffer.<init>(long, {int,long}): unavailable
17:19:11.235 [Test worker] DEBUG io.netty.util.internal.PlatformDependent -- sun.misc.Unsafe: available
17:19:11.257 [Test worker] DEBUG io.netty.util.internal.PlatformDependent -- maxDirectMemory: 536870912 bytes (maybe)
17:19:11.257 [Test worker] DEBUG io.netty.util.internal.PlatformDependent -- -Dio.netty.tmpdir: C:\Users\Daniel\AppData\Local\Temp (java.io.tmpdir)
17:19:11.257 [Test worker] DEBUG io.netty.util.internal.PlatformDependent -- -Dio.netty.bitMode: 64 (sun.arch.data.model)
17:19:11.257 [Test worker] DEBUG io.netty.util.internal.PlatformDependent -- Platform: Windows
17:19:11.259 [Test worker] DEBUG io.netty.util.internal.PlatformDependent -- -Dio.netty.maxDirectMemory: -1 bytes
17:19:11.259 [Test worker] DEBUG io.netty.util.internal.PlatformDependent -- -Dio.netty.uninitializedArrayAllocationThreshold: -1
17:19:11.259 [Test worker] DEBUG io.netty.util.internal.CleanerJava9 -- java.nio.ByteBuffer.cleaner(): available
17:19:11.259 [Test worker] DEBUG io.netty.util.internal.PlatformDependent -- -Dio.netty.noPreferDirect: false
17:19:11.508 [Test worker] DEBUG org.apache.http.client.protocol.RequestAddCookies -- CookieSpec selected: karate
17:19:11.521 [Test worker] DEBUG org.apache.http.client.protocol.RequestAuthCache -- Auth cache not set in the context
17:19:11.524 [Test worker] DEBUG com.intuit.karate -- request:
1 > POST https://api.demoblaze.com/signup
1 > Content-Type: application/json; charset=UTF-8
1 > Content-Length: 58
1 > Host: api.demoblaze.com
1 > Connection: Keep-Alive
1 > User-Agent: Apache-HttpClient/4.5.14 (Java/17.0.2)
1 > Accept-Encoding: gzip,deflate
{"username":"user_1764109151142","password":"password123"}

17:19:11.526 [Test worker] DEBUG org.apache.http.impl.conn.PoolingHttpClientConnectionManager -- Connection request: [route: {s}->https://api.demoblaze.com:443][total available: 0; route allocated: 0 of 5; total allocated: 0 of 10]
17:19:11.544 [Test worker] DEBUG org.apache.http.impl.conn.PoolingHttpClientConnectionManager -- Connection leased: [id: 0][route: {s}->https://api.demoblaze.com:443][total available: 0; route allocated: 1 of 5; total allocated: 1 of 10]
17:19:11.546 [Test worker] DEBUG org.apache.http.impl.execchain.MainClientExec -- Opening connection {s}->https://api.demoblaze.com:443
17:19:11.689 [Test worker] DEBUG org.apache.http.impl.conn.DefaultHttpClientConnectionOperator -- Connecting to api.demoblaze.com/172.217.29.19:443
17:19:11.689 [Test worker] DEBUG org.apache.http.conn.ssl.SSLConnectionSocketFactory -- Connecting socket to api.demoblaze.com/172.217.29.19:443 with timeout 5000
17:19:11.771 [Test worker] DEBUG org.apache.http.conn.ssl.SSLConnectionSocketFactory -- Enabled protocols: [TLSv1.3, TLSv1.2]
17:19:11.771 [Test worker] DEBUG org.apache.http.conn.ssl.SSLConnectionSocketFactory -- Enabled cipher suites:[TLS_AES_256_GCM_SHA384, TLS_AES_128_GCM_SHA256, TLS_CHACHA20_POLY1305_SHA256, TLS_ECDHE_ECDSA_WITH_AES_256_GCM_SHA384, TLS_ECDHE_ECDSA_WITH_AES_128_GCM_SHA256, TLS_ECDHE_ECDSA_WITH_CHACHA20_POLY1305_SHA256, TLS_ECDHE_RSA_WITH_AES_256_GCM_SHA384, TLS_ECDHE_RSA_WITH_CHACHA20_POLY1305_SHA256, TLS_ECDHE_RSA_WITH_AES_128_GCM_SHA256, TLS_DHE_RSA_WITH_AES_256_GCM_SHA384, TLS_DHE_RSA_WITH_CHACHA20_POLY1305_SHA256, TLS_DHE_DSS_WITH_AES_256_GCM_SHA384, TLS_DHE_RSA_WITH_AES_128_GCM_SHA256, TLS_DHE_DSS_WITH_AES_128_GCM_SHA256, TLS_ECDHE_ECDSA_WITH_AES_256_CBC_SHA384, TLS_ECDHE_RSA_WITH_AES_256_CBC_SHA384, TLS_ECDHE_ECDSA_WITH_AES_128_CBC_SHA256, TLS_ECDHE_RSA_WITH_AES_128_CBC_SHA256, TLS_DHE_RSA_WITH_AES_256_CBC_SHA256, TLS_DHE_DSS_WITH_AES_256_CBC_SHA256, TLS_DHE_RSA_WITH_AES_128_CBC_SHA256, TLS_DHE_DSS_WITH_AES_128_CBC_SHA256, TLS_ECDH_ECDSA_WITH_AES_256_GCM_SHA384, TLS_ECDH_RSA_WITH_AES_256_GCM_SHA384, TLS_ECDH_ECDSA_WITH_AES_128_GCM_SHA256, TLS_ECDH_RSA_WITH_AES_128_GCM_SHA256, TLS_ECDH_ECDSA_WITH_AES_256_CBC_SHA384, TLS_ECDH_RSA_WITH_AES_256_CBC_SHA384, TLS_ECDH_ECDSA_WITH_AES_128_CBC_SHA256, TLS_ECDH_RSA_WITH_AES_128_CBC_SHA256, TLS_ECDHE_ECDSA_WITH_AES_256_CBC_SHA, TLS_ECDHE_RSA_WITH_AES_256_CBC_SHA, TLS_ECDHE_ECDSA_WITH_AES_128_CBC_SHA, TLS_ECDHE_RSA_WITH_AES_128_CBC_SHA, TLS_DHE_RSA_WITH_AES_256_CBC_SHA, TLS_DHE_DSS_WITH_AES_256_CBC_SHA, TLS_DHE_RSA_WITH_AES_128_CBC_SHA, TLS_DHE_DSS_WITH_AES_128_CBC_SHA, TLS_ECDH_ECDSA_WITH_AES_256_CBC_SHA, TLS_ECDH_RSA_WITH_AES_256_CBC_SHA, TLS_ECDH_ECDSA_WITH_AES_128_CBC_SHA, TLS_ECDH_RSA_WITH_AES_128_CBC_SHA, TLS_RSA_WITH_AES_256_GCM_SHA384, TLS_RSA_WITH_AES_128_GCM_SHA256, TLS_RSA_WITH_AES_256_CBC_SHA256, TLS_RSA_WITH_AES_128_CBC_SHA256, TLS_RSA_WITH_AES_256_CBC_SHA, TLS_RSA_WITH_AES_128_CBC_SHA, TLS_EMPTY_RENEGOTIATION_INFO_SCSV]
17:19:11.771 [Test worker] DEBUG org.apache.http.conn.ssl.SSLConnectionSocketFactory -- Starting handshake
17:19:11.970 [Test worker] DEBUG org.apache.http.conn.ssl.SSLConnectionSocketFactory -- Secure session established
17:19:11.971 [Test worker] DEBUG org.apache.http.conn.ssl.SSLConnectionSocketFactory --  negotiated protocol: TLSv1.3
17:19:11.971 [Test worker] DEBUG org.apache.http.conn.ssl.SSLConnectionSocketFactory --  negotiated cipher suite: TLS_AES_256_GCM_SHA384
17:19:11.971 [Test worker] DEBUG org.apache.http.conn.ssl.SSLConnectionSocketFactory --  peer principal: CN=api.demoblaze.com
17:19:11.971 [Test worker] DEBUG org.apache.http.conn.ssl.SSLConnectionSocketFactory --  peer alternative names: [api.demoblaze.com]
17:19:11.971 [Test worker] DEBUG org.apache.http.conn.ssl.SSLConnectionSocketFactory --  issuer principal: CN=WR3, O=Google Trust Services, C=US
17:19:11.973 [Test worker] DEBUG org.apache.http.impl.conn.DefaultHttpClientConnectionOperator -- Connection established 192.168.1.7:51034<->172.217.29.19:443
17:19:11.973 [Test worker] DEBUG org.apache.http.impl.conn.DefaultManagedHttpClientConnection -- http-outgoing-0: set socket timeout to 5000
17:19:11.973 [Test worker] DEBUG org.apache.http.impl.execchain.MainClientExec -- Executing request POST /signup HTTP/1.1
17:19:11.973 [Test worker] DEBUG org.apache.http.impl.execchain.MainClientExec -- Target auth state: UNCHALLENGED
17:19:11.974 [Test worker] DEBUG org.apache.http.impl.execchain.MainClientExec -- Proxy auth state: UNCHALLENGED
17:19:11.974 [Test worker] DEBUG org.apache.http.headers -- http-outgoing-0 >> POST /signup HTTP/1.1
17:19:11.975 [Test worker] DEBUG org.apache.http.headers -- http-outgoing-0 >> Content-Type: application/json; charset=UTF-8
17:19:11.975 [Test worker] DEBUG org.apache.http.headers -- http-outgoing-0 >> Content-Length: 58
17:19:11.975 [Test worker] DEBUG org.apache.http.headers -- http-outgoing-0 >> Host: api.demoblaze.com
17:19:11.975 [Test worker] DEBUG org.apache.http.headers -- http-outgoing-0 >> Connection: Keep-Alive
17:19:11.975 [Test worker] DEBUG org.apache.http.headers -- http-outgoing-0 >> User-Agent: Apache-HttpClient/4.5.14 (Java/17.0.2)
17:19:11.975 [Test worker] DEBUG org.apache.http.headers -- http-outgoing-0 >> Accept-Encoding: gzip,deflate
17:19:11.975 [Test worker] DEBUG org.apache.http.wire -- http-outgoing-0 >> "POST /signup HTTP/1.1[\r][\n]"
17:19:11.975 [Test worker] DEBUG org.apache.http.wire -- http-outgoing-0 >> "Content-Type: application/json; charset=UTF-8[\r][\n]"
17:19:11.975 [Test worker] DEBUG org.apache.http.wire -- http-outgoing-0 >> "Content-Length: 58[\r][\n]"
17:19:11.975 [Test worker] DEBUG org.apache.http.wire -- http-outgoing-0 >> "Host: api.demoblaze.com[\r][\n]"
17:19:11.975 [Test worker] DEBUG org.apache.http.wire -- http-outgoing-0 >> "Connection: Keep-Alive[\r][\n]"
17:19:11.975 [Test worker] DEBUG org.apache.http.wire -- http-outgoing-0 >> "User-Agent: Apache-HttpClient/4.5.14 (Java/17.0.2)[\r][\n]"
17:19:11.975 [Test worker] DEBUG org.apache.http.wire -- http-outgoing-0 >> "Accept-Encoding: gzip,deflate[\r][\n]"
17:19:11.975 [Test worker] DEBUG org.apache.http.wire -- http-outgoing-0 >> "[\r][\n]"
17:19:11.975 [Test worker] DEBUG org.apache.http.wire -- http-outgoing-0 >> "{"username":"user_1764109151142","password":"password123"}"
17:19:12.172 [Test worker] DEBUG org.apache.http.wire -- http-outgoing-0 << "HTTP/1.1 200 OK[\r][\n]"
17:19:12.173 [Test worker] DEBUG org.apache.http.wire -- http-outgoing-0 << "content-type: application/json[\r][\n]"
17:19:12.173 [Test worker] DEBUG org.apache.http.wire -- http-outgoing-0 << "x-cloud-trace-context: 010d270e0c688c17a7da74a94321bcfe[\r][\n]"
17:19:12.173 [Test worker] DEBUG org.apache.http.wire -- http-outgoing-0 << "date: Tue, 25 Nov 2025 22:19:12 GMT[\r][\n]"
17:19:12.174 [Test worker] DEBUG org.apache.http.wire -- http-outgoing-0 << "server: Google Frontend[\r][\n]"
17:19:12.174 [Test worker] DEBUG org.apache.http.wire -- http-outgoing-0 << "Content-Length: 3[\r][\n]"
17:19:12.174 [Test worker] DEBUG org.apache.http.wire -- http-outgoing-0 << "[\r][\n]"
17:19:12.174 [Test worker] DEBUG org.apache.http.wire -- http-outgoing-0 << """[\n]"
17:19:12.177 [Test worker] DEBUG org.apache.http.headers -- http-outgoing-0 << HTTP/1.1 200 OK
17:19:12.178 [Test worker] DEBUG org.apache.http.headers -- http-outgoing-0 << content-type: application/json
17:19:12.178 [Test worker] DEBUG org.apache.http.headers -- http-outgoing-0 << x-cloud-trace-context: 010d270e0c688c17a7da74a94321bcfe
17:19:12.178 [Test worker] DEBUG org.apache.http.headers -- http-outgoing-0 << date: Tue, 25 Nov 2025 22:19:12 GMT
17:19:12.178 [Test worker] DEBUG org.apache.http.headers -- http-outgoing-0 << server: Google Frontend
17:19:12.178 [Test worker] DEBUG org.apache.http.headers -- http-outgoing-0 << Content-Length: 3
17:19:12.181 [Test worker] DEBUG org.apache.http.impl.execchain.MainClientExec -- Connection can be kept alive indefinitely
17:19:12.183 [Test worker] DEBUG org.apache.http.impl.conn.PoolingHttpClientConnectionManager -- Connection [id: 0][route: {s}->https://api.demoblaze.com:443] can be kept alive indefinitely
17:19:12.183 [Test worker] DEBUG org.apache.http.impl.conn.DefaultManagedHttpClientConnection -- http-outgoing-0: set socket timeout to 0
17:19:12.183 [Test worker] DEBUG org.apache.http.impl.conn.PoolingHttpClientConnectionManager -- Connection released: [id: 0][route: {s}->https://api.demoblaze.com:443][total available: 1; route allocated: 1 of 5; total allocated: 1 of 10]
17:19:12.183 [Test worker] DEBUG org.apache.http.impl.conn.PoolingHttpClientConnectionManager -- Connection manager is shutting down
17:19:12.184 [Test worker] DEBUG org.apache.http.impl.conn.DefaultManagedHttpClientConnection -- http-outgoing-0: Close connection
17:19:12.185 [Test worker] DEBUG org.apache.http.impl.conn.PoolingHttpClientConnectionManager -- Connection manager shut down
17:19:12.187 [Test worker] DEBUG com.intuit.karate -- response time in milliseconds: 659
1 < 200
1 < content-type: application/json
1 < x-cloud-trace-context: 010d270e0c688c17a7da74a94321bcfe
1 < date: Tue, 25 Nov 2025 22:19:12 GMT
1 < server: Google Frontend
1 < Content-Length: 3
""


17:19:14.238 [Test worker] DEBUG com.jayway.jsonpath.internal.path.CompiledPath -- Evaluating path: $
17:19:14.240 [Test worker] DEBUG com.intuit.karate.core.ScenarioEngine -- over-writing existing variable 'username' with new value: existingUser
17:19:14.241 [Test worker] DEBUG com.jayway.jsonpath.internal.path.CompiledPath -- Evaluating path: $
17:19:14.244 [Test worker] DEBUG org.apache.http.client.protocol.RequestAddCookies -- CookieSpec selected: karate
17:19:14.244 [Test worker] DEBUG org.apache.http.client.protocol.RequestAuthCache -- Auth cache not set in the context
17:19:14.244 [Test worker] DEBUG com.intuit.karate -- request:
1 > POST https://api.demoblaze.com/signup
1 > Content-Type: application/json; charset=UTF-8
1 > Content-Length: 58
1 > Host: api.demoblaze.com
1 > Connection: Keep-Alive
1 > User-Agent: Apache-HttpClient/4.5.14 (Java/17.0.2)
1 > Accept-Encoding: gzip,deflate
{"username":"user_1764109154239","password":"password123"}

17:19:14.245 [Test worker] DEBUG org.apache.http.impl.conn.PoolingHttpClientConnectionManager -- Connection request: [route: {s}->https://api.demoblaze.com:443][total available: 0; route allocated: 0 of 5; total allocated: 0 of 10]
17:19:14.245 [Test worker] DEBUG org.apache.http.impl.conn.PoolingHttpClientConnectionManager -- Connection leased: [id: 1][route: {s}->https://api.demoblaze.com:443][total available: 0; route allocated: 1 of 5; total allocated: 1 of 10]
17:19:14.245 [Test worker] DEBUG org.apache.http.impl.execchain.MainClientExec -- Opening connection {s}->https://api.demoblaze.com:443
17:19:14.245 [Test worker] DEBUG org.apache.http.impl.conn.DefaultHttpClientConnectionOperator -- Connecting to api.demoblaze.com/172.217.29.19:443
17:19:14.245 [Test worker] DEBUG org.apache.http.conn.ssl.SSLConnectionSocketFactory -- Connecting socket to api.demoblaze.com/172.217.29.19:443 with timeout 5000
17:19:14.257 [Test worker] DEBUG org.apache.http.conn.ssl.SSLConnectionSocketFactory -- Enabled protocols: [TLSv1.3, TLSv1.2]
17:19:14.257 [Test worker] DEBUG org.apache.http.conn.ssl.SSLConnectionSocketFactory -- Enabled cipher suites:[TLS_AES_256_GCM_SHA384, TLS_AES_128_GCM_SHA256, TLS_CHACHA20_POLY1305_SHA256, TLS_ECDHE_ECDSA_WITH_AES_256_GCM_SHA384, TLS_ECDHE_ECDSA_WITH_AES_128_GCM_SHA256, TLS_ECDHE_ECDSA_WITH_CHACHA20_POLY1305_SHA256, TLS_ECDHE_RSA_WITH_AES_256_GCM_SHA384, TLS_ECDHE_RSA_WITH_CHACHA20_POLY1305_SHA256, TLS_ECDHE_RSA_WITH_AES_128_GCM_SHA256, TLS_DHE_RSA_WITH_AES_256_GCM_SHA384, TLS_DHE_RSA_WITH_CHACHA20_POLY1305_SHA256, TLS_DHE_DSS_WITH_AES_256_GCM_SHA384, TLS_DHE_RSA_WITH_AES_128_GCM_SHA256, TLS_DHE_DSS_WITH_AES_128_GCM_SHA256, TLS_ECDHE_ECDSA_WITH_AES_256_CBC_SHA384, TLS_ECDHE_RSA_WITH_AES_256_CBC_SHA384, TLS_ECDHE_ECDSA_WITH_AES_128_CBC_SHA256, TLS_ECDHE_RSA_WITH_AES_128_CBC_SHA256, TLS_DHE_RSA_WITH_AES_256_CBC_SHA256, TLS_DHE_DSS_WITH_AES_256_CBC_SHA256, TLS_DHE_RSA_WITH_AES_128_CBC_SHA256, TLS_DHE_DSS_WITH_AES_128_CBC_SHA256, TLS_ECDH_ECDSA_WITH_AES_256_GCM_SHA384, TLS_ECDH_RSA_WITH_AES_256_GCM_SHA384, TLS_ECDH_ECDSA_WITH_AES_128_GCM_SHA256, TLS_ECDH_RSA_WITH_AES_128_GCM_SHA256, TLS_ECDH_ECDSA_WITH_AES_256_CBC_SHA384, TLS_ECDH_RSA_WITH_AES_256_CBC_SHA384, TLS_ECDH_ECDSA_WITH_AES_128_CBC_SHA256, TLS_ECDH_RSA_WITH_AES_128_CBC_SHA256, TLS_ECDHE_ECDSA_WITH_AES_256_CBC_SHA, TLS_ECDHE_RSA_WITH_AES_256_CBC_SHA, TLS_ECDHE_ECDSA_WITH_AES_128_CBC_SHA, TLS_ECDHE_RSA_WITH_AES_128_CBC_SHA, TLS_DHE_RSA_WITH_AES_256_CBC_SHA, TLS_DHE_DSS_WITH_AES_256_CBC_SHA, TLS_DHE_RSA_WITH_AES_128_CBC_SHA, TLS_DHE_DSS_WITH_AES_128_CBC_SHA, TLS_ECDH_ECDSA_WITH_AES_256_CBC_SHA, TLS_ECDH_RSA_WITH_AES_256_CBC_SHA, TLS_ECDH_ECDSA_WITH_AES_128_CBC_SHA, TLS_ECDH_RSA_WITH_AES_128_CBC_SHA, TLS_RSA_WITH_AES_256_GCM_SHA384, TLS_RSA_WITH_AES_128_GCM_SHA256, TLS_RSA_WITH_AES_256_CBC_SHA256, TLS_RSA_WITH_AES_128_CBC_SHA256, TLS_RSA_WITH_AES_256_CBC_SHA, TLS_RSA_WITH_AES_128_CBC_SHA, TLS_EMPTY_RENEGOTIATION_INFO_SCSV]
17:19:14.257 [Test worker] DEBUG org.apache.http.conn.ssl.SSLConnectionSocketFactory -- Starting handshake
17:19:14.354 [Test worker] DEBUG org.apache.http.conn.ssl.SSLConnectionSocketFactory -- Secure session established
17:19:14.354 [Test worker] DEBUG org.apache.http.conn.ssl.SSLConnectionSocketFactory --  negotiated protocol: TLSv1.3
17:19:14.354 [Test worker] DEBUG org.apache.http.conn.ssl.SSLConnectionSocketFactory --  negotiated cipher suite: TLS_AES_256_GCM_SHA384
17:19:14.354 [Test worker] DEBUG org.apache.http.conn.ssl.SSLConnectionSocketFactory --  peer principal: CN=api.demoblaze.com
17:19:14.354 [Test worker] DEBUG org.apache.http.conn.ssl.SSLConnectionSocketFactory --  peer alternative names: [api.demoblaze.com]
17:19:14.354 [Test worker] DEBUG org.apache.http.conn.ssl.SSLConnectionSocketFactory --  issuer principal: CN=WR3, O=Google Trust Services, C=US
17:19:14.355 [Test worker] DEBUG org.apache.http.impl.conn.DefaultHttpClientConnectionOperator -- Connection established 192.168.1.7:51039<->172.217.29.19:443
17:19:14.355 [Test worker] DEBUG org.apache.http.impl.conn.DefaultManagedHttpClientConnection -- http-outgoing-1: set socket timeout to 5000
17:19:14.355 [Test worker] DEBUG org.apache.http.impl.execchain.MainClientExec -- Executing request POST /signup HTTP/1.1
17:19:14.355 [Test worker] DEBUG org.apache.http.impl.execchain.MainClientExec -- Target auth state: UNCHALLENGED
17:19:14.355 [Test worker] DEBUG org.apache.http.impl.execchain.MainClientExec -- Proxy auth state: UNCHALLENGED
17:19:14.355 [Test worker] DEBUG org.apache.http.headers -- http-outgoing-1 >> POST /signup HTTP/1.1
17:19:14.355 [Test worker] DEBUG org.apache.http.headers -- http-outgoing-1 >> Content-Type: application/json; charset=UTF-8
17:19:14.355 [Test worker] DEBUG org.apache.http.headers -- http-outgoing-1 >> Content-Length: 58
17:19:14.355 [Test worker] DEBUG org.apache.http.headers -- http-outgoing-1 >> Host: api.demoblaze.com
17:19:14.355 [Test worker] DEBUG org.apache.http.headers -- http-outgoing-1 >> Connection: Keep-Alive
17:19:14.355 [Test worker] DEBUG org.apache.http.headers -- http-outgoing-1 >> User-Agent: Apache-HttpClient/4.5.14 (Java/17.0.2)
17:19:14.355 [Test worker] DEBUG org.apache.http.headers -- http-outgoing-1 >> Accept-Encoding: gzip,deflate
17:19:14.355 [Test worker] DEBUG org.apache.http.wire -- http-outgoing-1 >> "POST /signup HTTP/1.1[\r][\n]"
17:19:14.355 [Test worker] DEBUG org.apache.http.wire -- http-outgoing-1 >> "Content-Type: application/json; charset=UTF-8[\r][\n]"
17:19:14.355 [Test worker] DEBUG org.apache.http.wire -- http-outgoing-1 >> "Content-Length: 58[\r][\n]"
17:19:14.355 [Test worker] DEBUG org.apache.http.wire -- http-outgoing-1 >> "Host: api.demoblaze.com[\r][\n]"
17:19:14.355 [Test worker] DEBUG org.apache.http.wire -- http-outgoing-1 >> "Connection: Keep-Alive[\r][\n]"
17:19:14.355 [Test worker] DEBUG org.apache.http.wire -- http-outgoing-1 >> "User-Agent: Apache-HttpClient/4.5.14 (Java/17.0.2)[\r][\n]"
17:19:14.355 [Test worker] DEBUG org.apache.http.wire -- http-outgoing-1 >> "Accept-Encoding: gzip,deflate[\r][\n]"
17:19:14.355 [Test worker] DEBUG org.apache.http.wire -- http-outgoing-1 >> "[\r][\n]"
17:19:14.356 [Test worker] DEBUG org.apache.http.wire -- http-outgoing-1 >> "{"username":"user_1764109154239","password":"password123"}"
17:19:14.555 [Test worker] DEBUG org.apache.http.wire -- http-outgoing-1 << "HTTP/1.1 200 OK[\r][\n]"
17:19:14.555 [Test worker] DEBUG org.apache.http.wire -- http-outgoing-1 << "content-type: application/json[\r][\n]"
17:19:14.555 [Test worker] DEBUG org.apache.http.wire -- http-outgoing-1 << "x-cloud-trace-context: 55154fc3773177bea732131c3887860d[\r][\n]"
17:19:14.557 [Test worker] DEBUG org.apache.http.wire -- http-outgoing-1 << "date: Tue, 25 Nov 2025 22:19:14 GMT[\r][\n]"
17:19:14.557 [Test worker] DEBUG org.apache.http.wire -- http-outgoing-1 << "server: Google Frontend[\r][\n]"
17:19:14.557 [Test worker] DEBUG org.apache.http.wire -- http-outgoing-1 << "Content-Length: 3[\r][\n]"
17:19:14.557 [Test worker] DEBUG org.apache.http.wire -- http-outgoing-1 << "[\r][\n]"
17:19:14.557 [Test worker] DEBUG org.apache.http.wire -- http-outgoing-1 << """[\n]"
17:19:14.557 [Test worker] DEBUG org.apache.http.headers -- http-outgoing-1 << HTTP/1.1 200 OK
17:19:14.557 [Test worker] DEBUG org.apache.http.headers -- http-outgoing-1 << content-type: application/json
17:19:14.558 [Test worker] DEBUG org.apache.http.headers -- http-outgoing-1 << x-cloud-trace-context: 55154fc3773177bea732131c3887860d
17:19:14.558 [Test worker] DEBUG org.apache.http.headers -- http-outgoing-1 << date: Tue, 25 Nov 2025 22:19:14 GMT
17:19:14.558 [Test worker] DEBUG org.apache.http.headers -- http-outgoing-1 << server: Google Frontend
17:19:14.558 [Test worker] DEBUG org.apache.http.headers -- http-outgoing-1 << Content-Length: 3
17:19:14.558 [Test worker] DEBUG org.apache.http.impl.execchain.MainClientExec -- Connection can be kept alive indefinitely
17:19:14.558 [Test worker] DEBUG org.apache.http.impl.conn.PoolingHttpClientConnectionManager -- Connection [id: 1][route: {s}->https://api.demoblaze.com:443] can be kept alive indefinitely
17:19:14.558 [Test worker] DEBUG org.apache.http.impl.conn.DefaultManagedHttpClientConnection -- http-outgoing-1: set socket timeout to 0
17:19:14.558 [Test worker] DEBUG org.apache.http.impl.conn.PoolingHttpClientConnectionManager -- Connection released: [id: 1][route: {s}->https://api.demoblaze.com:443][total available: 1; route allocated: 1 of 5; total allocated: 1 of 10]
17:19:14.558 [Test worker] DEBUG org.apache.http.impl.conn.PoolingHttpClientConnectionManager -- Connection manager is shutting down
17:19:14.559 [Test worker] DEBUG org.apache.http.impl.conn.DefaultManagedHttpClientConnection -- http-outgoing-1: Close connection
17:19:14.560 [Test worker] DEBUG org.apache.http.impl.conn.PoolingHttpClientConnectionManager -- Connection manager shut down
17:19:14.560 [Test worker] DEBUG com.intuit.karate -- response time in milliseconds: 313
1 < 200
1 < content-type: application/json
1 < x-cloud-trace-context: 55154fc3773177bea732131c3887860d
1 < date: Tue, 25 Nov 2025 22:19:14 GMT
1 < server: Google Frontend
1 < Content-Length: 3
""


17:19:14.562 [Test worker] DEBUG org.apache.http.client.protocol.RequestAddCookies -- CookieSpec selected: karate
17:19:14.563 [Test worker] DEBUG org.apache.http.client.protocol.RequestAuthCache -- Auth cache not set in the context
17:19:14.563 [Test worker] DEBUG com.intuit.karate -- request:
2 > POST https://api.demoblaze.com/signup
2 > Content-Type: application/json; charset=UTF-8
2 > Content-Length: 58
2 > Host: api.demoblaze.com
2 > Connection: Keep-Alive
2 > User-Agent: Apache-HttpClient/4.5.14 (Java/17.0.2)
2 > Accept-Encoding: gzip,deflate
{"username":"user_1764109154239","password":"password123"}

17:19:14.563 [Test worker] DEBUG org.apache.http.impl.conn.PoolingHttpClientConnectionManager -- Connection request: [route: {s}->https://api.demoblaze.com:443][total available: 0; route allocated: 0 of 5; total allocated: 0 of 10]
17:19:14.563 [Test worker] DEBUG org.apache.http.impl.conn.PoolingHttpClientConnectionManager -- Connection leased: [id: 2][route: {s}->https://api.demoblaze.com:443][total available: 0; route allocated: 1 of 5; total allocated: 1 of 10]
17:19:14.563 [Test worker] DEBUG org.apache.http.impl.execchain.MainClientExec -- Opening connection {s}->https://api.demoblaze.com:443
17:19:14.563 [Test worker] DEBUG org.apache.http.impl.conn.DefaultHttpClientConnectionOperator -- Connecting to api.demoblaze.com/172.217.29.19:443
17:19:14.563 [Test worker] DEBUG org.apache.http.conn.ssl.SSLConnectionSocketFactory -- Connecting socket to api.demoblaze.com/172.217.29.19:443 with timeout 5000
17:19:14.572 [Test worker] DEBUG org.apache.http.conn.ssl.SSLConnectionSocketFactory -- Enabled protocols: [TLSv1.3, TLSv1.2]
17:19:14.572 [Test worker] DEBUG org.apache.http.conn.ssl.SSLConnectionSocketFactory -- Enabled cipher suites:[TLS_AES_256_GCM_SHA384, TLS_AES_128_GCM_SHA256, TLS_CHACHA20_POLY1305_SHA256, TLS_ECDHE_ECDSA_WITH_AES_256_GCM_SHA384, TLS_ECDHE_ECDSA_WITH_AES_128_GCM_SHA256, TLS_ECDHE_ECDSA_WITH_CHACHA20_POLY1305_SHA256, TLS_ECDHE_RSA_WITH_AES_256_GCM_SHA384, TLS_ECDHE_RSA_WITH_CHACHA20_POLY1305_SHA256, TLS_ECDHE_RSA_WITH_AES_128_GCM_SHA256, TLS_DHE_RSA_WITH_AES_256_GCM_SHA384, TLS_DHE_RSA_WITH_CHACHA20_POLY1305_SHA256, TLS_DHE_DSS_WITH_AES_256_GCM_SHA384, TLS_DHE_RSA_WITH_AES_128_GCM_SHA256, TLS_DHE_DSS_WITH_AES_128_GCM_SHA256, TLS_ECDHE_ECDSA_WITH_AES_256_CBC_SHA384, TLS_ECDHE_RSA_WITH_AES_256_CBC_SHA384, TLS_ECDHE_ECDSA_WITH_AES_128_CBC_SHA256, TLS_ECDHE_RSA_WITH_AES_128_CBC_SHA256, TLS_DHE_RSA_WITH_AES_256_CBC_SHA256, TLS_DHE_DSS_WITH_AES_256_CBC_SHA256, TLS_DHE_RSA_WITH_AES_128_CBC_SHA256, TLS_DHE_DSS_WITH_AES_128_CBC_SHA256, TLS_ECDH_ECDSA_WITH_AES_256_GCM_SHA384, TLS_ECDH_RSA_WITH_AES_256_GCM_SHA384, TLS_ECDH_ECDSA_WITH_AES_128_GCM_SHA256, TLS_ECDH_RSA_WITH_AES_128_GCM_SHA256, TLS_ECDH_ECDSA_WITH_AES_256_CBC_SHA384, TLS_ECDH_RSA_WITH_AES_256_CBC_SHA384, TLS_ECDH_ECDSA_WITH_AES_128_CBC_SHA256, TLS_ECDH_RSA_WITH_AES_128_CBC_SHA256, TLS_ECDHE_ECDSA_WITH_AES_256_CBC_SHA, TLS_ECDHE_RSA_WITH_AES_256_CBC_SHA, TLS_ECDHE_ECDSA_WITH_AES_128_CBC_SHA, TLS_ECDHE_RSA_WITH_AES_128_CBC_SHA, TLS_DHE_RSA_WITH_AES_256_CBC_SHA, TLS_DHE_DSS_WITH_AES_256_CBC_SHA, TLS_DHE_RSA_WITH_AES_128_CBC_SHA, TLS_DHE_DSS_WITH_AES_128_CBC_SHA, TLS_ECDH_ECDSA_WITH_AES_256_CBC_SHA, TLS_ECDH_RSA_WITH_AES_256_CBC_SHA, TLS_ECDH_ECDSA_WITH_AES_128_CBC_SHA, TLS_ECDH_RSA_WITH_AES_128_CBC_SHA, TLS_RSA_WITH_AES_256_GCM_SHA384, TLS_RSA_WITH_AES_128_GCM_SHA256, TLS_RSA_WITH_AES_256_CBC_SHA256, TLS_RSA_WITH_AES_128_CBC_SHA256, TLS_RSA_WITH_AES_256_CBC_SHA, TLS_RSA_WITH_AES_128_CBC_SHA, TLS_EMPTY_RENEGOTIATION_INFO_SCSV]
17:19:14.572 [Test worker] DEBUG org.apache.http.conn.ssl.SSLConnectionSocketFactory -- Starting handshake
17:19:14.659 [Test worker] DEBUG org.apache.http.conn.ssl.SSLConnectionSocketFactory -- Secure session established
17:19:14.659 [Test worker] DEBUG org.apache.http.conn.ssl.SSLConnectionSocketFactory --  negotiated protocol: TLSv1.3
17:19:14.659 [Test worker] DEBUG org.apache.http.conn.ssl.SSLConnectionSocketFactory --  negotiated cipher suite: TLS_AES_256_GCM_SHA384
17:19:14.659 [Test worker] DEBUG org.apache.http.conn.ssl.SSLConnectionSocketFactory --  peer principal: CN=api.demoblaze.com
17:19:14.659 [Test worker] DEBUG org.apache.http.conn.ssl.SSLConnectionSocketFactory --  peer alternative names: [api.demoblaze.com]
17:19:14.659 [Test worker] DEBUG org.apache.http.conn.ssl.SSLConnectionSocketFactory --  issuer principal: CN=WR3, O=Google Trust Services, C=US
17:19:14.659 [Test worker] DEBUG org.apache.http.impl.conn.DefaultHttpClientConnectionOperator -- Connection established 192.168.1.7:51040<->172.217.29.19:443
17:19:14.659 [Test worker] DEBUG org.apache.http.impl.conn.DefaultManagedHttpClientConnection -- http-outgoing-2: set socket timeout to 5000
17:19:14.659 [Test worker] DEBUG org.apache.http.impl.execchain.MainClientExec -- Executing request POST /signup HTTP/1.1
17:19:14.659 [Test worker] DEBUG org.apache.http.impl.execchain.MainClientExec -- Target auth state: UNCHALLENGED
17:19:14.659 [Test worker] DEBUG org.apache.http.impl.execchain.MainClientExec -- Proxy auth state: UNCHALLENGED
17:19:14.659 [Test worker] DEBUG org.apache.http.headers -- http-outgoing-2 >> POST /signup HTTP/1.1
17:19:14.659 [Test worker] DEBUG org.apache.http.headers -- http-outgoing-2 >> Content-Type: application/json; charset=UTF-8
17:19:14.659 [Test worker] DEBUG org.apache.http.headers -- http-outgoing-2 >> Content-Length: 58
17:19:14.659 [Test worker] DEBUG org.apache.http.headers -- http-outgoing-2 >> Host: api.demoblaze.com
17:19:14.659 [Test worker] DEBUG org.apache.http.headers -- http-outgoing-2 >> Connection: Keep-Alive
17:19:14.659 [Test worker] DEBUG org.apache.http.headers -- http-outgoing-2 >> User-Agent: Apache-HttpClient/4.5.14 (Java/17.0.2)
17:19:14.659 [Test worker] DEBUG org.apache.http.headers -- http-outgoing-2 >> Accept-Encoding: gzip,deflate
17:19:14.660 [Test worker] DEBUG org.apache.http.wire -- http-outgoing-2 >> "POST /signup HTTP/1.1[\r][\n]"
17:19:14.660 [Test worker] DEBUG org.apache.http.wire -- http-outgoing-2 >> "Content-Type: application/json; charset=UTF-8[\r][\n]"
17:19:14.660 [Test worker] DEBUG org.apache.http.wire -- http-outgoing-2 >> "Content-Length: 58[\r][\n]"
17:19:14.660 [Test worker] DEBUG org.apache.http.wire -- http-outgoing-2 >> "Host: api.demoblaze.com[\r][\n]"
17:19:14.660 [Test worker] DEBUG org.apache.http.wire -- http-outgoing-2 >> "Connection: Keep-Alive[\r][\n]"
17:19:14.660 [Test worker] DEBUG org.apache.http.wire -- http-outgoing-2 >> "User-Agent: Apache-HttpClient/4.5.14 (Java/17.0.2)[\r][\n]"
17:19:14.660 [Test worker] DEBUG org.apache.http.wire -- http-outgoing-2 >> "Accept-Encoding: gzip,deflate[\r][\n]"
17:19:14.660 [Test worker] DEBUG org.apache.http.wire -- http-outgoing-2 >> "[\r][\n]"
17:19:14.660 [Test worker] DEBUG org.apache.http.wire -- http-outgoing-2 >> "{"username":"user_1764109154239","password":"password123"}"
17:19:14.815 [Test worker] DEBUG org.apache.http.wire -- http-outgoing-2 << "HTTP/1.1 200 OK[\r][\n]"
17:19:14.815 [Test worker] DEBUG org.apache.http.wire -- http-outgoing-2 << "content-type: application/json[\r][\n]"
17:19:14.815 [Test worker] DEBUG org.apache.http.wire -- http-outgoing-2 << "vary: Accept-Encoding[\r][\n]"
17:19:14.815 [Test worker] DEBUG org.apache.http.wire -- http-outgoing-2 << "content-encoding: gzip[\r][\n]"
17:19:14.815 [Test worker] DEBUG org.apache.http.wire -- http-outgoing-2 << "x-cloud-trace-context: 0f65d6acbfb740cec956ececfba779eb[\r][\n]"
17:19:14.816 [Test worker] DEBUG org.apache.http.wire -- http-outgoing-2 << "date: Tue, 25 Nov 2025 22:19:14 GMT[\r][\n]"
17:19:14.816 [Test worker] DEBUG org.apache.http.wire -- http-outgoing-2 << "server: Google Frontend[\r][\n]"
17:19:14.816 [Test worker] DEBUG org.apache.http.wire -- http-outgoing-2 << "Transfer-Encoding: chunked[\r][\n]"
17:19:14.816 [Test worker] DEBUG org.apache.http.wire -- http-outgoing-2 << "[\r][\n]"
17:19:14.816 [Test worker] DEBUG org.apache.http.wire -- http-outgoing-2 << "00000001[\r][\n]"
17:19:14.816 [Test worker] DEBUG org.apache.http.wire -- http-outgoing-2 << "[0x1f][\r][\n]"
17:19:14.816 [Test worker] DEBUG org.apache.http.wire -- http-outgoing-2 << "00045[\r][\n]"
17:19:14.816 [Test worker] DEBUG org.apache.http.wire -- http-outgoing-2 << "[0x8b][0x8][0x0][0x0][0x0][0x0][0x0][0x4][0x3][0xaa]VJ-*[0xca]/[0xf2]M-.NLOU[0xb2]R[\n]"
17:19:14.816 [Test worker] DEBUG org.apache.http.wire -- http-outgoing-2 << "[0xc9][0xc8],V(-N-RH[0xcc])JML[0xa9]TH[0xad][0xc8],.[0xd1]S[0xaa][0xe5][0x2][0x0][0x0][0x0][0xff][0xff][0x3][0x0]E[0xcb]3[0x94],[0x0][0x0][0x0][\r][\n]"
17:19:14.817 [Test worker] DEBUG org.apache.http.headers -- http-outgoing-2 << HTTP/1.1 200 OK
17:19:14.817 [Test worker] DEBUG org.apache.http.headers -- http-outgoing-2 << content-type: application/json
17:19:14.817 [Test worker] DEBUG org.apache.http.headers -- http-outgoing-2 << vary: Accept-Encoding
17:19:14.817 [Test worker] DEBUG org.apache.http.headers -- http-outgoing-2 << content-encoding: gzip
17:19:14.817 [Test worker] DEBUG org.apache.http.headers -- http-outgoing-2 << x-cloud-trace-context: 0f65d6acbfb740cec956ececfba779eb
17:19:14.817 [Test worker] DEBUG org.apache.http.headers -- http-outgoing-2 << date: Tue, 25 Nov 2025 22:19:14 GMT
17:19:14.817 [Test worker] DEBUG org.apache.http.headers -- http-outgoing-2 << server: Google Frontend
17:19:14.817 [Test worker] DEBUG org.apache.http.headers -- http-outgoing-2 << Transfer-Encoding: chunked
17:19:14.822 [Test worker] DEBUG org.apache.http.impl.execchain.MainClientExec -- Connection can be kept alive indefinitely
17:19:14.823 [Test worker] DEBUG org.apache.http.impl.conn.DefaultManagedHttpClientConnection -- http-outgoing-2: Close connection
17:19:14.824 [Test worker] DEBUG org.apache.http.impl.execchain.MainClientExec -- Connection discarded
17:19:14.824 [Test worker] DEBUG org.apache.http.impl.conn.PoolingHttpClientConnectionManager -- Connection released: [id: 2][route: {s}->https://api.demoblaze.com:443][total available: 0; route allocated: 0 of 5; total allocated: 0 of 10]
17:19:14.824 [Test worker] DEBUG org.apache.http.impl.conn.PoolingHttpClientConnectionManager -- Connection manager is shutting down
17:19:14.824 [Test worker] DEBUG org.apache.http.impl.conn.PoolingHttpClientConnectionManager -- Connection manager shut down
17:19:14.824 [Test worker] DEBUG com.intuit.karate -- response time in milliseconds: 260
2 < 200
2 < content-type: application/json
2 < vary: Accept-Encoding
2 < x-cloud-trace-context: 0f65d6acbfb740cec956ececfba779eb
2 < date: Tue, 25 Nov 2025 22:19:14 GMT
2 < server: Google Frontend
2 < Transfer-Encoding: chunked
{"errorMessage":"This user already exist."}


17:19:14.826 [Test worker] DEBUG com.jayway.jsonpath.internal.path.CompiledPath -- Evaluating path: $
17:19:14.835 [Test worker] DEBUG com.jayway.jsonpath.internal.path.CompiledPath -- Evaluating path: $
17:19:14.836 [Test worker] DEBUG com.intuit.karate.core.ScenarioEngine -- over-writing existing variable 'username' with new value: loginUser
17:19:14.838 [Test worker] DEBUG com.jayway.jsonpath.internal.path.CompiledPath -- Evaluating path: $
17:19:14.839 [Test worker] DEBUG org.apache.http.client.protocol.RequestAddCookies -- CookieSpec selected: karate
17:19:14.839 [Test worker] DEBUG org.apache.http.client.protocol.RequestAuthCache -- Auth cache not set in the context
17:19:14.839 [Test worker] DEBUG com.intuit.karate -- request:
1 > POST https://api.demoblaze.com/signup
1 > Content-Type: application/json; charset=UTF-8
1 > Content-Length: 58
1 > Host: api.demoblaze.com
1 > Connection: Keep-Alive
1 > User-Agent: Apache-HttpClient/4.5.14 (Java/17.0.2)
1 > Accept-Encoding: gzip,deflate
{"username":"user_1764109154836","password":"password123"}

17:19:14.840 [Test worker] DEBUG org.apache.http.impl.conn.PoolingHttpClientConnectionManager -- Connection request: [route: {s}->https://api.demoblaze.com:443][total available: 0; route allocated: 0 of 5; total allocated: 0 of 10]
17:19:14.840 [Test worker] DEBUG org.apache.http.impl.conn.PoolingHttpClientConnectionManager -- Connection leased: [id: 3][route: {s}->https://api.demoblaze.com:443][total available: 0; route allocated: 1 of 5; total allocated: 1 of 10]
17:19:14.840 [Test worker] DEBUG org.apache.http.impl.execchain.MainClientExec -- Opening connection {s}->https://api.demoblaze.com:443
17:19:14.840 [Test worker] DEBUG org.apache.http.impl.conn.DefaultHttpClientConnectionOperator -- Connecting to api.demoblaze.com/172.217.29.19:443
17:19:14.840 [Test worker] DEBUG org.apache.http.conn.ssl.SSLConnectionSocketFactory -- Connecting socket to api.demoblaze.com/172.217.29.19:443 with timeout 5000
17:19:14.847 [Test worker] DEBUG org.apache.http.conn.ssl.SSLConnectionSocketFactory -- Enabled protocols: [TLSv1.3, TLSv1.2]
17:19:14.847 [Test worker] DEBUG org.apache.http.conn.ssl.SSLConnectionSocketFactory -- Enabled cipher suites:[TLS_AES_256_GCM_SHA384, TLS_AES_128_GCM_SHA256, TLS_CHACHA20_POLY1305_SHA256, TLS_ECDHE_ECDSA_WITH_AES_256_GCM_SHA384, TLS_ECDHE_ECDSA_WITH_AES_128_GCM_SHA256, TLS_ECDHE_ECDSA_WITH_CHACHA20_POLY1305_SHA256, TLS_ECDHE_RSA_WITH_AES_256_GCM_SHA384, TLS_ECDHE_RSA_WITH_CHACHA20_POLY1305_SHA256, TLS_ECDHE_RSA_WITH_AES_128_GCM_SHA256, TLS_DHE_RSA_WITH_AES_256_GCM_SHA384, TLS_DHE_RSA_WITH_CHACHA20_POLY1305_SHA256, TLS_DHE_DSS_WITH_AES_256_GCM_SHA384, TLS_DHE_RSA_WITH_AES_128_GCM_SHA256, TLS_DHE_DSS_WITH_AES_128_GCM_SHA256, TLS_ECDHE_ECDSA_WITH_AES_256_CBC_SHA384, TLS_ECDHE_RSA_WITH_AES_256_CBC_SHA384, TLS_ECDHE_ECDSA_WITH_AES_128_CBC_SHA256, TLS_ECDHE_RSA_WITH_AES_128_CBC_SHA256, TLS_DHE_RSA_WITH_AES_256_CBC_SHA256, TLS_DHE_DSS_WITH_AES_256_CBC_SHA256, TLS_DHE_RSA_WITH_AES_128_CBC_SHA256, TLS_DHE_DSS_WITH_AES_128_CBC_SHA256, TLS_ECDH_ECDSA_WITH_AES_256_GCM_SHA384, TLS_ECDH_RSA_WITH_AES_256_GCM_SHA384, TLS_ECDH_ECDSA_WITH_AES_128_GCM_SHA256, TLS_ECDH_RSA_WITH_AES_128_GCM_SHA256, TLS_ECDH_ECDSA_WITH_AES_256_CBC_SHA384, TLS_ECDH_RSA_WITH_AES_256_CBC_SHA384, TLS_ECDH_ECDSA_WITH_AES_128_CBC_SHA256, TLS_ECDH_RSA_WITH_AES_128_CBC_SHA256, TLS_ECDHE_ECDSA_WITH_AES_256_CBC_SHA, TLS_ECDHE_RSA_WITH_AES_256_CBC_SHA, TLS_ECDHE_ECDSA_WITH_AES_128_CBC_SHA, TLS_ECDHE_RSA_WITH_AES_128_CBC_SHA, TLS_DHE_RSA_WITH_AES_256_CBC_SHA, TLS_DHE_DSS_WITH_AES_256_CBC_SHA, TLS_DHE_RSA_WITH_AES_128_CBC_SHA, TLS_DHE_DSS_WITH_AES_128_CBC_SHA, TLS_ECDH_ECDSA_WITH_AES_256_CBC_SHA, TLS_ECDH_RSA_WITH_AES_256_CBC_SHA, TLS_ECDH_ECDSA_WITH_AES_128_CBC_SHA, TLS_ECDH_RSA_WITH_AES_128_CBC_SHA, TLS_RSA_WITH_AES_256_GCM_SHA384, TLS_RSA_WITH_AES_128_GCM_SHA256, TLS_RSA_WITH_AES_256_CBC_SHA256, TLS_RSA_WITH_AES_128_CBC_SHA256, TLS_RSA_WITH_AES_256_CBC_SHA, TLS_RSA_WITH_AES_128_CBC_SHA, TLS_EMPTY_RENEGOTIATION_INFO_SCSV]
17:19:14.847 [Test worker] DEBUG org.apache.http.conn.ssl.SSLConnectionSocketFactory -- Starting handshake
17:19:14.929 [Test worker] DEBUG org.apache.http.conn.ssl.SSLConnectionSocketFactory -- Secure session established
17:19:14.930 [Test worker] DEBUG org.apache.http.conn.ssl.SSLConnectionSocketFactory --  negotiated protocol: TLSv1.3
17:19:14.930 [Test worker] DEBUG org.apache.http.conn.ssl.SSLConnectionSocketFactory --  negotiated cipher suite: TLS_AES_256_GCM_SHA384
17:19:14.930 [Test worker] DEBUG org.apache.http.conn.ssl.SSLConnectionSocketFactory --  peer principal: CN=api.demoblaze.com
17:19:14.930 [Test worker] DEBUG org.apache.http.conn.ssl.SSLConnectionSocketFactory --  peer alternative names: [api.demoblaze.com]
17:19:14.930 [Test worker] DEBUG org.apache.http.conn.ssl.SSLConnectionSocketFactory --  issuer principal: CN=WR3, O=Google Trust Services, C=US
17:19:14.930 [Test worker] DEBUG org.apache.http.impl.conn.DefaultHttpClientConnectionOperator -- Connection established 192.168.1.7:51041<->172.217.29.19:443
17:19:14.930 [Test worker] DEBUG org.apache.http.impl.conn.DefaultManagedHttpClientConnection -- http-outgoing-3: set socket timeout to 5000
17:19:14.930 [Test worker] DEBUG org.apache.http.impl.execchain.MainClientExec -- Executing request POST /signup HTTP/1.1
17:19:14.930 [Test worker] DEBUG org.apache.http.impl.execchain.MainClientExec -- Target auth state: UNCHALLENGED
17:19:14.930 [Test worker] DEBUG org.apache.http.impl.execchain.MainClientExec -- Proxy auth state: UNCHALLENGED
17:19:14.930 [Test worker] DEBUG org.apache.http.headers -- http-outgoing-3 >> POST /signup HTTP/1.1
17:19:14.930 [Test worker] DEBUG org.apache.http.headers -- http-outgoing-3 >> Content-Type: application/json; charset=UTF-8
17:19:14.930 [Test worker] DEBUG org.apache.http.headers -- http-outgoing-3 >> Content-Length: 58
17:19:14.930 [Test worker] DEBUG org.apache.http.headers -- http-outgoing-3 >> Host: api.demoblaze.com
17:19:14.930 [Test worker] DEBUG org.apache.http.headers -- http-outgoing-3 >> Connection: Keep-Alive
17:19:14.930 [Test worker] DEBUG org.apache.http.headers -- http-outgoing-3 >> User-Agent: Apache-HttpClient/4.5.14 (Java/17.0.2)
17:19:14.930 [Test worker] DEBUG org.apache.http.headers -- http-outgoing-3 >> Accept-Encoding: gzip,deflate
17:19:14.930 [Test worker] DEBUG org.apache.http.wire -- http-outgoing-3 >> "POST /signup HTTP/1.1[\r][\n]"
17:19:14.930 [Test worker] DEBUG org.apache.http.wire -- http-outgoing-3 >> "Content-Type: application/json; charset=UTF-8[\r][\n]"
17:19:14.931 [Test worker] DEBUG org.apache.http.wire -- http-outgoing-3 >> "Content-Length: 58[\r][\n]"
17:19:14.931 [Test worker] DEBUG org.apache.http.wire -- http-outgoing-3 >> "Host: api.demoblaze.com[\r][\n]"
17:19:14.931 [Test worker] DEBUG org.apache.http.wire -- http-outgoing-3 >> "Connection: Keep-Alive[\r][\n]"
17:19:14.931 [Test worker] DEBUG org.apache.http.wire -- http-outgoing-3 >> "User-Agent: Apache-HttpClient/4.5.14 (Java/17.0.2)[\r][\n]"
17:19:14.931 [Test worker] DEBUG org.apache.http.wire -- http-outgoing-3 >> "Accept-Encoding: gzip,deflate[\r][\n]"
17:19:14.931 [Test worker] DEBUG org.apache.http.wire -- http-outgoing-3 >> "[\r][\n]"
17:19:14.931 [Test worker] DEBUG org.apache.http.wire -- http-outgoing-3 >> "{"username":"user_1764109154836","password":"password123"}"
17:19:15.185 [Test worker] DEBUG org.apache.http.wire -- http-outgoing-3 << "HTTP/1.1 200 OK[\r][\n]"
17:19:15.185 [Test worker] DEBUG org.apache.http.wire -- http-outgoing-3 << "content-type: application/json[\r][\n]"
17:19:15.185 [Test worker] DEBUG org.apache.http.wire -- http-outgoing-3 << "x-cloud-trace-context: 5549d3d6db453d1e43114249d4361435[\r][\n]"
17:19:15.186 [Test worker] DEBUG org.apache.http.wire -- http-outgoing-3 << "date: Tue, 25 Nov 2025 22:19:15 GMT[\r][\n]"
17:19:15.186 [Test worker] DEBUG org.apache.http.wire -- http-outgoing-3 << "server: Google Frontend[\r][\n]"
17:19:15.186 [Test worker] DEBUG org.apache.http.wire -- http-outgoing-3 << "Content-Length: 3[\r][\n]"
17:19:15.186 [Test worker] DEBUG org.apache.http.wire -- http-outgoing-3 << "[\r][\n]"
17:19:15.186 [Test worker] DEBUG org.apache.http.wire -- http-outgoing-3 << """[\n]"
17:19:15.186 [Test worker] DEBUG org.apache.http.headers -- http-outgoing-3 << HTTP/1.1 200 OK
17:19:15.186 [Test worker] DEBUG org.apache.http.headers -- http-outgoing-3 << content-type: application/json
17:19:15.186 [Test worker] DEBUG org.apache.http.headers -- http-outgoing-3 << x-cloud-trace-context: 5549d3d6db453d1e43114249d4361435
17:19:15.186 [Test worker] DEBUG org.apache.http.headers -- http-outgoing-3 << date: Tue, 25 Nov 2025 22:19:15 GMT
17:19:15.186 [Test worker] DEBUG org.apache.http.headers -- http-outgoing-3 << server: Google Frontend
17:19:15.186 [Test worker] DEBUG org.apache.http.headers -- http-outgoing-3 << Content-Length: 3
17:19:15.186 [Test worker] DEBUG org.apache.http.impl.execchain.MainClientExec -- Connection can be kept alive indefinitely
17:19:15.186 [Test worker] DEBUG org.apache.http.impl.conn.PoolingHttpClientConnectionManager -- Connection [id: 3][route: {s}->https://api.demoblaze.com:443] can be kept alive indefinitely
17:19:15.187 [Test worker] DEBUG org.apache.http.impl.conn.DefaultManagedHttpClientConnection -- http-outgoing-3: set socket timeout to 0
17:19:15.187 [Test worker] DEBUG org.apache.http.impl.conn.PoolingHttpClientConnectionManager -- Connection released: [id: 3][route: {s}->https://api.demoblaze.com:443][total available: 1; route allocated: 1 of 5; total allocated: 1 of 10]
17:19:15.187 [Test worker] DEBUG org.apache.http.impl.conn.PoolingHttpClientConnectionManager -- Connection manager is shutting down
17:19:15.187 [Test worker] DEBUG org.apache.http.impl.conn.DefaultManagedHttpClientConnection -- http-outgoing-3: Close connection
17:19:15.187 [Test worker] DEBUG org.apache.http.impl.conn.PoolingHttpClientConnectionManager -- Connection manager shut down
17:19:15.189 [Test worker] DEBUG com.intuit.karate -- response time in milliseconds: 347
1 < 200
1 < content-type: application/json
1 < x-cloud-trace-context: 5549d3d6db453d1e43114249d4361435
1 < date: Tue, 25 Nov 2025 22:19:15 GMT
1 < server: Google Frontend
1 < Content-Length: 3
""


17:19:17.207 [Test worker] DEBUG org.apache.http.client.protocol.RequestAddCookies -- CookieSpec selected: karate
17:19:17.208 [Test worker] DEBUG org.apache.http.client.protocol.RequestAuthCache -- Auth cache not set in the context
17:19:17.208 [Test worker] DEBUG com.intuit.karate -- request:
2 > POST https://api.demoblaze.com/login
2 > Content-Type: application/json; charset=UTF-8
2 > Content-Length: 58
2 > Host: api.demoblaze.com
2 > Connection: Keep-Alive
2 > User-Agent: Apache-HttpClient/4.5.14 (Java/17.0.2)
2 > Accept-Encoding: gzip,deflate
{"username":"user_1764109154836","password":"password123"}

17:19:17.208 [Test worker] DEBUG org.apache.http.impl.conn.PoolingHttpClientConnectionManager -- Connection request: [route: {s}->https://api.demoblaze.com:443][total available: 0; route allocated: 0 of 5; total allocated: 0 of 10]
17:19:17.208 [Test worker] DEBUG org.apache.http.impl.conn.PoolingHttpClientConnectionManager -- Connection leased: [id: 4][route: {s}->https://api.demoblaze.com:443][total available: 0; route allocated: 1 of 5; total allocated: 1 of 10]
17:19:17.208 [Test worker] DEBUG org.apache.http.impl.execchain.MainClientExec -- Opening connection {s}->https://api.demoblaze.com:443
17:19:17.208 [Test worker] DEBUG org.apache.http.impl.conn.DefaultHttpClientConnectionOperator -- Connecting to api.demoblaze.com/172.217.29.19:443
17:19:17.208 [Test worker] DEBUG org.apache.http.conn.ssl.SSLConnectionSocketFactory -- Connecting socket to api.demoblaze.com/172.217.29.19:443 with timeout 5000
17:19:17.216 [Test worker] DEBUG org.apache.http.conn.ssl.SSLConnectionSocketFactory -- Enabled protocols: [TLSv1.3, TLSv1.2]
17:19:17.216 [Test worker] DEBUG org.apache.http.conn.ssl.SSLConnectionSocketFactory -- Enabled cipher suites:[TLS_AES_256_GCM_SHA384, TLS_AES_128_GCM_SHA256, TLS_CHACHA20_POLY1305_SHA256, TLS_ECDHE_ECDSA_WITH_AES_256_GCM_SHA384, TLS_ECDHE_ECDSA_WITH_AES_128_GCM_SHA256, TLS_ECDHE_ECDSA_WITH_CHACHA20_POLY1305_SHA256, TLS_ECDHE_RSA_WITH_AES_256_GCM_SHA384, TLS_ECDHE_RSA_WITH_CHACHA20_POLY1305_SHA256, TLS_ECDHE_RSA_WITH_AES_128_GCM_SHA256, TLS_DHE_RSA_WITH_AES_256_GCM_SHA384, TLS_DHE_RSA_WITH_CHACHA20_POLY1305_SHA256, TLS_DHE_DSS_WITH_AES_256_GCM_SHA384, TLS_DHE_RSA_WITH_AES_128_GCM_SHA256, TLS_DHE_DSS_WITH_AES_128_GCM_SHA256, TLS_ECDHE_ECDSA_WITH_AES_256_CBC_SHA384, TLS_ECDHE_RSA_WITH_AES_256_CBC_SHA384, TLS_ECDHE_ECDSA_WITH_AES_128_CBC_SHA256, TLS_ECDHE_RSA_WITH_AES_128_CBC_SHA256, TLS_DHE_RSA_WITH_AES_256_CBC_SHA256, TLS_DHE_DSS_WITH_AES_256_CBC_SHA256, TLS_DHE_RSA_WITH_AES_128_CBC_SHA256, TLS_DHE_DSS_WITH_AES_128_CBC_SHA256, TLS_ECDH_ECDSA_WITH_AES_256_GCM_SHA384, TLS_ECDH_RSA_WITH_AES_256_GCM_SHA384, TLS_ECDH_ECDSA_WITH_AES_128_GCM_SHA256, TLS_ECDH_RSA_WITH_AES_128_GCM_SHA256, TLS_ECDH_ECDSA_WITH_AES_256_CBC_SHA384, TLS_ECDH_RSA_WITH_AES_256_CBC_SHA384, TLS_ECDH_ECDSA_WITH_AES_128_CBC_SHA256, TLS_ECDH_RSA_WITH_AES_128_CBC_SHA256, TLS_ECDHE_ECDSA_WITH_AES_256_CBC_SHA, TLS_ECDHE_RSA_WITH_AES_256_CBC_SHA, TLS_ECDHE_ECDSA_WITH_AES_128_CBC_SHA, TLS_ECDHE_RSA_WITH_AES_128_CBC_SHA, TLS_DHE_RSA_WITH_AES_256_CBC_SHA, TLS_DHE_DSS_WITH_AES_256_CBC_SHA, TLS_DHE_RSA_WITH_AES_128_CBC_SHA, TLS_DHE_DSS_WITH_AES_128_CBC_SHA, TLS_ECDH_ECDSA_WITH_AES_256_CBC_SHA, TLS_ECDH_RSA_WITH_AES_256_CBC_SHA, TLS_ECDH_ECDSA_WITH_AES_128_CBC_SHA, TLS_ECDH_RSA_WITH_AES_128_CBC_SHA, TLS_RSA_WITH_AES_256_GCM_SHA384, TLS_RSA_WITH_AES_128_GCM_SHA256, TLS_RSA_WITH_AES_256_CBC_SHA256, TLS_RSA_WITH_AES_128_CBC_SHA256, TLS_RSA_WITH_AES_256_CBC_SHA, TLS_RSA_WITH_AES_128_CBC_SHA, TLS_EMPTY_RENEGOTIATION_INFO_SCSV]
17:19:17.216 [Test worker] DEBUG org.apache.http.conn.ssl.SSLConnectionSocketFactory -- Starting handshake
17:19:17.309 [Test worker] DEBUG org.apache.http.conn.ssl.SSLConnectionSocketFactory -- Secure session established
17:19:17.309 [Test worker] DEBUG org.apache.http.conn.ssl.SSLConnectionSocketFactory --  negotiated protocol: TLSv1.3
17:19:17.309 [Test worker] DEBUG org.apache.http.conn.ssl.SSLConnectionSocketFactory --  negotiated cipher suite: TLS_AES_256_GCM_SHA384
17:19:17.309 [Test worker] DEBUG org.apache.http.conn.ssl.SSLConnectionSocketFactory --  peer principal: CN=api.demoblaze.com
17:19:17.309 [Test worker] DEBUG org.apache.http.conn.ssl.SSLConnectionSocketFactory --  peer alternative names: [api.demoblaze.com]
17:19:17.309 [Test worker] DEBUG org.apache.http.conn.ssl.SSLConnectionSocketFactory --  issuer principal: CN=WR3, O=Google Trust Services, C=US
17:19:17.309 [Test worker] DEBUG org.apache.http.impl.conn.DefaultHttpClientConnectionOperator -- Connection established 192.168.1.7:51042<->172.217.29.19:443
17:19:17.309 [Test worker] DEBUG org.apache.http.impl.conn.DefaultManagedHttpClientConnection -- http-outgoing-4: set socket timeout to 5000
17:19:17.309 [Test worker] DEBUG org.apache.http.impl.execchain.MainClientExec -- Executing request POST /login HTTP/1.1
17:19:17.309 [Test worker] DEBUG org.apache.http.impl.execchain.MainClientExec -- Target auth state: UNCHALLENGED
17:19:17.309 [Test worker] DEBUG org.apache.http.impl.execchain.MainClientExec -- Proxy auth state: UNCHALLENGED
17:19:17.309 [Test worker] DEBUG org.apache.http.headers -- http-outgoing-4 >> POST /login HTTP/1.1
17:19:17.309 [Test worker] DEBUG org.apache.http.headers -- http-outgoing-4 >> Content-Type: application/json; charset=UTF-8
17:19:17.309 [Test worker] DEBUG org.apache.http.headers -- http-outgoing-4 >> Content-Length: 58
17:19:17.309 [Test worker] DEBUG org.apache.http.headers -- http-outgoing-4 >> Host: api.demoblaze.com
17:19:17.309 [Test worker] DEBUG org.apache.http.headers -- http-outgoing-4 >> Connection: Keep-Alive
17:19:17.309 [Test worker] DEBUG org.apache.http.headers -- http-outgoing-4 >> User-Agent: Apache-HttpClient/4.5.14 (Java/17.0.2)
17:19:17.309 [Test worker] DEBUG org.apache.http.headers -- http-outgoing-4 >> Accept-Encoding: gzip,deflate
17:19:17.309 [Test worker] DEBUG org.apache.http.wire -- http-outgoing-4 >> "POST /login HTTP/1.1[\r][\n]"
17:19:17.309 [Test worker] DEBUG org.apache.http.wire -- http-outgoing-4 >> "Content-Type: application/json; charset=UTF-8[\r][\n]"
17:19:17.309 [Test worker] DEBUG org.apache.http.wire -- http-outgoing-4 >> "Content-Length: 58[\r][\n]"
17:19:17.309 [Test worker] DEBUG org.apache.http.wire -- http-outgoing-4 >> "Host: api.demoblaze.com[\r][\n]"
17:19:17.309 [Test worker] DEBUG org.apache.http.wire -- http-outgoing-4 >> "Connection: Keep-Alive[\r][\n]"
17:19:17.309 [Test worker] DEBUG org.apache.http.wire -- http-outgoing-4 >> "User-Agent: Apache-HttpClient/4.5.14 (Java/17.0.2)[\r][\n]"
17:19:17.309 [Test worker] DEBUG org.apache.http.wire -- http-outgoing-4 >> "Accept-Encoding: gzip,deflate[\r][\n]"
17:19:17.309 [Test worker] DEBUG org.apache.http.wire -- http-outgoing-4 >> "[\r][\n]"
17:19:17.309 [Test worker] DEBUG org.apache.http.wire -- http-outgoing-4 >> "{"username":"user_1764109154836","password":"password123"}"
17:19:17.485 [Test worker] DEBUG org.apache.http.wire -- http-outgoing-4 << "HTTP/1.1 200 OK[\r][\n]"
17:19:17.486 [Test worker] DEBUG org.apache.http.wire -- http-outgoing-4 << "content-type: application/json[\r][\n]"
17:19:17.486 [Test worker] DEBUG org.apache.http.wire -- http-outgoing-4 << "vary: Accept-Encoding[\r][\n]"
17:19:17.486 [Test worker] DEBUG org.apache.http.wire -- http-outgoing-4 << "content-encoding: gzip[\r][\n]"
17:19:17.486 [Test worker] DEBUG org.apache.http.wire -- http-outgoing-4 << "x-cloud-trace-context: 0fb55f110e115b358536763d306b1983[\r][\n]"
17:19:17.486 [Test worker] DEBUG org.apache.http.wire -- http-outgoing-4 << "date: Tue, 25 Nov 2025 22:19:17 GMT[\r][\n]"
17:19:17.486 [Test worker] DEBUG org.apache.http.wire -- http-outgoing-4 << "server: Google Frontend[\r][\n]"
17:19:17.486 [Test worker] DEBUG org.apache.http.wire -- http-outgoing-4 << "Transfer-Encoding: chunked[\r][\n]"
17:19:17.486 [Test worker] DEBUG org.apache.http.wire -- http-outgoing-4 << "[\r][\n]"
17:19:17.486 [Test worker] DEBUG org.apache.http.wire -- http-outgoing-4 << "00000001[\r][\n]"
17:19:17.486 [Test worker] DEBUG org.apache.http.wire -- http-outgoing-4 << "[0x1f][\r][\n]"
17:19:17.486 [Test worker] DEBUG org.apache.http.wire -- http-outgoing-4 << "00000001[\r][\n]"
17:19:17.486 [Test worker] DEBUG org.apache.http.wire -- http-outgoing-4 << "[0x8b][\r][\n]"
17:19:17.486 [Test worker] DEBUG org.apache.http.wire -- http-outgoing-4 << "00000001[\r][\n]"
17:19:17.486 [Test worker] DEBUG org.apache.http.wire -- http-outgoing-4 << "[0x8][\r][\n]"
17:19:17.486 [Test worker] DEBUG org.apache.http.wire -- http-outgoing-4 << "00000001[\r][\n]"
17:19:17.486 [Test worker] DEBUG org.apache.http.wire -- http-outgoing-4 << "[0x0][\r][\n]"
17:19:17.486 [Test worker] DEBUG org.apache.http.wire -- http-outgoing-4 << "00000001[\r][\n]"
17:19:17.486 [Test worker] DEBUG org.apache.http.wire -- http-outgoing-4 << "[0x0][\r][\n]"
17:19:17.486 [Test worker] DEBUG org.apache.http.wire -- http-outgoing-4 << "00000001[\r][\n]"
17:19:17.486 [Test worker] DEBUG org.apache.http.wire -- http-outgoing-4 << "[0x0][\r][\n]"
17:19:17.486 [Test worker] DEBUG org.apache.http.wire -- http-outgoing-4 << "00000001[\r][\n]"
17:19:17.486 [Test worker] DEBUG org.apache.http.wire -- http-outgoing-4 << "[0x0][\r][\n]"
17:19:17.486 [Test worker] DEBUG org.apache.http.wire -- http-outgoing-4 << "00000001[\r][\n]"
17:19:17.486 [Test worker] DEBUG org.apache.http.wire -- http-outgoing-4 << "[0x0][\r][\n]"
17:19:17.486 [Test worker] DEBUG org.apache.http.wire -- http-outgoing-4 << "045[\r][\n]"
17:19:17.486 [Test worker] DEBUG org.apache.http.wire -- http-outgoing-4 << "[0x4][0x3]Rr,-[0xc9][0x88]/[0xc9][0xcf]N[0xcd][0xb3]RH[0x89][0xf0][0xcb]I[0xce][0xb1][0xa8][0xf0][0xab][0x8a]4[0xf0][\r]q4[0xf5][\r][0x9]5[0xf0]w[0xf1]5[0xf2][\r]I6[0xf2]sI.[0xf7][0xf][0xb4][0xb5]U[0xe2][0x2][0x0][0x0][0x0][0xff][0xff][0x3][0x0][0x88][0xfc]#[0xba]3[0x0][0x0][0x0][\r][\n]"
17:19:17.486 [Test worker] DEBUG org.apache.http.headers -- http-outgoing-4 << HTTP/1.1 200 OK
17:19:17.486 [Test worker] DEBUG org.apache.http.headers -- http-outgoing-4 << content-type: application/json
17:19:17.486 [Test worker] DEBUG org.apache.http.headers -- http-outgoing-4 << vary: Accept-Encoding
17:19:17.486 [Test worker] DEBUG org.apache.http.headers -- http-outgoing-4 << content-encoding: gzip
17:19:17.486 [Test worker] DEBUG org.apache.http.headers -- http-outgoing-4 << x-cloud-trace-context: 0fb55f110e115b358536763d306b1983
17:19:17.486 [Test worker] DEBUG org.apache.http.headers -- http-outgoing-4 << date: Tue, 25 Nov 2025 22:19:17 GMT
17:19:17.486 [Test worker] DEBUG org.apache.http.headers -- http-outgoing-4 << server: Google Frontend
17:19:17.486 [Test worker] DEBUG org.apache.http.headers -- http-outgoing-4 << Transfer-Encoding: chunked
17:19:17.486 [Test worker] DEBUG org.apache.http.impl.execchain.MainClientExec -- Connection can be kept alive indefinitely
17:19:17.486 [Test worker] DEBUG org.apache.http.impl.conn.DefaultManagedHttpClientConnection -- http-outgoing-4: Close connection
17:19:17.487 [Test worker] DEBUG org.apache.http.impl.execchain.MainClientExec -- Connection discarded
17:19:17.487 [Test worker] DEBUG org.apache.http.impl.conn.PoolingHttpClientConnectionManager -- Connection released: [id: 4][route: {s}->https://api.demoblaze.com:443][total available: 0; route allocated: 0 of 5; total allocated: 0 of 10]
17:19:17.487 [Test worker] DEBUG org.apache.http.impl.conn.PoolingHttpClientConnectionManager -- Connection manager is shutting down
17:19:17.487 [Test worker] DEBUG org.apache.http.impl.conn.PoolingHttpClientConnectionManager -- Connection manager shut down
17:19:17.487 [Test worker] DEBUG com.intuit.karate -- response time in milliseconds: 278
2 < 200
2 < content-type: application/json
2 < vary: Accept-Encoding
2 < x-cloud-trace-context: 0fb55f110e115b358536763d306b1983
2 < date: Tue, 25 Nov 2025 22:19:17 GMT
2 < server: Google Frontend
2 < Transfer-Encoding: chunked
"Auth_token: dXNlcl8xNzY0MTA5MTU0ODM2MTc2NDcwOQ=="


17:19:17.498 [Test worker] DEBUG com.jayway.jsonpath.internal.path.CompiledPath -- Evaluating path: $
17:19:17.499 [Test worker] DEBUG com.jayway.jsonpath.internal.path.CompiledPath -- Evaluating path: $
17:19:17.500 [Test worker] DEBUG org.apache.http.client.protocol.RequestAddCookies -- CookieSpec selected: karate
17:19:17.500 [Test worker] DEBUG org.apache.http.client.protocol.RequestAuthCache -- Auth cache not set in the context
17:19:17.500 [Test worker] DEBUG com.intuit.karate -- request:
1 > POST https://api.demoblaze.com/login
1 > Content-Type: application/json; charset=UTF-8
1 > Content-Length: 60
1 > Host: api.demoblaze.com
1 > Connection: Keep-Alive
1 > User-Agent: Apache-HttpClient/4.5.14 (Java/17.0.2)
1 > Accept-Encoding: gzip,deflate
{"username":"usuario_no_existe","password":"wrong_password"}

17:19:17.501 [Test worker] DEBUG org.apache.http.impl.conn.PoolingHttpClientConnectionManager -- Connection request: [route: {s}->https://api.demoblaze.com:443][total available: 0; route allocated: 0 of 5; total allocated: 0 of 10]
17:19:17.501 [Test worker] DEBUG org.apache.http.impl.conn.PoolingHttpClientConnectionManager -- Connection leased: [id: 5][route: {s}->https://api.demoblaze.com:443][total available: 0; route allocated: 1 of 5; total allocated: 1 of 10]
17:19:17.501 [Test worker] DEBUG org.apache.http.impl.execchain.MainClientExec -- Opening connection {s}->https://api.demoblaze.com:443
17:19:17.501 [Test worker] DEBUG org.apache.http.impl.conn.DefaultHttpClientConnectionOperator -- Connecting to api.demoblaze.com/172.217.29.19:443
17:19:17.501 [Test worker] DEBUG org.apache.http.conn.ssl.SSLConnectionSocketFactory -- Connecting socket to api.demoblaze.com/172.217.29.19:443 with timeout 5000
17:19:17.508 [Test worker] DEBUG org.apache.http.conn.ssl.SSLConnectionSocketFactory -- Enabled protocols: [TLSv1.3, TLSv1.2]
17:19:17.508 [Test worker] DEBUG org.apache.http.conn.ssl.SSLConnectionSocketFactory -- Enabled cipher suites:[TLS_AES_256_GCM_SHA384, TLS_AES_128_GCM_SHA256, TLS_CHACHA20_POLY1305_SHA256, TLS_ECDHE_ECDSA_WITH_AES_256_GCM_SHA384, TLS_ECDHE_ECDSA_WITH_AES_128_GCM_SHA256, TLS_ECDHE_ECDSA_WITH_CHACHA20_POLY1305_SHA256, TLS_ECDHE_RSA_WITH_AES_256_GCM_SHA384, TLS_ECDHE_RSA_WITH_CHACHA20_POLY1305_SHA256, TLS_ECDHE_RSA_WITH_AES_128_GCM_SHA256, TLS_DHE_RSA_WITH_AES_256_GCM_SHA384, TLS_DHE_RSA_WITH_CHACHA20_POLY1305_SHA256, TLS_DHE_DSS_WITH_AES_256_GCM_SHA384, TLS_DHE_RSA_WITH_AES_128_GCM_SHA256, TLS_DHE_DSS_WITH_AES_128_GCM_SHA256, TLS_ECDHE_ECDSA_WITH_AES_256_CBC_SHA384, TLS_ECDHE_RSA_WITH_AES_256_CBC_SHA384, TLS_ECDHE_ECDSA_WITH_AES_128_CBC_SHA256, TLS_ECDHE_RSA_WITH_AES_128_CBC_SHA256, TLS_DHE_RSA_WITH_AES_256_CBC_SHA256, TLS_DHE_DSS_WITH_AES_256_CBC_SHA256, TLS_DHE_RSA_WITH_AES_128_CBC_SHA256, TLS_DHE_DSS_WITH_AES_128_CBC_SHA256, TLS_ECDH_ECDSA_WITH_AES_256_GCM_SHA384, TLS_ECDH_RSA_WITH_AES_256_GCM_SHA384, TLS_ECDH_ECDSA_WITH_AES_128_GCM_SHA256, TLS_ECDH_RSA_WITH_AES_128_GCM_SHA256, TLS_ECDH_ECDSA_WITH_AES_256_CBC_SHA384, TLS_ECDH_RSA_WITH_AES_256_CBC_SHA384, TLS_ECDH_ECDSA_WITH_AES_128_CBC_SHA256, TLS_ECDH_RSA_WITH_AES_128_CBC_SHA256, TLS_ECDHE_ECDSA_WITH_AES_256_CBC_SHA, TLS_ECDHE_RSA_WITH_AES_256_CBC_SHA, TLS_ECDHE_ECDSA_WITH_AES_128_CBC_SHA, TLS_ECDHE_RSA_WITH_AES_128_CBC_SHA, TLS_DHE_RSA_WITH_AES_256_CBC_SHA, TLS_DHE_DSS_WITH_AES_256_CBC_SHA, TLS_DHE_RSA_WITH_AES_128_CBC_SHA, TLS_DHE_DSS_WITH_AES_128_CBC_SHA, TLS_ECDH_ECDSA_WITH_AES_256_CBC_SHA, TLS_ECDH_RSA_WITH_AES_256_CBC_SHA, TLS_ECDH_ECDSA_WITH_AES_128_CBC_SHA, TLS_ECDH_RSA_WITH_AES_128_CBC_SHA, TLS_RSA_WITH_AES_256_GCM_SHA384, TLS_RSA_WITH_AES_128_GCM_SHA256, TLS_RSA_WITH_AES_256_CBC_SHA256, TLS_RSA_WITH_AES_128_CBC_SHA256, TLS_RSA_WITH_AES_256_CBC_SHA, TLS_RSA_WITH_AES_128_CBC_SHA, TLS_EMPTY_RENEGOTIATION_INFO_SCSV]
17:19:17.508 [Test worker] DEBUG org.apache.http.conn.ssl.SSLConnectionSocketFactory -- Starting handshake
17:19:17.594 [Test worker] DEBUG org.apache.http.conn.ssl.SSLConnectionSocketFactory -- Secure session established
17:19:17.594 [Test worker] DEBUG org.apache.http.conn.ssl.SSLConnectionSocketFactory --  negotiated protocol: TLSv1.3
17:19:17.594 [Test worker] DEBUG org.apache.http.conn.ssl.SSLConnectionSocketFactory --  negotiated cipher suite: TLS_AES_256_GCM_SHA384
17:19:17.594 [Test worker] DEBUG org.apache.http.conn.ssl.SSLConnectionSocketFactory --  peer principal: CN=api.demoblaze.com
17:19:17.594 [Test worker] DEBUG org.apache.http.conn.ssl.SSLConnectionSocketFactory --  peer alternative names: [api.demoblaze.com]
17:19:17.595 [Test worker] DEBUG org.apache.http.conn.ssl.SSLConnectionSocketFactory --  issuer principal: CN=WR3, O=Google Trust Services, C=US
17:19:17.595 [Test worker] DEBUG org.apache.http.impl.conn.DefaultHttpClientConnectionOperator -- Connection established 192.168.1.7:51043<->172.217.29.19:443
17:19:17.595 [Test worker] DEBUG org.apache.http.impl.conn.DefaultManagedHttpClientConnection -- http-outgoing-5: set socket timeout to 5000
17:19:17.595 [Test worker] DEBUG org.apache.http.impl.execchain.MainClientExec -- Executing request POST /login HTTP/1.1
17:19:17.595 [Test worker] DEBUG org.apache.http.impl.execchain.MainClientExec -- Target auth state: UNCHALLENGED
17:19:17.595 [Test worker] DEBUG org.apache.http.impl.execchain.MainClientExec -- Proxy auth state: UNCHALLENGED
17:19:17.595 [Test worker] DEBUG org.apache.http.headers -- http-outgoing-5 >> POST /login HTTP/1.1
17:19:17.595 [Test worker] DEBUG org.apache.http.headers -- http-outgoing-5 >> Content-Type: application/json; charset=UTF-8
17:19:17.595 [Test worker] DEBUG org.apache.http.headers -- http-outgoing-5 >> Content-Length: 60
17:19:17.595 [Test worker] DEBUG org.apache.http.headers -- http-outgoing-5 >> Host: api.demoblaze.com
17:19:17.595 [Test worker] DEBUG org.apache.http.headers -- http-outgoing-5 >> Connection: Keep-Alive
17:19:17.595 [Test worker] DEBUG org.apache.http.headers -- http-outgoing-5 >> User-Agent: Apache-HttpClient/4.5.14 (Java/17.0.2)
17:19:17.595 [Test worker] DEBUG org.apache.http.headers -- http-outgoing-5 >> Accept-Encoding: gzip,deflate
17:19:17.595 [Test worker] DEBUG org.apache.http.wire -- http-outgoing-5 >> "POST /login HTTP/1.1[\r][\n]"
17:19:17.595 [Test worker] DEBUG org.apache.http.wire -- http-outgoing-5 >> "Content-Type: application/json; charset=UTF-8[\r][\n]"
17:19:17.595 [Test worker] DEBUG org.apache.http.wire -- http-outgoing-5 >> "Content-Length: 60[\r][\n]"
17:19:17.595 [Test worker] DEBUG org.apache.http.wire -- http-outgoing-5 >> "Host: api.demoblaze.com[\r][\n]"
17:19:17.595 [Test worker] DEBUG org.apache.http.wire -- http-outgoing-5 >> "Connection: Keep-Alive[\r][\n]"
17:19:17.595 [Test worker] DEBUG org.apache.http.wire -- http-outgoing-5 >> "User-Agent: Apache-HttpClient/4.5.14 (Java/17.0.2)[\r][\n]"
17:19:17.595 [Test worker] DEBUG org.apache.http.wire -- http-outgoing-5 >> "Accept-Encoding: gzip,deflate[\r][\n]"
17:19:17.595 [Test worker] DEBUG org.apache.http.wire -- http-outgoing-5 >> "[\r][\n]"
17:19:17.595 [Test worker] DEBUG org.apache.http.wire -- http-outgoing-5 >> "{"username":"usuario_no_existe","password":"wrong_password"}"
17:19:17.750 [Test worker] DEBUG org.apache.http.wire -- http-outgoing-5 << "HTTP/1.1 200 OK[\r][\n]"
17:19:17.750 [Test worker] DEBUG org.apache.http.wire -- http-outgoing-5 << "content-type: application/json[\r][\n]"
17:19:17.750 [Test worker] DEBUG org.apache.http.wire -- http-outgoing-5 << "vary: Accept-Encoding[\r][\n]"
17:19:17.751 [Test worker] DEBUG org.apache.http.wire -- http-outgoing-5 << "content-encoding: gzip[\r][\n]"
17:19:17.751 [Test worker] DEBUG org.apache.http.wire -- http-outgoing-5 << "x-cloud-trace-context: dbfe89401820ea96643f72d2455a0614[\r][\n]"
17:19:17.751 [Test worker] DEBUG org.apache.http.wire -- http-outgoing-5 << "date: Tue, 25 Nov 2025 22:19:17 GMT[\r][\n]"
17:19:17.751 [Test worker] DEBUG org.apache.http.wire -- http-outgoing-5 << "server: Google Frontend[\r][\n]"
17:19:17.751 [Test worker] DEBUG org.apache.http.wire -- http-outgoing-5 << "Transfer-Encoding: chunked[\r][\n]"
17:19:17.751 [Test worker] DEBUG org.apache.http.wire -- http-outgoing-5 << "[\r][\n]"
17:19:17.751 [Test worker] DEBUG org.apache.http.wire -- http-outgoing-5 << "00000001[\r][\n]"
17:19:17.751 [Test worker] DEBUG org.apache.http.wire -- http-outgoing-5 << "[0x1f][\r][\n]"
17:19:17.751 [Test worker] DEBUG org.apache.http.wire -- http-outgoing-5 << "00000001[\r][\n]"
17:19:17.751 [Test worker] DEBUG org.apache.http.wire -- http-outgoing-5 << "[0x8b][\r][\n]"
17:19:17.751 [Test worker] DEBUG org.apache.http.wire -- http-outgoing-5 << "00000001[\r][\n]"
17:19:17.752 [Test worker] DEBUG org.apache.http.wire -- http-outgoing-5 << "[0x8][\r][\n]"
17:19:17.752 [Test worker] DEBUG org.apache.http.wire -- http-outgoing-5 << "00000001[\r][\n]"
17:19:17.752 [Test worker] DEBUG org.apache.http.wire -- http-outgoing-5 << "[0x0][\r][\n]"
17:19:17.752 [Test worker] DEBUG org.apache.http.wire -- http-outgoing-5 << "00000001[\r][\n]"
17:19:17.752 [Test worker] DEBUG org.apache.http.wire -- http-outgoing-5 << "[0x0][\r][\n]"
17:19:17.752 [Test worker] DEBUG org.apache.http.wire -- http-outgoing-5 << "00000001[\r][\n]"
17:19:17.752 [Test worker] DEBUG org.apache.http.wire -- http-outgoing-5 << "[0x0][\r][\n]"
17:19:17.752 [Test worker] DEBUG org.apache.http.wire -- http-outgoing-5 << "00000001[\r][\n]"
17:19:17.752 [Test worker] DEBUG org.apache.http.wire -- http-outgoing-5 << "[0x0][\r][\n]"
17:19:17.752 [Test worker] DEBUG org.apache.http.wire -- http-outgoing-5 << "00000001[\r][\n]"
17:19:17.752 [Test worker] DEBUG org.apache.http.wire -- http-outgoing-5 << "[0x0][\r][\n]"
17:19:17.752 [Test worker] DEBUG org.apache.http.wire -- http-outgoing-5 << "00000001[\r][\n]"
17:19:17.752 [Test worker] DEBUG org.apache.http.wire -- http-outgoing-5 << "[0x4][\r][\n]"
17:19:17.752 [Test worker] DEBUG org.apache.http.wire -- http-outgoing-5 << "00000001[\r][\n]"
17:19:17.752 [Test worker] DEBUG org.apache.http.wire -- http-outgoing-5 << "[0x3][\r][\n]"
17:19:17.752 [Test worker] DEBUG org.apache.http.wire -- http-outgoing-5 << "00000001[\r][\n]"
17:19:17.752 [Test worker] DEBUG org.apache.http.wire -- http-outgoing-5 << "[0xaa][\r][\n]"
17:19:17.752 [Test worker] DEBUG org.apache.http.wire -- http-outgoing-5 << "00000001[\r][\n]"
17:19:17.753 [Test worker] DEBUG org.apache.http.wire -- http-outgoing-5 << "V[\r][\n]"
17:19:17.753 [Test worker] DEBUG org.apache.http.wire -- http-outgoing-5 << "00000001[\r][\n]"
17:19:17.753 [Test worker] DEBUG org.apache.http.wire -- http-outgoing-5 << "J[\r][\n]"
17:19:17.753 [Test worker] DEBUG org.apache.http.wire -- http-outgoing-5 << "00000001[\r][\n]"
17:19:17.753 [Test worker] DEBUG org.apache.http.wire -- http-outgoing-5 << "-[\r][\n]"
17:19:17.753 [Test worker] DEBUG org.apache.http.wire -- http-outgoing-5 << "00000001[\r][\n]"
17:19:17.753 [Test worker] DEBUG org.apache.http.wire -- http-outgoing-5 << "*[\r][\n]"
17:19:17.753 [Test worker] DEBUG org.apache.http.wire -- http-outgoing-5 << "00000001[\r][\n]"
17:19:17.753 [Test worker] DEBUG org.apache.http.wire -- http-outgoing-5 << "[0xca][\r][\n]"
17:19:17.753 [Test worker] DEBUG org.apache.http.wire -- http-outgoing-5 << "00000001[\r][\n]"
17:19:17.753 [Test worker] DEBUG org.apache.http.wire -- http-outgoing-5 << "/[\r][\n]"
17:19:17.753 [Test worker] DEBUG org.apache.http.wire -- http-outgoing-5 << "00031[\r][\n]"
17:19:17.753 [Test worker] DEBUG org.apache.http.wire -- http-outgoing-5 << "[0xf2]M-.NLOU[0xb2]R[\n]"
17:19:17.753 [Test worker] DEBUG org.apache.http.wire -- http-outgoing-5 << "-N-RH[0xc9]O-V[0xc8][0xcb]/QH[0xad][0xc8],.[0xd1]S[0xaa][0xe5][0x2][0x0][0x0][0x0][0xff][0xff][0x3][0x0]0[0xbf]H[0xf0]([0x0][0x0][0x0][\r][\n]"
17:19:17.753 [Test worker] DEBUG org.apache.http.headers -- http-outgoing-5 << HTTP/1.1 200 OK
17:19:17.753 [Test worker] DEBUG org.apache.http.headers -- http-outgoing-5 << content-type: application/json
17:19:17.753 [Test worker] DEBUG org.apache.http.headers -- http-outgoing-5 << vary: Accept-Encoding
17:19:17.753 [Test worker] DEBUG org.apache.http.headers -- http-outgoing-5 << content-encoding: gzip
17:19:17.753 [Test worker] DEBUG org.apache.http.headers -- http-outgoing-5 << x-cloud-trace-context: dbfe89401820ea96643f72d2455a0614
17:19:17.753 [Test worker] DEBUG org.apache.http.headers -- http-outgoing-5 << date: Tue, 25 Nov 2025 22:19:17 GMT
17:19:17.753 [Test worker] DEBUG org.apache.http.headers -- http-outgoing-5 << server: Google Frontend
17:19:17.753 [Test worker] DEBUG org.apache.http.headers -- http-outgoing-5 << Transfer-Encoding: chunked
17:19:17.753 [Test worker] DEBUG org.apache.http.impl.execchain.MainClientExec -- Connection can be kept alive indefinitely
17:19:17.754 [Test worker] DEBUG org.apache.http.impl.conn.DefaultManagedHttpClientConnection -- http-outgoing-5: Close connection
17:19:17.755 [Test worker] DEBUG org.apache.http.impl.execchain.MainClientExec -- Connection discarded
17:19:17.755 [Test worker] DEBUG org.apache.http.impl.conn.PoolingHttpClientConnectionManager -- Connection released: [id: 5][route: {s}->https://api.demoblaze.com:443][total available: 0; route allocated: 0 of 5; total allocated: 0 of 10]
17:19:17.755 [Test worker] DEBUG org.apache.http.impl.conn.PoolingHttpClientConnectionManager -- Connection manager is shutting down
17:19:17.755 [Test worker] DEBUG org.apache.http.impl.conn.PoolingHttpClientConnectionManager -- Connection manager shut down
17:19:17.755 [Test worker] DEBUG com.intuit.karate -- response time in milliseconds: 253
1 < 200
1 < content-type: application/json
1 < vary: Accept-Encoding
1 < x-cloud-trace-context: dbfe89401820ea96643f72d2455a0614
1 < date: Tue, 25 Nov 2025 22:19:17 GMT
1 < server: Google Frontend
1 < Transfer-Encoding: chunked
{"errorMessage":"User does not exist."}


17:19:17.757 [Test worker] DEBUG com.jayway.jsonpath.internal.path.CompiledPath -- Evaluating path: $
17:19:17.818 [Test worker] DEBUG org.thymeleaf.TemplateEngine -- [THYMELEAF] INITIALIZING TEMPLATE ENGINE
17:19:17.987 [Test worker] DEBUG org.thymeleaf.TemplateEngine.CONFIG -- Initializing Thymeleaf Template engine configuration...
[THYMELEAF] TEMPLATE ENGINE CONFIGURATION:
[THYMELEAF] * Thymeleaf version: 3.1.2.RELEASE (built 2023-07-30T19:25:50+0000)
[THYMELEAF] * Cache Manager implementation: org.thymeleaf.cache.StandardCacheManager
[THYMELEAF] * Template resolvers:
[THYMELEAF]     * [1] com.intuit.karate.template.ResourceHtmlTemplateResolver
[THYMELEAF] * Message resolvers:
[THYMELEAF]     * org.thymeleaf.messageresolver.StandardMessageResolver
[THYMELEAF] * Link builders:
[THYMELEAF]     * org.thymeleaf.linkbuilder.StandardLinkBuilder
[THYMELEAF] * Dialect [1 of 2]: Standard (com.intuit.karate.template.KarateStandardDialect)
[THYMELEAF]     * Prefix: "th"
[THYMELEAF]     * Processors for Template Mode: HTML
[THYMELEAF]         * Element Tag Processors by [matching element and attribute name] [precedence]:
[THYMELEAF]             * [* {th:include,data-th-include}] [100]: org.thymeleaf.standard.processor.StandardIncludeTagProcessor
[THYMELEAF]             * [* {th:insert,data-th-insert}] [100]: org.thymeleaf.standard.processor.StandardInsertTagProcessor
[THYMELEAF]             * [* {th:replace,data-th-replace}] [100]: org.thymeleaf.standard.processor.StandardReplaceTagProcessor
[THYMELEAF]             * [* {th:each,data-th-each}] [200]: com.intuit.karate.template.KarateEachTagProcessor
[THYMELEAF]             * [* {th:switch,data-th-switch}] [250]: org.thymeleaf.standard.processor.StandardSwitchTagProcessor
[THYMELEAF]             * [* {th:case,data-th-case}] [275]: org.thymeleaf.standard.processor.StandardCaseTagProcessor
[THYMELEAF]             * [* {th:if,data-th-if}] [300]: org.thymeleaf.standard.processor.StandardIfTagProcessor
[THYMELEAF]             * [* {th:unless,data-th-unless}] [400]: org.thymeleaf.standard.processor.StandardUnlessTagProcessor
[THYMELEAF]             * [* {th:object,data-th-object}] [500]: org.thymeleaf.standard.processor.StandardObjectTagProcessor
[THYMELEAF]             * [* {th:with,data-th-with}] [600]: com.intuit.karate.template.KarateWithTagProcessor
[THYMELEAF]             * [* {th:attr,data-th-attr}] [700]: com.intuit.karate.template.KarateAttributeTagProcessor.KarateAttrTagProcessor
[THYMELEAF]             * [* {th:attrappend,data-th-attrappend}] [900]: com.intuit.karate.template.KarateAttributeTagProcessor.KarateAttrappendTagProcessor
[THYMELEAF]             * [* {th:attrprepend,data-th-attrprepend}] [900]: com.intuit.karate.template.KarateAttributeTagProcessor.KarateAttrprependTagProcessor
[THYMELEAF]             * [* {th:alt-title,data-th-alt-title}] [990]: org.thymeleaf.standard.processor.StandardAltTitleTagProcessor
[THYMELEAF]             * [* {th:lang-xmllang,data-th-lang-xmllang}] [990]: org.thymeleaf.standard.processor.StandardLangXmlLangTagProcessor
[THYMELEAF]             * [* {th:action,data-th-action}] [1000]: org.thymeleaf.standard.processor.StandardActionTagProcessor
[THYMELEAF]             * [* {th:declare,data-th-declare}] [1000]: org.thymeleaf.standard.processor.StandardConditionalFixedValueTagProcessor
[THYMELEAF]             * [* {th:controls,data-th-controls}] [1000]: org.thymeleaf.standard.processor.StandardConditionalFixedValueTagProcessor
[THYMELEAF]             * [* {th:hidden,data-th-hidden}] [1000]: org.thymeleaf.standard.processor.StandardConditionalFixedValueTagProcessor
[THYMELEAF]             * [* {th:autofocus,data-th-autofocus}] [1000]: org.thymeleaf.standard.processor.StandardConditionalFixedValueTagProcessor
[THYMELEAF]             * [* {th:checked,data-th-checked}] [1000]: org.thymeleaf.standard.processor.StandardConditionalFixedValueTagProcessor
[THYMELEAF]             * [* {th:novalidate,data-th-novalidate}] [1000]: org.thymeleaf.standard.processor.StandardConditionalFixedValueTagProcessor
[THYMELEAF]             * [* {th:open,data-th-open}] [1000]: org.thymeleaf.standard.processor.StandardConditionalFixedValueTagProcessor
[THYMELEAF]             * [* {th:default,data-th-default}] [1000]: org.thymeleaf.standard.processor.StandardConditionalFixedValueTagProcessor
[THYMELEAF]             * [* {th:reversed,data-th-reversed}] [1000]: org.thymeleaf.standard.processor.StandardConditionalFixedValueTagProcessor
[THYMELEAF]             * [* {th:multiple,data-th-multiple}] [1000]: org.thymeleaf.standard.processor.StandardConditionalFixedValueTagProcessor
[THYMELEAF]             * [* {th:seamless,data-th-seamless}] [1000]: org.thymeleaf.standard.processor.StandardConditionalFixedValueTagProcessor
[THYMELEAF]             * [* {th:disabled,data-th-disabled}] [1000]: org.thymeleaf.standard.processor.StandardConditionalFixedValueTagProcessor
[THYMELEAF]             * [* {th:defer,data-th-defer}] [1000]: org.thymeleaf.standard.processor.StandardConditionalFixedValueTagProcessor
[THYMELEAF]             * [* {th:autoplay,data-th-autoplay}] [1000]: org.thymeleaf.standard.processor.StandardConditionalFixedValueTagProcessor
[THYMELEAF]             * [* {th:selected,data-th-selected}] [1000]: org.thymeleaf.standard.processor.StandardConditionalFixedValueTagProcessor
[THYMELEAF]             * [* {th:loop,data-th-loop}] [1000]: org.thymeleaf.standard.processor.StandardConditionalFixedValueTagProcessor
[THYMELEAF]             * [* {th:ismap,data-th-ismap}] [1000]: org.thymeleaf.standard.processor.StandardConditionalFixedValueTagProcessor
[THYMELEAF]             * [* {th:pubdate,data-th-pubdate}] [1000]: org.thymeleaf.standard.processor.StandardConditionalFixedValueTagProcessor
[THYMELEAF]             * [* {th:scoped,data-th-scoped}] [1000]: org.thymeleaf.standard.processor.StandardConditionalFixedValueTagProcessor
[THYMELEAF]             * [* {th:readonly,data-th-readonly}] [1000]: org.thymeleaf.standard.processor.StandardConditionalFixedValueTagProcessor
[THYMELEAF]             * [* {th:nowrap,data-th-nowrap}] [1000]: org.thymeleaf.standard.processor.StandardConditionalFixedValueTagProcessor
[THYMELEAF]             * [* {th:formnovalidate,data-th-formnovalidate}] [1000]: org.thymeleaf.standard.processor.StandardConditionalFixedValueTagProcessor
[THYMELEAF]             * [* {th:required,data-th-required}] [1000]: org.thymeleaf.standard.processor.StandardConditionalFixedValueTagProcessor
[THYMELEAF]             * [* {th:async,data-th-async}] [1000]: org.thymeleaf.standard.processor.StandardConditionalFixedValueTagProcessor
[THYMELEAF]             * [* {th:oncontextmenu,data-th-oncontextmenu}] [1000]: org.thymeleaf.standard.processor.StandardDOMEventAttributeTagProcessor
[THYMELEAF]             * [* {th:onchange,data-th-onchange}] [1000]: org.thymeleaf.standard.processor.StandardDOMEventAttributeTagProcessor
[THYMELEAF]             * [* {th:onsuspend,data-th-onsuspend}] [1000]: org.thymeleaf.standard.processor.StandardDOMEventAttributeTagProcessor
[THYMELEAF]             * [* {th:onclick,data-th-onclick}] [1000]: org.thymeleaf.standard.processor.StandardDOMEventAttributeTagProcessor
[THYMELEAF]             * [* {th:onformchange,data-th-onformchange}] [1000]: org.thymeleaf.standard.processor.StandardDOMEventAttributeTagProcessor
[THYMELEAF]             * [* {th:ondrop,data-th-ondrop}] [1000]: org.thymeleaf.standard.processor.StandardDOMEventAttributeTagProcessor
[THYMELEAF]             * [* {th:onerror,data-th-onerror}] [1000]: org.thymeleaf.standard.processor.StandardDOMEventAttributeTagProcessor
[THYMELEAF]             * [* {th:onselect,data-th-onselect}] [1000]: org.thymeleaf.standard.processor.StandardDOMEventAttributeTagProcessor
[THYMELEAF]             * [* {th:onemptied,data-th-onemptied}] [1000]: org.thymeleaf.standard.processor.StandardDOMEventAttributeTagProcessor
[THYMELEAF]             * [* {th:ondrag,data-th-ondrag}] [1000]: org.thymeleaf.standard.processor.StandardDOMEventAttributeTagProcessor
[THYMELEAF]             * [* {th:onpopstate,data-th-onpopstate}] [1000]: org.thymeleaf.standard.processor.StandardDOMEventAttributeTagProcessor
[THYMELEAF]             * [* {th:oncanplay,data-th-oncanplay}] [1000]: org.thymeleaf.standard.processor.StandardDOMEventAttributeTagProcessor
[THYMELEAF]             * [* {th:ononline,data-th-ononline}] [1000]: org.thymeleaf.standard.processor.StandardDOMEventAttributeTagProcessor
[THYMELEAF]             * [* {th:onkeyup,data-th-onkeyup}] [1000]: org.thymeleaf.standard.processor.StandardDOMEventAttributeTagProcessor
[THYMELEAF]             * [* {th:onmousemove,data-th-onmousemove}] [1000]: org.thymeleaf.standard.processor.StandardDOMEventAttributeTagProcessor
[THYMELEAF]             * [* {th:onredo,data-th-onredo}] [1000]: org.thymeleaf.standard.processor.StandardDOMEventAttributeTagProcessor
[THYMELEAF]             * [* {th:onvolumechange,data-th-onvolumechange}] [1000]: org.thymeleaf.standard.processor.StandardDOMEventAttributeTagProcessor
[THYMELEAF]             * [* {th:onplay,data-th-onplay}] [1000]: org.thymeleaf.standard.processor.StandardDOMEventAttributeTagProcessor
[THYMELEAF]             * [* {th:onkeypress,data-th-onkeypress}] [1000]: org.thymeleaf.standard.processor.StandardDOMEventAttributeTagProcessor
[THYMELEAF]             * [* {th:onplaying,data-th-onplaying}] [1000]: org.thymeleaf.standard.processor.StandardDOMEventAttributeTagProcessor
[THYMELEAF]             * [* {th:onfocus,data-th-onfocus}] [1000]: org.thymeleaf.standard.processor.StandardDOMEventAttributeTagProcessor
[THYMELEAF]             * [* {th:onundo,data-th-onundo}] [1000]: org.thymeleaf.standard.processor.StandardDOMEventAttributeTagProcessor
[THYMELEAF]             * [* {th:ondragover,data-th-ondragover}] [1000]: org.thymeleaf.standard.processor.StandardDOMEventAttributeTagProcessor
[THYMELEAF]             * [* {th:onafterprint,data-th-onafterprint}] [1000]: org.thymeleaf.standard.processor.StandardDOMEventAttributeTagProcessor
[THYMELEAF]             * [* {th:onresize,data-th-onresize}] [1000]: org.thymeleaf.standard.processor.StandardDOMEventAttributeTagProcessor
[...]
17:19:19.567 [Test worker] DEBUG org.apache.velocity.macro -- added VM includeLead: source=org.apache.velocity.Template@75f2ff80
17:19:19.568 [Test worker] DEBUG org.apache.velocity.loader -- ResourceManager: found /templates/macros/page/lead.vm with loader org.apache.velocity.runtime.resource.loader.ClasspathResourceLoader
17:19:19.569 [Test worker] DEBUG org.apache.velocity.macro -- added VM includeNavigation: source=org.apache.velocity.Template@37083af6
17:19:19.569 [Test worker] DEBUG org.apache.velocity.loader -- ResourceManager: found /templates/macros/page/navigation.vm with loader org.apache.velocity.runtime.resource.loader.ClasspathResourceLoader
17:19:19.570 [Test worker] DEBUG org.apache.velocity.macro -- added VM includeReportInfo: source=org.apache.velocity.Template@6a63ff31
17:19:19.570 [Test worker] DEBUG org.apache.velocity.loader -- ResourceManager: found /templates/macros/page/reportInfo.vm with loader org.apache.velocity.runtime.resource.loader.ClasspathResourceLoader
17:19:19.571 [Test worker] DEBUG org.apache.velocity.macro -- added VM includeTitle: source=org.apache.velocity.Template@788a0513
17:19:19.572 [Test worker] DEBUG org.apache.velocity.loader -- ResourceManager: found /templates/macros/page/title.vm with loader org.apache.velocity.runtime.resource.loader.ClasspathResourceLoader
17:19:19.573 [Test worker] DEBUG org.apache.velocity.macro -- added VM includeExpandingButtons: source=org.apache.velocity.Template@1a85e86e
17:19:19.573 [Test worker] DEBUG org.apache.velocity.loader -- ResourceManager: found /templates/macros/report/expandAllButtons.vm with loader org.apache.velocity.runtime.resource.loader.ClasspathResourceLoader
17:19:19.575 [Test worker] DEBUG org.apache.velocity.macro -- added VM includeReportTable: source=org.apache.velocity.Template@25435731
17:19:19.575 [Test worker] DEBUG org.apache.velocity.loader -- ResourceManager: found /templates/macros/report/reportTable.vm with loader org.apache.velocity.runtime.resource.loader.ClasspathResourceLoader
17:19:19.576 [Test worker] DEBUG org.apache.velocity.macro -- added VM includeReportHeader: source=org.apache.velocity.Template@5ef591af
17:19:19.576 [Test worker] DEBUG org.apache.velocity.loader -- ResourceManager: found /templates/macros/report/reportHeader.vm with loader org.apache.velocity.runtime.resource.loader.ClasspathResourceLoader
17:19:19.578 [Test worker] DEBUG org.apache.velocity.macro -- added VM includeStatsTable: source=org.apache.velocity.Template@1ecec098
17:19:19.578 [Test worker] DEBUG org.apache.velocity.loader -- ResourceManager: found /templates/macros/report/statsTable.vm with loader org.apache.velocity.runtime.resource.loader.ClasspathResourceLoader
17:19:19.579 [Test worker] DEBUG org.apache.velocity.macro -- added VM includeBrief: source=org.apache.velocity.Template@21d3d6ec
17:19:19.580 [Test worker] DEBUG org.apache.velocity.loader -- ResourceManager: found /templates/macros/json/brief.vm with loader org.apache.velocity.runtime.resource.loader.ClasspathResourceLoader
17:19:19.581 [Test worker] DEBUG org.apache.velocity.macro -- added VM includeDocString: source=org.apache.velocity.Template@694b1ddb
17:19:19.581 [Test worker] DEBUG org.apache.velocity.loader -- ResourceManager: found /templates/macros/json/docstring.vm with loader org.apache.velocity.runtime.resource.loader.ClasspathResourceLoader
17:19:19.581 [Test worker] DEBUG org.apache.velocity.macro -- added VM includeDuration: source=org.apache.velocity.Template@4d2bc56a
17:19:19.582 [Test worker] DEBUG org.apache.velocity.loader -- ResourceManager: found /templates/macros/json/duration.vm with loader org.apache.velocity.runtime.resource.loader.ClasspathResourceLoader
17:19:19.583 [Test worker] DEBUG org.apache.velocity.macro -- added VM includeElement: source=org.apache.velocity.Template@2f112ade
17:19:19.583 [Test worker] DEBUG org.apache.velocity.loader -- ResourceManager: found /templates/macros/json/element.vm with loader org.apache.velocity.runtime.resource.loader.ClasspathResourceLoader
17:19:19.587 [Test worker] DEBUG org.apache.velocity.macro -- added VM includeEmbeddings: source=org.apache.velocity.Template@446a5aa5
17:19:19.587 [Test worker] DEBUG org.apache.velocity.macro -- added VM includeHtmlEmbedding: source=org.apache.velocity.Template@446a5aa5
17:19:19.589 [Test worker] DEBUG org.apache.velocity.macro -- added VM includeVideoEmbedding: source=org.apache.velocity.Template@446a5aa5
17:19:19.589 [Test worker] DEBUG org.apache.velocity.macro -- added VM includeImageEmbedding: source=org.apache.velocity.Template@446a5aa5
17:19:19.589 [Test worker] DEBUG org.apache.velocity.macro -- added VM includeImageReferenceEmbedding: source=org.apache.velocity.Template@446a5aa5
17:19:19.589 [Test worker] DEBUG org.apache.velocity.macro -- added VM includeTextEmbedding: source=org.apache.velocity.Template@446a5aa5
17:19:19.590 [Test worker] DEBUG org.apache.velocity.macro -- added VM includeUnknownEmbedding: source=org.apache.velocity.Template@446a5aa5
17:19:19.590 [Test worker] DEBUG org.apache.velocity.loader -- ResourceManager: found /templates/macros/json/embeddings.vm with loader org.apache.velocity.runtime.resource.loader.ClasspathResourceLoader
17:19:19.593 [Test worker] DEBUG org.apache.velocity.macro -- added VM includeHooks: source=org.apache.velocity.Template@20c283b4
17:19:19.593 [Test worker] DEBUG org.apache.velocity.loader -- ResourceManager: found /templates/macros/json/hooks.vm with loader org.apache.velocity.runtime.resource.loader.ClasspathResourceLoader
17:19:19.595 [Test worker] DEBUG org.apache.velocity.macro -- added VM includeOutput: source=org.apache.velocity.Template@70819ba8
17:19:19.595 [Test worker] DEBUG org.apache.velocity.loader -- ResourceManager: found /templates/macros/json/output.vm with loader org.apache.velocity.runtime.resource.loader.ClasspathResourceLoader
17:19:19.596 [Test worker] DEBUG org.apache.velocity.macro -- added VM includeMessage: source=org.apache.velocity.Template@a30dbc0
17:19:19.596 [Test worker] DEBUG org.apache.velocity.loader -- ResourceManager: found /templates/macros/json/message.vm with loader org.apache.velocity.runtime.resource.loader.ClasspathResourceLoader
17:19:19.599 [Test worker] DEBUG org.apache.velocity.macro -- added VM includeSteps: source=org.apache.velocity.Template@3f9e8af5
17:19:19.599 [Test worker] DEBUG org.apache.velocity.loader -- ResourceManager: found /templates/macros/json/steps.vm with loader org.apache.velocity.runtime.resource.loader.ClasspathResourceLoader
17:19:19.601 [Test worker] DEBUG org.apache.velocity.macro -- added VM includeStepName: source=org.apache.velocity.Template@59929ac
17:19:19.601 [Test worker] DEBUG org.apache.velocity.loader -- ResourceManager: found /templates/macros/json/stepName.vm with loader org.apache.velocity.runtime.resource.loader.ClasspathResourceLoader
17:19:19.601 [Test worker] DEBUG org.apache.velocity.macro -- added VM includeTags: source=org.apache.velocity.Template@665b441e
17:19:19.601 [Test worker] DEBUG org.apache.velocity.loader -- ResourceManager: found /templates/macros/json/tags.vm with loader org.apache.velocity.runtime.resource.loader.ClasspathResourceLoader
17:19:19.604 [Test worker] DEBUG org.apache.velocity.loader -- ResourceManager: found /templates/footer.vm with loader org.apache.velocity.runtime.resource.loader.ClasspathResourceLoader
17:19:19.605 [Test worker] DEBUG org.apache.velocity -- Initializing Velocity, Calling init()...
17:19:19.605 [Test worker] DEBUG org.apache.velocity -- Starting Apache Velocity v2.3
17:19:19.606 [Test worker] DEBUG org.apache.velocity -- Default Properties resource: org/apache/velocity/runtime/defaults/velocity.properties
17:19:19.606 [Test worker] DEBUG org.apache.velocity -- ResourceLoader instantiated: org.apache.velocity.runtime.resource.loader.ClasspathResourceLoader
17:19:19.606 [Test worker] DEBUG org.apache.velocity -- initialized (class org.apache.velocity.runtime.resource.ResourceCacheImpl) with class java.util.Collections$SynchronizedMap cache map.
17:19:19.606 [Test worker] DEBUG org.apache.velocity -- Loaded System Directive: org.apache.velocity.runtime.directive.Stop
17:19:19.606 [Test worker] DEBUG org.apache.velocity -- Loaded System Directive: org.apache.velocity.runtime.directive.Define
17:19:19.606 [Test worker] DEBUG org.apache.velocity -- Loaded System Directive: org.apache.velocity.runtime.directive.Break
17:19:19.606 [Test worker] DEBUG org.apache.velocity -- Loaded System Directive: org.apache.velocity.runtime.directive.Evaluate
17:19:19.607 [Test worker] DEBUG org.apache.velocity -- Loaded System Directive: org.apache.velocity.runtime.directive.Macro
17:19:19.607 [Test worker] DEBUG org.apache.velocity -- Loaded System Directive: org.apache.velocity.runtime.directive.Parse
17:19:19.607 [Test worker] DEBUG org.apache.velocity -- Loaded System Directive: org.apache.velocity.runtime.directive.Include
17:19:19.607 [Test worker] DEBUG org.apache.velocity -- Loaded System Directive: org.apache.velocity.runtime.directive.Foreach
17:19:19.607 [Test worker] DEBUG org.apache.velocity.parser -- Created '20' parsers.
17:19:19.607 [Test worker] DEBUG org.apache.velocity.macro -- "velocimacro.library.path" is not set. Trying default library: velocimacros.vtl
17:19:19.608 [Test worker] DEBUG org.apache.velocity.loader.class -- Could not load resource 'velocimacros.vtl' from ResourceLoader org.apache.velocity.runtime.resource.loader.ClasspathResourceLoader
17:19:19.608 [Test worker] DEBUG org.apache.velocity.macro -- Default library velocimacros.vtl not found. Trying old default library: VM_global_library.vm
17:19:19.608 [Test worker] DEBUG org.apache.velocity.loader.class -- Could not load resource 'VM_global_library.vm' from ResourceLoader org.apache.velocity.runtime.resource.loader.ClasspathResourceLoader
17:19:19.608 [Test worker] DEBUG org.apache.velocity.macro -- Old default library VM_global_library.vm not found.
17:19:19.608 [Test worker] DEBUG org.apache.velocity.macro -- allowInline = true: VMs can be defined inline in templates
17:19:19.608 [Test worker] DEBUG org.apache.velocity.macro -- allowInlineToOverride = false: VMs defined inline may NOT replace previous VM definitions
17:19:19.608 [Test worker] DEBUG org.apache.velocity.macro -- allowInlineLocal = false: VMs defined inline will be global in scope if allowed.
17:19:19.608 [Test worker] DEBUG org.apache.velocity.macro -- autoload off: VM system will not automatically reload global library macros
17:19:19.611 [Test worker] DEBUG org.apache.velocity.loader -- ResourceManager: found templates/generators/overviewFailures.vm with loader org.apache.velocity.runtime.resource.loader.ClasspathResourceLoader
17:19:19.614 [Test worker] DEBUG org.apache.velocity.loader -- ResourceManager: found /templates/headers.vm with loader org.apache.velocity.runtime.resource.loader.ClasspathResourceLoader
17:19:19.615 [Test worker] DEBUG org.apache.velocity.loader -- ResourceManager: found /templates/head.vm with loader org.apache.velocity.runtime.resource.loader.ClasspathResourceLoader
17:19:19.616 [Test worker] DEBUG org.apache.velocity.macro -- added VM stringArray: source=org.apache.velocity.Template@5016f1a
17:19:19.616 [Test worker] DEBUG org.apache.velocity.macro -- added VM numberArray: source=org.apache.velocity.Template@5016f1a
17:19:19.616 [Test worker] DEBUG org.apache.velocity.loader -- ResourceManager: found /templates/macros/array.js.vm with loader org.apache.velocity.runtime.resource.loader.ClasspathResourceLoader
17:19:19.617 [Test worker] DEBUG org.apache.velocity.macro -- added VM includeBuildInfo: source=org.apache.velocity.Template@4b2acb12
17:19:19.618 [Test worker] DEBUG org.apache.velocity.loader -- ResourceManager: found /templates/macros/page/buildinfo.vm with loader org.apache.velocity.runtime.resource.loader.ClasspathResourceLoader
17:19:19.618 [Test worker] DEBUG org.apache.velocity.macro -- added VM includeClassifications: source=org.apache.velocity.Template@30333941
17:19:19.618 [Test worker] DEBUG org.apache.velocity.loader -- ResourceManager: found /templates/macros/page/classifications.vm with loader org.apache.velocity.runtime.resource.loader.ClasspathResourceLoader
17:19:19.620 [Test worker] DEBUG org.apache.velocity.macro -- added VM includeLead: source=org.apache.velocity.Template@4e02f17d
17:19:19.620 [Test worker] DEBUG org.apache.velocity.loader -- ResourceManager: found /templates/macros/page/lead.vm with loader org.apache.velocity.runtime.resource.loader.ClasspathResourceLoader
17:19:19.621 [Test worker] DEBUG org.apache.velocity.macro -- added VM includeNavigation: source=org.apache.velocity.Template@7dc92a06
17:19:19.621 [Test worker] DEBUG org.apache.velocity.loader -- ResourceManager: found /templates/macros/page/navigation.vm with loader org.apache.velocity.runtime.resource.loader.ClasspathResourceLoader
17:19:19.622 [Test worker] DEBUG org.apache.velocity.macro -- added VM includeReportInfo: source=org.apache.velocity.Template@654db80b
17:19:19.622 [Test worker] DEBUG org.apache.velocity.loader -- ResourceManager: found /templates/macros/page/reportInfo.vm with loader org.apache.velocity.runtime.resource.loader.ClasspathResourceLoader
17:19:19.622 [Test worker] DEBUG org.apache.velocity.macro -- added VM includeTitle: source=org.apache.velocity.Template@336070ab
17:19:19.622 [Test worker] DEBUG org.apache.velocity.loader -- ResourceManager: found /templates/macros/page/title.vm with loader org.apache.velocity.runtime.resource.loader.ClasspathResourceLoader
17:19:19.623 [Test worker] DEBUG org.apache.velocity.macro -- added VM includeExpandingButtons: source=org.apache.velocity.Template@20a4cba7
17:19:19.623 [Test worker] DEBUG org.apache.velocity.loader -- ResourceManager: found /templates/macros/report/expandAllButtons.vm with loader org.apache.velocity.runtime.resource.loader.ClasspathResourceLoader
17:19:19.623 [Test worker] DEBUG org.apache.velocity.macro -- added VM includeReportTable: source=org.apache.velocity.Template@282c5075
17:19:19.623 [Test worker] DEBUG org.apache.velocity.loader -- ResourceManager: found /templates/macros/report/reportTable.vm with loader org.apache.velocity.runtime.resource.loader.ClasspathResourceLoader
17:19:19.624 [Test worker] DEBUG org.apache.velocity.macro -- added VM includeReportHeader: source=org.apache.velocity.Template@433b546f
17:19:19.624 [Test worker] DEBUG org.apache.velocity.loader -- ResourceManager: found /templates/macros/report/reportHeader.vm with loader org.apache.velocity.runtime.resource.loader.ClasspathResourceLoader
17:19:19.627 [Test worker] DEBUG org.apache.velocity.macro -- added VM includeStatsTable: source=org.apache.velocity.Template@52c6e959
17:19:19.627 [Test worker] DEBUG org.apache.velocity.loader -- ResourceManager: found /templates/macros/report/statsTable.vm with loader org.apache.velocity.runtime.resource.loader.ClasspathResourceLoader
17:19:19.628 [Test worker] DEBUG org.apache.velocity.macro -- added VM includeBrief: source=org.apache.velocity.Template@dbca149
17:19:19.628 [Test worker] DEBUG org.apache.velocity.loader -- ResourceManager: found /templates/macros/json/brief.vm with loader org.apache.velocity.runtime.resource.loader.ClasspathResourceLoader
17:19:19.629 [Test worker] DEBUG org.apache.velocity.macro -- added VM includeDocString: source=org.apache.velocity.Template@484876a1
17:19:19.629 [Test worker] DEBUG org.apache.velocity.loader -- ResourceManager: found /templates/macros/json/docstring.vm with loader org.apache.velocity.runtime.resource.loader.ClasspathResourceLoader
17:19:19.631 [Test worker] DEBUG org.apache.velocity.macro -- added VM includeDuration: source=org.apache.velocity.Template@3436d3d7
17:19:19.631 [Test worker] DEBUG org.apache.velocity.loader -- ResourceManager: found /templates/macros/json/duration.vm with loader org.apache.velocity.runtime.resource.loader.ClasspathResourceLoader
17:19:19.632 [Test worker] DEBUG org.apache.velocity.macro -- added VM includeElement: source=org.apache.velocity.Template@37b470df
17:19:19.633 [Test worker] DEBUG org.apache.velocity.loader -- ResourceManager: found /templates/macros/json/element.vm with loader org.apache.velocity.runtime.resource.loader.ClasspathResourceLoader
17:19:19.635 [Test worker] DEBUG org.apache.velocity.macro -- added VM includeEmbeddings: source=org.apache.velocity.Template@1bbb48dd
17:19:19.635 [Test worker] DEBUG org.apache.velocity.macro -- added VM includeHtmlEmbedding: source=org.apache.velocity.Template@1bbb48dd
17:19:19.636 [Test worker] DEBUG org.apache.velocity.macro -- added VM includeVideoEmbedding: source=org.apache.velocity.Template@1bbb48dd
17:19:19.636 [Test worker] DEBUG org.apache.velocity.macro -- added VM includeImageEmbedding: source=org.apache.velocity.Template@1bbb48dd
17:19:19.636 [Test worker] DEBUG org.apache.velocity.macro -- added VM includeImageReferenceEmbedding: source=org.apache.velocity.Template@1bbb48dd
17:19:19.636 [Test worker] DEBUG org.apache.velocity.macro -- added VM includeTextEmbedding: source=org.apache.velocity.Template@1bbb48dd
17:19:19.636 [Test worker] DEBUG org.apache.velocity.macro -- added VM includeUnknownEmbedding: source=org.apache.velocity.Template@1bbb48dd
17:19:19.636 [Test worker] DEBUG org.apache.velocity.loader -- ResourceManager: found /templates/macros/json/embeddings.vm with loader org.apache.velocity.runtime.resource.loader.ClasspathResourceLoader
17:19:19.638 [Test worker] DEBUG org.apache.velocity.macro -- added VM includeHooks: source=org.apache.velocity.Template@7c871ce4
17:19:19.639 [Test worker] DEBUG org.apache.velocity.loader -- ResourceManager: found /templates/macros/json/hooks.vm with loader org.apache.velocity.runtime.resource.loader.ClasspathResourceLoader
17:19:19.640 [Test worker] DEBUG org.apache.velocity.macro -- added VM includeOutput: source=org.apache.velocity.Template@686fb58a
17:19:19.640 [Test worker] DEBUG org.apache.velocity.loader -- ResourceManager: found /templates/macros/json/output.vm with loader org.apache.velocity.runtime.resource.loader.ClasspathResourceLoader
17:19:19.641 [Test worker] DEBUG org.apache.velocity.macro -- added VM includeMessage: source=org.apache.velocity.Template@58afecfd
17:19:19.641 [Test worker] DEBUG org.apache.velocity.loader -- ResourceManager: found /templates/macros/json/message.vm with loader org.apache.velocity.runtime.resource.loader.ClasspathResourceLoader
17:19:19.643 [Test worker] DEBUG org.apache.velocity.macro -- added VM includeSteps: source=org.apache.velocity.Template@48144f1a
17:19:19.643 [Test worker] DEBUG org.apache.velocity.loader -- ResourceManager: found /templates/macros/json/steps.vm with loader org.apache.velocity.runtime.resource.loader.ClasspathResourceLoader
17:19:19.645 [Test worker] DEBUG org.apache.velocity.macro -- added VM includeStepName: source=org.apache.velocity.Template@4fa6fb7f
17:19:19.645 [Test worker] DEBUG org.apache.velocity.loader -- ResourceManager: found /templates/macros/json/stepName.vm with loader org.apache.velocity.runtime.resource.loader.ClasspathResourceLoader
17:19:19.646 [Test worker] DEBUG org.apache.velocity.macro -- added VM includeTags: source=org.apache.velocity.Template@1669f4e5
17:19:19.646 [Test worker] DEBUG org.apache.velocity.loader -- ResourceManager: found /templates/macros/json/tags.vm with loader org.apache.velocity.runtime.resource.loader.ClasspathResourceLoader
17:19:19.652 [Test worker] DEBUG org.apache.velocity.loader -- ResourceManager: found /templates/footer.vm with loader org.apache.velocity.runtime.resource.loader.ClasspathResourceLoader
]]></system-out>
  <system-err><![CDATA[nov. 25, 2025 5:19:18 P. M. net.masterthought.cucumber.ReportParser parseJsonFiles
INFO: File 'build\karate-reports\examples.users.users.json' contains 1 feature(s)
]]></system-err>
</testsuite>
